  [1m[35m (5.5ms)[0m  [1m[34mSELECT sqlite_version(*)[0m
  [1m[35m (138.5ms)[0m  [1m[35mCREATE TABLE "schema_migrations" ("version" varchar NOT NULL PRIMARY KEY)[0m
  [1m[35m (145.1ms)[0m  [1m[35mCREATE TABLE "ar_internal_metadata" ("key" varchar NOT NULL PRIMARY KEY, "value" varchar, "created_at" datetime(6) NOT NULL, "updated_at" datetime(6) NOT NULL)[0m
  [1m[36mActiveRecord::InternalMetadata Load (3.4ms)[0m  [1m[34mSELECT "ar_internal_metadata".* FROM "ar_internal_metadata" WHERE "ar_internal_metadata"."key" = ? LIMIT ?[0m  [["key", "environment"], ["LIMIT", 1]]
  [1m[35m (0.2ms)[0m  [1m[36mbegin transaction[0m
  [1m[36mActiveRecord::InternalMetadata Create (0.5ms)[0m  [1m[32mINSERT INTO "ar_internal_metadata" ("key", "value", "created_at", "updated_at") VALUES (?, ?, ?, ?)[0m  [["key", "environment"], ["value", "development"], ["created_at", "2021-02-12 17:09:16.947325"], ["updated_at", "2021-02-12 17:09:16.947325"]]
  [1m[35m (172.7ms)[0m  [1m[36mcommit transaction[0m
  [1m[35m (0.2ms)[0m  [1m[34mSELECT sqlite_version(*)[0m
  [1m[35m (0.4ms)[0m  [1m[34mSELECT "schema_migrations"."version" FROM "schema_migrations" ORDER BY "schema_migrations"."version" ASC[0m
  [1m[35m (3.2ms)[0m  [1m[34mSELECT sqlite_version(*)[0m
  [1m[35m (11.4ms)[0m  [1m[34mSELECT "schema_migrations"."version" FROM "schema_migrations" ORDER BY "schema_migrations"."version" ASC[0m
Migrating to DeviseCreateUsers (20210212172153)
  [1m[35m (0.1ms)[0m  [1m[36mbegin transaction[0m
  [1m[35m (6.8ms)[0m  [1m[35mCREATE TABLE "users" ("id" integer PRIMARY KEY AUTOINCREMENT NOT NULL, "email" varchar DEFAULT '' NOT NULL, "encrypted_password" varchar DEFAULT '' NOT NULL, "reset_password_token" varchar, "reset_password_sent_at" datetime, "remember_created_at" datetime, "created_at" datetime(6) NOT NULL, "updated_at" datetime(6) NOT NULL)[0m
  [1m[35m (0.4ms)[0m  [1m[35mCREATE UNIQUE INDEX "index_users_on_email" ON "users" ("email")[0m
  [1m[35m (0.3ms)[0m  [1m[35mCREATE UNIQUE INDEX "index_users_on_reset_password_token" ON "users" ("reset_password_token")[0m
  [1m[36mprimary::SchemaMigration Create (4.9ms)[0m  [1m[32mINSERT INTO "schema_migrations" ("version") VALUES (?)[0m  [["version", "20210212172153"]]
  [1m[35m (16.6ms)[0m  [1m[36mcommit transaction[0m
  [1m[36mActiveRecord::InternalMetadata Load (0.3ms)[0m  [1m[34mSELECT "ar_internal_metadata".* FROM "ar_internal_metadata" WHERE "ar_internal_metadata"."key" = ? LIMIT ?[0m  [["key", "environment"], ["LIMIT", 1]]
  [1m[35m (0.2ms)[0m  [1m[34mSELECT sqlite_version(*)[0m
  [1m[35m (0.2ms)[0m  [1m[34mSELECT "schema_migrations"."version" FROM "schema_migrations" ORDER BY "schema_migrations"."version" ASC[0m
Started GET "/" for 127.0.0.1 at 2021-02-15 10:22:30 +0100
  [1m[35m (2.9ms)[0m  [1m[34mSELECT sqlite_version(*)[0m
  [1m[35m (0.3ms)[0m  [1m[34mSELECT "schema_migrations"."version" FROM "schema_migrations" ORDER BY "schema_migrations"."version" ASC[0m
  
ActionController::RoutingError (uninitialized constant PostsController
Did you mean?  PostController):
  
actionpack (6.0.3.5) lib/action_dispatch/http/request.rb:92:in `rescue in controller_class_for'
actionpack (6.0.3.5) lib/action_dispatch/http/request.rb:88:in `controller_class_for'
actionpack (6.0.3.5) lib/action_dispatch/http/request.rb:81:in `controller_class'
actionpack (6.0.3.5) lib/action_dispatch/routing/route_set.rb:44:in `controller'
actionpack (6.0.3.5) lib/action_dispatch/routing/route_set.rb:31:in `serve'
actionpack (6.0.3.5) lib/action_dispatch/journey/router.rb:49:in `block in serve'
actionpack (6.0.3.5) lib/action_dispatch/journey/router.rb:32:in `each'
actionpack (6.0.3.5) lib/action_dispatch/journey/router.rb:32:in `serve'
actionpack (6.0.3.5) lib/action_dispatch/routing/route_set.rb:834:in `call'
warden (1.2.9) lib/warden/manager.rb:36:in `block in call'
warden (1.2.9) lib/warden/manager.rb:34:in `catch'
warden (1.2.9) lib/warden/manager.rb:34:in `call'
rack (2.2.3) lib/rack/tempfile_reaper.rb:15:in `call'
rack (2.2.3) lib/rack/etag.rb:27:in `call'
rack (2.2.3) lib/rack/conditional_get.rb:27:in `call'
rack (2.2.3) lib/rack/head.rb:12:in `call'
actionpack (6.0.3.5) lib/action_dispatch/http/content_security_policy.rb:18:in `call'
rack (2.2.3) lib/rack/session/abstract/id.rb:266:in `context'
rack (2.2.3) lib/rack/session/abstract/id.rb:260:in `call'
actionpack (6.0.3.5) lib/action_dispatch/middleware/cookies.rb:648:in `call'
activerecord (6.0.3.5) lib/active_record/migration.rb:567:in `call'
actionpack (6.0.3.5) lib/action_dispatch/middleware/callbacks.rb:27:in `block in call'
activesupport (6.0.3.5) lib/active_support/callbacks.rb:101:in `run_callbacks'
actionpack (6.0.3.5) lib/action_dispatch/middleware/callbacks.rb:26:in `call'
actionpack (6.0.3.5) lib/action_dispatch/middleware/executor.rb:14:in `call'
actionpack (6.0.3.5) lib/action_dispatch/middleware/actionable_exceptions.rb:18:in `call'
actionpack (6.0.3.5) lib/action_dispatch/middleware/debug_exceptions.rb:32:in `call'
web-console (4.1.0) lib/web_console/middleware.rb:132:in `call_app'
web-console (4.1.0) lib/web_console/middleware.rb:28:in `block in call'
web-console (4.1.0) lib/web_console/middleware.rb:17:in `catch'
web-console (4.1.0) lib/web_console/middleware.rb:17:in `call'
actionpack (6.0.3.5) lib/action_dispatch/middleware/show_exceptions.rb:33:in `call'
railties (6.0.3.5) lib/rails/rack/logger.rb:37:in `call_app'
railties (6.0.3.5) lib/rails/rack/logger.rb:26:in `block in call'
activesupport (6.0.3.5) lib/active_support/tagged_logging.rb:80:in `block in tagged'
activesupport (6.0.3.5) lib/active_support/tagged_logging.rb:28:in `tagged'
activesupport (6.0.3.5) lib/active_support/tagged_logging.rb:80:in `tagged'
railties (6.0.3.5) lib/rails/rack/logger.rb:26:in `call'
sprockets-rails (3.2.2) lib/sprockets/rails/quiet_assets.rb:13:in `call'
actionpack (6.0.3.5) lib/action_dispatch/middleware/remote_ip.rb:81:in `call'
actionpack (6.0.3.5) lib/action_dispatch/middleware/request_id.rb:27:in `call'
rack (2.2.3) lib/rack/method_override.rb:24:in `call'
rack (2.2.3) lib/rack/runtime.rb:22:in `call'
activesupport (6.0.3.5) lib/active_support/cache/strategy/local_cache_middleware.rb:29:in `call'
actionpack (6.0.3.5) lib/action_dispatch/middleware/executor.rb:14:in `call'
actionpack (6.0.3.5) lib/action_dispatch/middleware/static.rb:126:in `call'
rack (2.2.3) lib/rack/sendfile.rb:110:in `call'
actionpack (6.0.3.5) lib/action_dispatch/middleware/host_authorization.rb:82:in `call'
webpacker (4.3.0) lib/webpacker/dev_server_proxy.rb:23:in `perform_request'
rack-proxy (0.6.5) lib/rack/proxy.rb:57:in `call'
railties (6.0.3.5) lib/rails/engine.rb:527:in `call'
puma (4.3.7) lib/puma/configuration.rb:228:in `call'
puma (4.3.7) lib/puma/server.rb:713:in `handle_request'
puma (4.3.7) lib/puma/server.rb:472:in `process_client'
puma (4.3.7) lib/puma/server.rb:328:in `block in run'
puma (4.3.7) lib/puma/thread_pool.rb:134:in `block in spawn_thread'
Started GET "/" for 127.0.0.1 at 2021-02-15 10:23:40 +0100
  [1m[35m (8.8ms)[0m  [1m[34mSELECT sqlite_version(*)[0m
  
ActionController::RoutingError (uninitialized constant PostsController
Did you mean?  PostController):
  
actionpack (6.0.3.5) lib/action_dispatch/http/request.rb:92:in `rescue in controller_class_for'
actionpack (6.0.3.5) lib/action_dispatch/http/request.rb:88:in `controller_class_for'
actionpack (6.0.3.5) lib/action_dispatch/http/request.rb:81:in `controller_class'
actionpack (6.0.3.5) lib/action_dispatch/routing/route_set.rb:44:in `controller'
actionpack (6.0.3.5) lib/action_dispatch/routing/route_set.rb:31:in `serve'
actionpack (6.0.3.5) lib/action_dispatch/journey/router.rb:49:in `block in serve'
actionpack (6.0.3.5) lib/action_dispatch/journey/router.rb:32:in `each'
actionpack (6.0.3.5) lib/action_dispatch/journey/router.rb:32:in `serve'
actionpack (6.0.3.5) lib/action_dispatch/routing/route_set.rb:834:in `call'
warden (1.2.9) lib/warden/manager.rb:36:in `block in call'
warden (1.2.9) lib/warden/manager.rb:34:in `catch'
warden (1.2.9) lib/warden/manager.rb:34:in `call'
rack (2.2.3) lib/rack/tempfile_reaper.rb:15:in `call'
rack (2.2.3) lib/rack/etag.rb:27:in `call'
rack (2.2.3) lib/rack/conditional_get.rb:27:in `call'
rack (2.2.3) lib/rack/head.rb:12:in `call'
actionpack (6.0.3.5) lib/action_dispatch/http/content_security_policy.rb:18:in `call'
rack (2.2.3) lib/rack/session/abstract/id.rb:266:in `context'
rack (2.2.3) lib/rack/session/abstract/id.rb:260:in `call'
actionpack (6.0.3.5) lib/action_dispatch/middleware/cookies.rb:648:in `call'
activerecord (6.0.3.5) lib/active_record/migration.rb:567:in `call'
actionpack (6.0.3.5) lib/action_dispatch/middleware/callbacks.rb:27:in `block in call'
activesupport (6.0.3.5) lib/active_support/callbacks.rb:101:in `run_callbacks'
actionpack (6.0.3.5) lib/action_dispatch/middleware/callbacks.rb:26:in `call'
actionpack (6.0.3.5) lib/action_dispatch/middleware/executor.rb:14:in `call'
actionpack (6.0.3.5) lib/action_dispatch/middleware/actionable_exceptions.rb:18:in `call'
actionpack (6.0.3.5) lib/action_dispatch/middleware/debug_exceptions.rb:32:in `call'
web-console (4.1.0) lib/web_console/middleware.rb:132:in `call_app'
web-console (4.1.0) lib/web_console/middleware.rb:28:in `block in call'
web-console (4.1.0) lib/web_console/middleware.rb:17:in `catch'
web-console (4.1.0) lib/web_console/middleware.rb:17:in `call'
actionpack (6.0.3.5) lib/action_dispatch/middleware/show_exceptions.rb:33:in `call'
railties (6.0.3.5) lib/rails/rack/logger.rb:37:in `call_app'
railties (6.0.3.5) lib/rails/rack/logger.rb:26:in `block in call'
activesupport (6.0.3.5) lib/active_support/tagged_logging.rb:80:in `block in tagged'
activesupport (6.0.3.5) lib/active_support/tagged_logging.rb:28:in `tagged'
activesupport (6.0.3.5) lib/active_support/tagged_logging.rb:80:in `tagged'
railties (6.0.3.5) lib/rails/rack/logger.rb:26:in `call'
sprockets-rails (3.2.2) lib/sprockets/rails/quiet_assets.rb:13:in `call'
actionpack (6.0.3.5) lib/action_dispatch/middleware/remote_ip.rb:81:in `call'
actionpack (6.0.3.5) lib/action_dispatch/middleware/request_id.rb:27:in `call'
rack (2.2.3) lib/rack/method_override.rb:24:in `call'
rack (2.2.3) lib/rack/runtime.rb:22:in `call'
activesupport (6.0.3.5) lib/active_support/cache/strategy/local_cache_middleware.rb:29:in `call'
actionpack (6.0.3.5) lib/action_dispatch/middleware/executor.rb:14:in `call'
actionpack (6.0.3.5) lib/action_dispatch/middleware/static.rb:126:in `call'
rack (2.2.3) lib/rack/sendfile.rb:110:in `call'
actionpack (6.0.3.5) lib/action_dispatch/middleware/host_authorization.rb:82:in `call'
webpacker (4.3.0) lib/webpacker/dev_server_proxy.rb:23:in `perform_request'
rack-proxy (0.6.5) lib/rack/proxy.rb:57:in `call'
railties (6.0.3.5) lib/rails/engine.rb:527:in `call'
puma (4.3.7) lib/puma/configuration.rb:228:in `call'
puma (4.3.7) lib/puma/server.rb:713:in `handle_request'
puma (4.3.7) lib/puma/server.rb:472:in `process_client'
puma (4.3.7) lib/puma/server.rb:328:in `block in run'
puma (4.3.7) lib/puma/thread_pool.rb:134:in `block in spawn_thread'
Started GET "/" for 127.0.0.1 at 2021-02-15 10:35:00 +0100
  [1m[35m (0.2ms)[0m  [1m[34mSELECT sqlite_version(*)[0m
Processing by PostController#index as HTML
  Rendering post/index.html.erb within layouts/application
  [1m[36mPost Load (1.8ms)[0m  [1m[34mSELECT "posts".* FROM "posts" ORDER BY created_at DESC[0m
  â†³ app/views/post/index.html.erb:3
  Rendered post/index.html.erb within layouts/application (Duration: 80.3ms | Allocations: 2301)
Completed 500 Internal Server Error in 253ms (ActiveRecord: 1.8ms | Allocations: 4605)


  
ActionView::Template::Error (SQLite3::SQLException: no such table: posts):
    1: <h1 class="m-5 text-center w-100 text-light">All posts</h1>
    2: <div class="col-md-6">
    3:     <% @posts.each do |post| %>
    4:         <div class="card bg-light border-rounded border-info my-4">
    5:             <div class="card-title m-2 text-center">
    6:                 <p class="card-title font-weight-bold"><%= post.title %></p>
  
app/views/post/index.html.erb:3
Started GET "/" for 127.0.0.1 at 2021-02-15 10:41:26 +0100
  [1m[35m (0.2ms)[0m  [1m[34mSELECT sqlite_version(*)[0m
Processing by PostController#index as HTML
  Rendering post/index.html.erb within layouts/application
  Rendered post/index.html.erb within layouts/application (Duration: 12.4ms | Allocations: 1647)
Completed 500 Internal Server Error in 29ms (ActiveRecord: 0.0ms | Allocations: 2834)


  
ActionView::Template::Error (undefined method `each' for nil:NilClass):
    1: <h1 class="m-5 text-center w-100 text-light">All posts</h1>
    2: <div class="col-md-6">
    3:     <% @post.each do |post| %>
    4:         <div class="card bg-light border-rounded border-info my-4">
    5:             <div class="card-title m-2 text-center">
    6:                 <p class="card-title font-weight-bold"><%= post.title %></p>
  
app/views/post/index.html.erb:3
Started GET "/" for 127.0.0.1 at 2021-02-15 10:43:04 +0100
  [1m[35m (0.1ms)[0m  [1m[34mSELECT sqlite_version(*)[0m
Processing by PostController#index as HTML
  Rendering post/index.html.erb within layouts/application
  [1m[36mPost Load (4.1ms)[0m  [1m[34mSELECT "posts".* FROM "posts" ORDER BY created_at DESC[0m
  â†³ app/views/post/index.html.erb:3
  Rendered post/index.html.erb within layouts/application (Duration: 14.8ms | Allocations: 2022)
Completed 500 Internal Server Error in 28ms (ActiveRecord: 4.1ms | Allocations: 2950)


  
ActionView::Template::Error (SQLite3::SQLException: no such table: posts):
    1: <h1 class="m-5 text-center w-100 text-light">All posts</h1>
    2: <div class="col-md-6">
    3:     <% @post.each do |post| %>
    4:         <div class="card bg-light border-rounded border-info my-4">
    5:             <div class="card-title m-2 text-center">
    6:                 <p class="card-title font-weight-bold"><%= post.title %></p>
  
app/views/post/index.html.erb:3
Started GET "/" for 127.0.0.1 at 2021-02-15 11:02:23 +0100
  [1m[35m (0.2ms)[0m  [1m[34mSELECT sqlite_version(*)[0m
Processing by PostController#index as HTML
  Rendering post/index.html.erb within layouts/application
  Rendered post/index.html.erb within layouts/application (Duration: 70.3ms | Allocations: 1644)
Completed 500 Internal Server Error in 151ms (ActiveRecord: 0.0ms | Allocations: 2825)


  
ActionView::Template::Error (undefined method `each' for nil:NilClass):
    1: <h1 class="m-5 text-center w-100 text-light">All posts</h1>
    2: <div class="col-md-6">
    3:     <% @posts.each do |post| %>
    4:         <div class="card bg-light border-rounded border-info my-4">
    5:             <div class="card-title m-2 text-center">
    6:                 <p class="card-title font-weight-bold"><%= post.title %></p>
  
app/views/post/index.html.erb:3
Started GET "/" for 127.0.0.1 at 2021-02-15 11:02:55 +0100
Processing by PostController#index as HTML
  Rendering post/index.html.erb within layouts/application
  [1m[36mPost Load (5.2ms)[0m  [1m[34mSELECT "posts".* FROM "posts" ORDER BY created_at DESC[0m
  â†³ app/views/post/index.html.erb:3
  Rendered post/index.html.erb within layouts/application (Duration: 17.1ms | Allocations: 2306)
Completed 500 Internal Server Error in 32ms (ActiveRecord: 5.2ms | Allocations: 3490)


  
ActionView::Template::Error (SQLite3::SQLException: no such table: posts):
    1: <h1 class="m-5 text-center w-100 text-light">All posts</h1>
    2: <div class="col-md-6">
    3:     <% @post.each do |post| %>
    4:         <div class="card bg-light border-rounded border-info my-4">
    5:             <div class="card-title m-2 text-center">
    6:                 <p class="card-title font-weight-bold"><%= post.title %></p>
  
app/views/post/index.html.erb:3
Started GET "/" for 127.0.0.1 at 2021-02-15 11:13:36 +0100
  [1m[35m (0.2ms)[0m  [1m[34mSELECT sqlite_version(*)[0m
Processing by PostController#index as HTML
  Rendering post/index.html.erb within layouts/application
  Rendered post/index.html.erb within layouts/application (Duration: 9.9ms | Allocations: 1362)
Completed 500 Internal Server Error in 27ms (ActiveRecord: 0.0ms | Allocations: 2293)


  
ActionView::Template::Error (undefined method `each' for nil:NilClass):
    1: <h1 class="m-5 text-center w-100 text-light">All posts</h1>
    2: <div class="col-md-6">
    3:     <% @post.each do |post| %>
    4:         <div class="card bg-light border-rounded border-info my-4">
    5:             <div class="card-title m-2 text-center">
    6:                 <p class="card-title font-weight-bold"><%= post.title %></p>
  
app/views/post/index.html.erb:3
Started GET "/" for 127.0.0.1 at 2021-02-15 11:14:24 +0100
Processing by PostController#index as HTML
  Rendering post/index.html.erb within layouts/application
  [1m[36mPost Load (4.0ms)[0m  [1m[34mSELECT "posts".* FROM "posts" ORDER BY created_at DESC[0m
  â†³ app/views/post/index.html.erb:3
  Rendered post/index.html.erb within layouts/application (Duration: 16.1ms | Allocations: 2305)
Completed 500 Internal Server Error in 34ms (ActiveRecord: 4.0ms | Allocations: 3594)


  
ActionView::Template::Error (SQLite3::SQLException: no such table: posts):
    1: <h1 class="m-5 text-center w-100 text-light">All posts</h1>
    2: <div class="col-md-6">
    3:     <% @posts.each do |post| %>
    4:         <div class="card bg-light border-rounded border-info my-4">
    5:             <div class="card-title m-2 text-center">
    6:                 <p class="card-title font-weight-bold"><%= post.title %></p>
  
app/views/post/index.html.erb:3
Started GET "/" for 127.0.0.1 at 2021-02-15 11:14:41 +0100
Processing by PostController#index as HTML
  Rendering post/index.html.erb within layouts/application
  Rendered post/index.html.erb within layouts/application (Duration: 9.7ms | Allocations: 1646)
Completed 500 Internal Server Error in 26ms (ActiveRecord: 0.0ms | Allocations: 2837)


  
ActionView::Template::Error (undefined method `each' for nil:NilClass):
    1: <h1 class="m-5 text-center w-100 text-light">All posts</h1>
    2: <div class="col-md-6">
    3:     <% @post.each do |post| %>
    4:         <div class="card bg-light border-rounded border-info my-4">
    5:             <div class="card-title m-2 text-center">
    6:                 <p class="card-title font-weight-bold"><%= post.title %></p>
  
app/views/post/index.html.erb:3
Started GET "/" for 127.0.0.1 at 2021-02-15 11:17:31 +0100
Processing by PostController#index as HTML
  Rendering post/index.html.erb within layouts/application
  Rendered post/index.html.erb within layouts/application (Duration: 6.9ms | Allocations: 1391)
Completed 500 Internal Server Error in 21ms (ActiveRecord: 0.0ms | Allocations: 1744)


  
ActionView::Template::Error (undefined method `each' for nil:NilClass):
    1: <h1 class="m-5 text-center w-100 text-light">All posts</h1>
    2: <div class="col-md-6">
    3:     <% @post.each do |post| %>
    4:         <div class="card bg-light border-rounded border-info my-4">
    5:             <div class="card-title m-2 text-center">
    6:                 <p class="card-title font-weight-bold"><%= post.title %></p>
  
app/views/post/index.html.erb:3
Started GET "/" for 127.0.0.1 at 2021-02-15 11:18:16 +0100
  [1m[35m (0.5ms)[0m  [1m[34mSELECT sqlite_version(*)[0m
Processing by PostController#index as HTML
  Rendering post/index.html.erb within layouts/application
  [1m[36mPost Load (3.9ms)[0m  [1m[34mSELECT "posts".* FROM "posts" ORDER BY created_at DESC[0m
  â†³ app/views/post/index.html.erb:3
  Rendered post/index.html.erb within layouts/application (Duration: 11.7ms | Allocations: 2023)
Completed 500 Internal Server Error in 33ms (ActiveRecord: 3.9ms | Allocations: 2951)


  
ActionView::Template::Error (SQLite3::SQLException: no such table: posts):
    1: <h1 class="m-5 text-center w-100 text-light">All posts</h1>
    2: <div class="col-md-6">
    3:     <% @post.each do |post| %>
    4:         <div class="card bg-light border-rounded border-info my-4">
    5:             <div class="card-title m-2 text-center">
    6:                 <p class="card-title font-weight-bold"><%= post.title %></p>
  
app/views/post/index.html.erb:3
  [1m[35m (1.3ms)[0m  [1m[34mSELECT sqlite_version(*)[0m
  [1m[35m (0.3ms)[0m  [1m[34mSELECT "schema_migrations"."version" FROM "schema_migrations" ORDER BY "schema_migrations"."version" ASC[0m
  [1m[36mActiveRecord::InternalMetadata Load (1.6ms)[0m  [1m[34mSELECT "ar_internal_metadata".* FROM "ar_internal_metadata" WHERE "ar_internal_metadata"."key" = ? LIMIT ?[0m  [["key", "environment"], ["LIMIT", 1]]
  [1m[35m (0.1ms)[0m  [1m[34mSELECT sqlite_version(*)[0m
  [1m[35m (0.2ms)[0m  [1m[34mSELECT "schema_migrations"."version" FROM "schema_migrations" ORDER BY "schema_migrations"."version" ASC[0m
Started GET "/" for 127.0.0.1 at 2021-02-15 11:36:56 +0100
  [1m[35m (1.2ms)[0m  [1m[34mSELECT sqlite_version(*)[0m
  [1m[35m (3.9ms)[0m  [1m[34mSELECT "schema_migrations"."version" FROM "schema_migrations" ORDER BY "schema_migrations"."version" ASC[0m
Processing by PostController#index as HTML
  Rendering post/index.html.erb within layouts/application
  [1m[36mPost Load (1.9ms)[0m  [1m[34mSELECT "posts".* FROM "posts" ORDER BY created_at DESC[0m
  â†³ app/views/post/index.html.erb:3
  Rendered post/index.html.erb within layouts/application (Duration: 23.6ms | Allocations: 2733)
Completed 500 Internal Server Error in 137ms (ActiveRecord: 1.9ms | Allocations: 5285)


  
ActionView::Template::Error (SQLite3::SQLException: no such table: posts):
    1: <h1 class="m-5 text-center w-100 text-light">All posts</h1>
    2: <div class="col-md-6">
    3:     <% @post.each do |post| %>
    4:         <div class="card bg-light border-rounded border-info my-4">
    5:             <div class="card-title m-2 text-center">
    6:                 <p class="card-title font-weight-bold"><%= post.title %></p>
  
app/views/post/index.html.erb:3
  [1m[35m (1.3ms)[0m  [1m[34mSELECT sqlite_version(*)[0m
  [1m[35m (0.3ms)[0m  [1m[34mSELECT "schema_migrations"."version" FROM "schema_migrations" ORDER BY "schema_migrations"."version" ASC[0m
  [1m[35m (0.9ms)[0m  [1m[34mSELECT "ar_internal_metadata"."value" FROM "ar_internal_metadata" WHERE "ar_internal_metadata"."key" = ?[0m  [["key", "environment"]]
  [1m[35m (0.1ms)[0m  [1m[34mSELECT "schema_migrations"."version" FROM "schema_migrations" ORDER BY "schema_migrations"."version" ASC[0m
  [1m[35m (0.1ms)[0m  [1m[34mSELECT "ar_internal_metadata"."value" FROM "ar_internal_metadata" WHERE "ar_internal_metadata"."key" = ?[0m  [["key", "environment"]]
  [1m[35m (0.1ms)[0m  [1m[34mSELECT "schema_migrations"."version" FROM "schema_migrations" ORDER BY "schema_migrations"."version" ASC[0m
  [1m[35m (0.2ms)[0m  [1m[34mSELECT "ar_internal_metadata"."value" FROM "ar_internal_metadata" WHERE "ar_internal_metadata"."key" = ?[0m  [["key", "environment"]]
  [1m[35m (0.2ms)[0m  [1m[34mSELECT sqlite_version(*)[0m
  [1m[35m (0.1ms)[0m  [1m[34mSELECT sqlite_version(*)[0m
  [1m[35m (0.2ms)[0m  [1m[34mSELECT sqlite_version(*)[0m
  [1m[35m (0.2ms)[0m  [1m[35mDROP TABLE IF EXISTS "users"[0m
  [1m[35m (41.9ms)[0m  [1m[35mCREATE TABLE "users" ("id" integer PRIMARY KEY AUTOINCREMENT NOT NULL, "email" varchar DEFAULT '' NOT NULL, "encrypted_password" varchar DEFAULT '' NOT NULL, "reset_password_token" varchar, "reset_password_sent_at" datetime, "remember_created_at" datetime, "created_at" datetime(6) NOT NULL, "updated_at" datetime(6) NOT NULL)[0m
  [1m[35m (53.2ms)[0m  [1m[35mCREATE UNIQUE INDEX "index_users_on_email" ON "users" ("email")[0m
  [1m[35m (9.3ms)[0m  [1m[35mCREATE UNIQUE INDEX "index_users_on_reset_password_token" ON "users" ("reset_password_token")[0m
  [1m[35m (49.1ms)[0m  [1m[35mCREATE TABLE "schema_migrations" ("version" varchar NOT NULL PRIMARY KEY)[0m
  [1m[35m (0.1ms)[0m  [1m[34mSELECT "schema_migrations"."version" FROM "schema_migrations" ORDER BY "schema_migrations"."version" ASC[0m
  [1m[35m (50.6ms)[0m  [1m[32mINSERT INTO "schema_migrations" (version) VALUES (20210212172153)[0m
  [1m[35m (45.5ms)[0m  [1m[35mCREATE TABLE "ar_internal_metadata" ("key" varchar NOT NULL PRIMARY KEY, "value" varchar, "created_at" datetime(6) NOT NULL, "updated_at" datetime(6) NOT NULL)[0m
  [1m[36mActiveRecord::InternalMetadata Load (2.4ms)[0m  [1m[34mSELECT "ar_internal_metadata".* FROM "ar_internal_metadata" WHERE "ar_internal_metadata"."key" = ? LIMIT ?[0m  [["key", "environment"], ["LIMIT", 1]]
  [1m[35m (0.2ms)[0m  [1m[36mbegin transaction[0m
  [1m[36mActiveRecord::InternalMetadata Create (1.5ms)[0m  [1m[32mINSERT INTO "ar_internal_metadata" ("key", "value", "created_at", "updated_at") VALUES (?, ?, ?, ?)[0m  [["key", "environment"], ["value", "development"], ["created_at", "2021-02-15 11:03:20.955971"], ["updated_at", "2021-02-15 11:03:20.955971"]]
  [1m[35m (115.6ms)[0m  [1m[36mcommit transaction[0m
  [1m[36mActiveRecord::InternalMetadata Load (0.1ms)[0m  [1m[34mSELECT "ar_internal_metadata".* FROM "ar_internal_metadata" WHERE "ar_internal_metadata"."key" = ? LIMIT ?[0m  [["key", "environment"], ["LIMIT", 1]]
  [1m[36mActiveRecord::InternalMetadata Load (0.1ms)[0m  [1m[34mSELECT "ar_internal_metadata".* FROM "ar_internal_metadata" WHERE "ar_internal_metadata"."key" = ? LIMIT ?[0m  [["key", "schema_sha1"], ["LIMIT", 1]]
  [1m[35m (0.1ms)[0m  [1m[36mbegin transaction[0m
  [1m[36mActiveRecord::InternalMetadata Create (0.4ms)[0m  [1m[32mINSERT INTO "ar_internal_metadata" ("key", "value", "created_at", "updated_at") VALUES (?, ?, ?, ?)[0m  [["key", "schema_sha1"], ["value", "76fc0e3f54ad106232a6176f7868d71964c096ce"], ["created_at", "2021-02-15 11:03:21.231989"], ["updated_at", "2021-02-15 11:03:21.231989"]]
  [1m[35m (103.1ms)[0m  [1m[36mcommit transaction[0m
  [1m[35m (0.2ms)[0m  [1m[34mSELECT sqlite_version(*)[0m
  [1m[35m (0.2ms)[0m  [1m[35mDROP TABLE IF EXISTS "users"[0m
  [1m[35m (12.3ms)[0m  [1m[35mCREATE TABLE "users" ("id" integer PRIMARY KEY AUTOINCREMENT NOT NULL, "email" varchar DEFAULT '' NOT NULL, "encrypted_password" varchar DEFAULT '' NOT NULL, "reset_password_token" varchar, "reset_password_sent_at" datetime, "remember_created_at" datetime, "created_at" datetime(6) NOT NULL, "updated_at" datetime(6) NOT NULL)[0m
  [1m[35m (20.6ms)[0m  [1m[35mCREATE UNIQUE INDEX "index_users_on_email" ON "users" ("email")[0m
  [1m[35m (18.3ms)[0m  [1m[35mCREATE UNIQUE INDEX "index_users_on_reset_password_token" ON "users" ("reset_password_token")[0m
  [1m[35m (18.4ms)[0m  [1m[35mCREATE TABLE "schema_migrations" ("version" varchar NOT NULL PRIMARY KEY)[0m
  [1m[35m (0.2ms)[0m  [1m[34mSELECT "schema_migrations"."version" FROM "schema_migrations" ORDER BY "schema_migrations"."version" ASC[0m
  [1m[35m (32.7ms)[0m  [1m[32mINSERT INTO "schema_migrations" (version) VALUES (20210212172153)[0m
  [1m[35m (23.5ms)[0m  [1m[35mCREATE TABLE "ar_internal_metadata" ("key" varchar NOT NULL PRIMARY KEY, "value" varchar, "created_at" datetime(6) NOT NULL, "updated_at" datetime(6) NOT NULL)[0m
  [1m[36mActiveRecord::InternalMetadata Load (0.3ms)[0m  [1m[34mSELECT "ar_internal_metadata".* FROM "ar_internal_metadata" WHERE "ar_internal_metadata"."key" = ? LIMIT ?[0m  [["key", "environment"], ["LIMIT", 1]]
  [1m[35m (0.1ms)[0m  [1m[36mbegin transaction[0m
  [1m[36mActiveRecord::InternalMetadata Create (0.4ms)[0m  [1m[32mINSERT INTO "ar_internal_metadata" ("key", "value", "created_at", "updated_at") VALUES (?, ?, ?, ?)[0m  [["key", "environment"], ["value", "development"], ["created_at", "2021-02-15 11:03:21.726967"], ["updated_at", "2021-02-15 11:03:21.726967"]]
  [1m[35m (24.8ms)[0m  [1m[36mcommit transaction[0m
  [1m[36mActiveRecord::InternalMetadata Load (0.1ms)[0m  [1m[34mSELECT "ar_internal_metadata".* FROM "ar_internal_metadata" WHERE "ar_internal_metadata"."key" = ? LIMIT ?[0m  [["key", "environment"], ["LIMIT", 1]]
  [1m[35m (0.1ms)[0m  [1m[36mbegin transaction[0m
  [1m[36mActiveRecord::InternalMetadata Update (3.7ms)[0m  [1m[33mUPDATE "ar_internal_metadata" SET "value" = ?, "updated_at" = ? WHERE "ar_internal_metadata"."key" = ?[0m  [["value", "test"], ["updated_at", "2021-02-15 11:03:21.787747"], ["key", "environment"]]
  [1m[35m (26.8ms)[0m  [1m[36mcommit transaction[0m
  [1m[36mActiveRecord::InternalMetadata Load (0.2ms)[0m  [1m[34mSELECT "ar_internal_metadata".* FROM "ar_internal_metadata" WHERE "ar_internal_metadata"."key" = ? LIMIT ?[0m  [["key", "schema_sha1"], ["LIMIT", 1]]
  [1m[35m (0.1ms)[0m  [1m[36mbegin transaction[0m
  [1m[36mActiveRecord::InternalMetadata Create (0.4ms)[0m  [1m[32mINSERT INTO "ar_internal_metadata" ("key", "value", "created_at", "updated_at") VALUES (?, ?, ?, ?)[0m  [["key", "schema_sha1"], ["value", "76fc0e3f54ad106232a6176f7868d71964c096ce"], ["created_at", "2021-02-15 11:03:21.849708"], ["updated_at", "2021-02-15 11:03:21.849708"]]
  [1m[35m (8.8ms)[0m  [1m[36mcommit transaction[0m
  [1m[35m (0.2ms)[0m  [1m[34mSELECT sqlite_version(*)[0m
  [1m[35m (0.3ms)[0m  [1m[34mSELECT "schema_migrations"."version" FROM "schema_migrations" ORDER BY "schema_migrations"."version" ASC[0m
  [1m[35m (0.8ms)[0m  [1m[34mSELECT sqlite_version(*)[0m
  [1m[35m (0.3ms)[0m  [1m[34mSELECT "schema_migrations"."version" FROM "schema_migrations" ORDER BY "schema_migrations"."version" ASC[0m
  [1m[36mActiveRecord::InternalMetadata Load (0.4ms)[0m  [1m[34mSELECT "ar_internal_metadata".* FROM "ar_internal_metadata" WHERE "ar_internal_metadata"."key" = ? LIMIT ?[0m  [["key", "environment"], ["LIMIT", 1]]
  [1m[35m (0.1ms)[0m  [1m[34mSELECT sqlite_version(*)[0m
  [1m[35m (0.2ms)[0m  [1m[34mSELECT "schema_migrations"."version" FROM "schema_migrations" ORDER BY "schema_migrations"."version" ASC[0m
Started GET "/" for 127.0.0.1 at 2021-02-15 12:05:04 +0100
  [1m[35m (4.6ms)[0m  [1m[34mSELECT sqlite_version(*)[0m
  [1m[35m (0.4ms)[0m  [1m[34mSELECT "schema_migrations"."version" FROM "schema_migrations" ORDER BY "schema_migrations"."version" ASC[0m
Processing by PostController#index as HTML
  Rendering post/index.html.erb within layouts/application
  [1m[36mPost Load (1.8ms)[0m  [1m[34mSELECT "posts".* FROM "posts" ORDER BY created_at DESC[0m
  â†³ app/views/post/index.html.erb:3
  Rendered post/index.html.erb within layouts/application (Duration: 46.4ms | Allocations: 2733)
Completed 500 Internal Server Error in 177ms (ActiveRecord: 1.8ms | Allocations: 5285)


  
ActionView::Template::Error (SQLite3::SQLException: no such table: posts):
    1: <h1 class="m-5 text-center w-100 text-light">All posts</h1>
    2: <div class="col-md-6">
    3:     <% @post.each do |post| %>
    4:         <div class="card bg-light border-rounded border-info my-4">
    5:             <div class="card-title m-2 text-center">
    6:                 <p class="card-title font-weight-bold"><%= post.title %></p>
  
app/views/post/index.html.erb:3
  [1m[35m (1.4ms)[0m  [1m[34mSELECT sqlite_version(*)[0m
  [1m[35m (0.8ms)[0m  [1m[34mSELECT "schema_migrations"."version" FROM "schema_migrations" ORDER BY "schema_migrations"."version" ASC[0m
  [1m[36mActiveRecord::InternalMetadata Load (1.2ms)[0m  [1m[34mSELECT "ar_internal_metadata".* FROM "ar_internal_metadata" WHERE "ar_internal_metadata"."key" = ? LIMIT ?[0m  [["key", "environment"], ["LIMIT", 1]]
  [1m[35m (0.2ms)[0m  [1m[34mSELECT sqlite_version(*)[0m
  [1m[35m (0.2ms)[0m  [1m[34mSELECT "schema_migrations"."version" FROM "schema_migrations" ORDER BY "schema_migrations"."version" ASC[0m
  [1m[35m (1.6ms)[0m  [1m[34mSELECT sqlite_version(*)[0m
  [1m[35m (0.9ms)[0m  [1m[34mSELECT "schema_migrations"."version" FROM "schema_migrations" ORDER BY "schema_migrations"."version" ASC[0m
  [1m[35m (0.9ms)[0m  [1m[34mSELECT "ar_internal_metadata"."value" FROM "ar_internal_metadata" WHERE "ar_internal_metadata"."key" = ?[0m  [["key", "environment"]]
  [1m[35m (0.3ms)[0m  [1m[34mSELECT "schema_migrations"."version" FROM "schema_migrations" ORDER BY "schema_migrations"."version" ASC[0m
  [1m[35m (0.1ms)[0m  [1m[34mSELECT "ar_internal_metadata"."value" FROM "ar_internal_metadata" WHERE "ar_internal_metadata"."key" = ?[0m  [["key", "environment"]]
  [1m[35m (0.1ms)[0m  [1m[34mSELECT "schema_migrations"."version" FROM "schema_migrations" ORDER BY "schema_migrations"."version" ASC[0m
  [1m[35m (0.1ms)[0m  [1m[34mSELECT "ar_internal_metadata"."value" FROM "ar_internal_metadata" WHERE "ar_internal_metadata"."key" = ?[0m  [["key", "environment"]]
  [1m[35m (0.2ms)[0m  [1m[34mSELECT sqlite_version(*)[0m
  [1m[35m (0.1ms)[0m  [1m[34mSELECT sqlite_version(*)[0m
  [1m[35m (0.1ms)[0m  [1m[34mSELECT sqlite_version(*)[0m
  [1m[35m (38.7ms)[0m  [1m[35mCREATE TABLE "schema_migrations" ("version" varchar NOT NULL PRIMARY KEY)[0m
  [1m[35m (20.6ms)[0m  [1m[35mCREATE TABLE "ar_internal_metadata" ("key" varchar NOT NULL PRIMARY KEY, "value" varchar, "created_at" datetime(6) NOT NULL, "updated_at" datetime(6) NOT NULL)[0m
  [1m[35m (0.3ms)[0m  [1m[34mSELECT "schema_migrations"."version" FROM "schema_migrations" ORDER BY "schema_migrations"."version" ASC[0m
Migrating to DeviseCreateUsers (20210212172153)
  [1m[35m (0.1ms)[0m  [1m[36mbegin transaction[0m
  [1m[35m (0.8ms)[0m  [1m[35mCREATE TABLE "users" ("id" integer PRIMARY KEY AUTOINCREMENT NOT NULL, "email" varchar DEFAULT '' NOT NULL, "encrypted_password" varchar DEFAULT '' NOT NULL, "reset_password_token" varchar, "reset_password_sent_at" datetime, "remember_created_at" datetime, "created_at" datetime(6) NOT NULL, "updated_at" datetime(6) NOT NULL)[0m
  [1m[35m (3.4ms)[0m  [1m[35mCREATE UNIQUE INDEX "index_users_on_email" ON "users" ("email")[0m
  [1m[35m (0.3ms)[0m  [1m[35mCREATE UNIQUE INDEX "index_users_on_reset_password_token" ON "users" ("reset_password_token")[0m
  [1m[36mprimary::SchemaMigration Create (0.3ms)[0m  [1m[32mINSERT INTO "schema_migrations" ("version") VALUES (?)[0m  [["version", "20210212172153"]]
  [1m[35m (14.0ms)[0m  [1m[36mcommit transaction[0m
  [1m[36mActiveRecord::InternalMetadata Load (0.3ms)[0m  [1m[34mSELECT "ar_internal_metadata".* FROM "ar_internal_metadata" WHERE "ar_internal_metadata"."key" = ? LIMIT ?[0m  [["key", "environment"], ["LIMIT", 1]]
  [1m[35m (0.1ms)[0m  [1m[36mbegin transaction[0m
  [1m[36mActiveRecord::InternalMetadata Create (3.8ms)[0m  [1m[32mINSERT INTO "ar_internal_metadata" ("key", "value", "created_at", "updated_at") VALUES (?, ?, ?, ?)[0m  [["key", "environment"], ["value", "development"], ["created_at", "2021-02-15 12:01:19.880541"], ["updated_at", "2021-02-15 12:01:19.880541"]]
  [1m[35m (19.1ms)[0m  [1m[36mcommit transaction[0m
  [1m[35m (0.1ms)[0m  [1m[34mSELECT sqlite_version(*)[0m
  [1m[35m (0.2ms)[0m  [1m[34mSELECT "schema_migrations"."version" FROM "schema_migrations" ORDER BY "schema_migrations"."version" ASC[0m
Started GET "/" for 127.0.0.1 at 2021-02-15 13:02:08 +0100
  [1m[35m (1.0ms)[0m  [1m[34mSELECT sqlite_version(*)[0m
  [1m[35m (5.3ms)[0m  [1m[34mSELECT "schema_migrations"."version" FROM "schema_migrations" ORDER BY "schema_migrations"."version" ASC[0m
Processing by PostController#index as HTML
  Rendering post/index.html.erb within layouts/application
  [1m[36mPost Load (4.1ms)[0m  [1m[34mSELECT "posts".* FROM "posts" ORDER BY created_at DESC[0m
  â†³ app/views/post/index.html.erb:3
  Rendered post/index.html.erb within layouts/application (Duration: 30.8ms | Allocations: 2733)
Completed 500 Internal Server Error in 124ms (ActiveRecord: 4.1ms | Allocations: 5285)


  
ActionView::Template::Error (SQLite3::SQLException: no such table: posts):
    1: <h1 class="m-5 text-center w-100 text-light">All posts</h1>
    2: <div class="col-md-6">
    3:     <% @post.each do |post| %>
    4:         <div class="card bg-light border-rounded border-info my-4">
    5:             <div class="card-title m-2 text-center">
    6:                 <p class="card-title font-weight-bold"><%= post.title %></p>
  
app/views/post/index.html.erb:3
Started GET "/" for 127.0.0.1 at 2021-02-15 13:04:37 +0100
  [1m[35m (1.2ms)[0m  [1m[34mSELECT sqlite_version(*)[0m
  [1m[35m (0.4ms)[0m  [1m[34mSELECT "schema_migrations"."version" FROM "schema_migrations" ORDER BY "schema_migrations"."version" ASC[0m
Processing by PostController#index as HTML
  Rendering post/index.html.erb within layouts/application
  [1m[36mPost Load (5.1ms)[0m  [1m[34mSELECT "posts".* FROM "posts" ORDER BY created_at DESC[0m
  â†³ app/views/post/index.html.erb:3
  Rendered post/index.html.erb within layouts/application (Duration: 22.1ms | Allocations: 2733)
Completed 500 Internal Server Error in 96ms (ActiveRecord: 5.1ms | Allocations: 5285)


  
ActionView::Template::Error (SQLite3::SQLException: no such table: posts):
    1: <h1 class="m-5 text-center w-100 text-light">All posts</h1>
    2: <div class="col-md-6">
    3:     <% @post.each do |post| %>
    4:         <div class="card bg-light border-rounded border-info my-4">
    5:             <div class="card-title m-2 text-center">
    6:                 <p class="card-title font-weight-bold"><%= post.title %></p>
  
app/views/post/index.html.erb:3
  [1m[35m (1.5ms)[0m  [1m[34mSELECT sqlite_version(*)[0m
  [1m[35m (0.4ms)[0m  [1m[34mSELECT "schema_migrations"."version" FROM "schema_migrations" ORDER BY "schema_migrations"."version" ASC[0m
  [1m[35m (2.5ms)[0m  [1m[34mSELECT "ar_internal_metadata"."value" FROM "ar_internal_metadata" WHERE "ar_internal_metadata"."key" = ?[0m  [["key", "environment"]]
  [1m[35m (0.3ms)[0m  [1m[34mSELECT "schema_migrations"."version" FROM "schema_migrations" ORDER BY "schema_migrations"."version" ASC[0m
  [1m[35m (0.2ms)[0m  [1m[34mSELECT "ar_internal_metadata"."value" FROM "ar_internal_metadata" WHERE "ar_internal_metadata"."key" = ?[0m  [["key", "environment"]]
  [1m[35m (0.2ms)[0m  [1m[34mSELECT "schema_migrations"."version" FROM "schema_migrations" ORDER BY "schema_migrations"."version" ASC[0m
  [1m[35m (0.1ms)[0m  [1m[34mSELECT "ar_internal_metadata"."value" FROM "ar_internal_metadata" WHERE "ar_internal_metadata"."key" = ?[0m  [["key", "environment"]]
  [1m[35m (1.0ms)[0m  [1m[34mSELECT sqlite_version(*)[0m
  [1m[35m (0.2ms)[0m  [1m[34mSELECT sqlite_version(*)[0m
  [1m[35m (1.9ms)[0m  [1m[34mSELECT sqlite_version(*)[0m
  [1m[35m (0.2ms)[0m  [1m[34mSELECT sqlite_version(*)[0m
  [1m[35m (1.3ms)[0m  [1m[35mDROP TABLE IF EXISTS "users"[0m
  [1m[35m (39.1ms)[0m  [1m[35mCREATE TABLE "users" ("id" integer PRIMARY KEY AUTOINCREMENT NOT NULL, "email" varchar DEFAULT '' NOT NULL, "encrypted_password" varchar DEFAULT '' NOT NULL, "reset_password_token" varchar, "reset_password_sent_at" datetime, "remember_created_at" datetime, "created_at" datetime(6) NOT NULL, "updated_at" datetime(6) NOT NULL)[0m
  [1m[35m (50.7ms)[0m  [1m[35mCREATE UNIQUE INDEX "index_users_on_email" ON "users" ("email")[0m
  [1m[35m (24.2ms)[0m  [1m[35mCREATE UNIQUE INDEX "index_users_on_reset_password_token" ON "users" ("reset_password_token")[0m
  [1m[35m (26.7ms)[0m  [1m[35mCREATE TABLE "schema_migrations" ("version" varchar NOT NULL PRIMARY KEY)[0m
  [1m[35m (0.9ms)[0m  [1m[34mSELECT "schema_migrations"."version" FROM "schema_migrations" ORDER BY "schema_migrations"."version" ASC[0m
  [1m[35m (64.6ms)[0m  [1m[32mINSERT INTO "schema_migrations" (version) VALUES (20210212172153)[0m
  [1m[35m (39.8ms)[0m  [1m[35mCREATE TABLE "ar_internal_metadata" ("key" varchar NOT NULL PRIMARY KEY, "value" varchar, "created_at" datetime(6) NOT NULL, "updated_at" datetime(6) NOT NULL)[0m
  [1m[36mActiveRecord::InternalMetadata Load (0.7ms)[0m  [1m[34mSELECT "ar_internal_metadata".* FROM "ar_internal_metadata" WHERE "ar_internal_metadata"."key" = ? LIMIT ?[0m  [["key", "environment"], ["LIMIT", 1]]
  [1m[35m (0.1ms)[0m  [1m[36mbegin transaction[0m
  [1m[36mActiveRecord::InternalMetadata Create (6.1ms)[0m  [1m[32mINSERT INTO "ar_internal_metadata" ("key", "value", "created_at", "updated_at") VALUES (?, ?, ?, ?)[0m  [["key", "environment"], ["value", "development"], ["created_at", "2021-02-15 12:39:35.256961"], ["updated_at", "2021-02-15 12:39:35.256961"]]
  [1m[35m (130.0ms)[0m  [1m[36mcommit transaction[0m
  [1m[36mActiveRecord::InternalMetadata Load (2.0ms)[0m  [1m[34mSELECT "ar_internal_metadata".* FROM "ar_internal_metadata" WHERE "ar_internal_metadata"."key" = ? LIMIT ?[0m  [["key", "environment"], ["LIMIT", 1]]
  [1m[36mActiveRecord::InternalMetadata Load (0.3ms)[0m  [1m[34mSELECT "ar_internal_metadata".* FROM "ar_internal_metadata" WHERE "ar_internal_metadata"."key" = ? LIMIT ?[0m  [["key", "schema_sha1"], ["LIMIT", 1]]
  [1m[35m (9.7ms)[0m  [1m[36mbegin transaction[0m
  [1m[36mActiveRecord::InternalMetadata Create (0.7ms)[0m  [1m[32mINSERT INTO "ar_internal_metadata" ("key", "value", "created_at", "updated_at") VALUES (?, ?, ?, ?)[0m  [["key", "schema_sha1"], ["value", "76fc0e3f54ad106232a6176f7868d71964c096ce"], ["created_at", "2021-02-15 12:39:35.555508"], ["updated_at", "2021-02-15 12:39:35.555508"]]
  [1m[35m (16.9ms)[0m  [1m[36mcommit transaction[0m
  [1m[35m (0.2ms)[0m  [1m[34mSELECT sqlite_version(*)[0m
  [1m[35m (0.2ms)[0m  [1m[35mDROP TABLE IF EXISTS "users"[0m
  [1m[35m (148.8ms)[0m  [1m[35mCREATE TABLE "users" ("id" integer PRIMARY KEY AUTOINCREMENT NOT NULL, "email" varchar DEFAULT '' NOT NULL, "encrypted_password" varchar DEFAULT '' NOT NULL, "reset_password_token" varchar, "reset_password_sent_at" datetime, "remember_created_at" datetime, "created_at" datetime(6) NOT NULL, "updated_at" datetime(6) NOT NULL)[0m
  [1m[35m (72.8ms)[0m  [1m[35mCREATE UNIQUE INDEX "index_users_on_email" ON "users" ("email")[0m
  [1m[35m (27.0ms)[0m  [1m[35mCREATE UNIQUE INDEX "index_users_on_reset_password_token" ON "users" ("reset_password_token")[0m
  [1m[35m (34.9ms)[0m  [1m[35mCREATE TABLE "schema_migrations" ("version" varchar NOT NULL PRIMARY KEY)[0m
  [1m[35m (0.4ms)[0m  [1m[34mSELECT "schema_migrations"."version" FROM "schema_migrations" ORDER BY "schema_migrations"."version" ASC[0m
  [1m[35m (181.8ms)[0m  [1m[32mINSERT INTO "schema_migrations" (version) VALUES (20210212172153)[0m
  [1m[35m (96.6ms)[0m  [1m[35mCREATE TABLE "ar_internal_metadata" ("key" varchar NOT NULL PRIMARY KEY, "value" varchar, "created_at" datetime(6) NOT NULL, "updated_at" datetime(6) NOT NULL)[0m
  [1m[36mActiveRecord::InternalMetadata Load (0.7ms)[0m  [1m[34mSELECT "ar_internal_metadata".* FROM "ar_internal_metadata" WHERE "ar_internal_metadata"."key" = ? LIMIT ?[0m  [["key", "environment"], ["LIMIT", 1]]
  [1m[35m (0.1ms)[0m  [1m[36mbegin transaction[0m
  [1m[36mActiveRecord::InternalMetadata Create (0.9ms)[0m  [1m[32mINSERT INTO "ar_internal_metadata" ("key", "value", "created_at", "updated_at") VALUES (?, ?, ?, ?)[0m  [["key", "environment"], ["value", "development"], ["created_at", "2021-02-15 12:39:36.674704"], ["updated_at", "2021-02-15 12:39:36.674704"]]
  [1m[35m (77.2ms)[0m  [1m[36mcommit transaction[0m
  [1m[36mActiveRecord::InternalMetadata Load (0.1ms)[0m  [1m[34mSELECT "ar_internal_metadata".* FROM "ar_internal_metadata" WHERE "ar_internal_metadata"."key" = ? LIMIT ?[0m  [["key", "environment"], ["LIMIT", 1]]
  [1m[35m (0.5ms)[0m  [1m[36mbegin transaction[0m
  [1m[36mActiveRecord::InternalMetadata Update (0.5ms)[0m  [1m[33mUPDATE "ar_internal_metadata" SET "value" = ?, "updated_at" = ? WHERE "ar_internal_metadata"."key" = ?[0m  [["value", "test"], ["updated_at", "2021-02-15 12:39:36.806757"], ["key", "environment"]]
  [1m[35m (168.2ms)[0m  [1m[36mcommit transaction[0m
  [1m[36mActiveRecord::InternalMetadata Load (0.2ms)[0m  [1m[34mSELECT "ar_internal_metadata".* FROM "ar_internal_metadata" WHERE "ar_internal_metadata"."key" = ? LIMIT ?[0m  [["key", "schema_sha1"], ["LIMIT", 1]]
  [1m[35m (0.1ms)[0m  [1m[36mbegin transaction[0m
  [1m[36mActiveRecord::InternalMetadata Create (0.7ms)[0m  [1m[32mINSERT INTO "ar_internal_metadata" ("key", "value", "created_at", "updated_at") VALUES (?, ?, ?, ?)[0m  [["key", "schema_sha1"], ["value", "76fc0e3f54ad106232a6176f7868d71964c096ce"], ["created_at", "2021-02-15 12:39:37.037397"], ["updated_at", "2021-02-15 12:39:37.037397"]]
  [1m[35m (181.5ms)[0m  [1m[36mcommit transaction[0m
Started GET "/" for 127.0.0.1 at 2021-02-15 13:41:24 +0100
  [1m[35m (1.1ms)[0m  [1m[34mSELECT sqlite_version(*)[0m
  [1m[35m (3.4ms)[0m  [1m[34mSELECT "schema_migrations"."version" FROM "schema_migrations" ORDER BY "schema_migrations"."version" ASC[0m
Processing by PostController#index as HTML
  Rendering post/index.html.erb within layouts/application
  [1m[36mPost Load (9.5ms)[0m  [1m[34mSELECT "posts".* FROM "posts" ORDER BY created_at DESC[0m
  â†³ app/views/post/index.html.erb:3
  Rendered post/index.html.erb within layouts/application (Duration: 56.1ms | Allocations: 2722)
Completed 500 Internal Server Error in 190ms (ActiveRecord: 9.5ms | Allocations: 5274)


  
ActionView::Template::Error (SQLite3::SQLException: no such table: posts):
    1: <h1 class="m-5 text-center w-100 text-light">All posts</h1>
    2: <div class="col-md-6">
    3:     <% @post.each do |post| %>
    4:         <div class="card bg-light border-rounded border-info my-4">
    5:             <div class="card-title m-2 text-center">
    6:                 <p class="card-title font-weight-bold"><%= post.title %></p>
  
app/views/post/index.html.erb:3
  [1m[35m (1.9ms)[0m  [1m[34mSELECT sqlite_version(*)[0m
  [1m[35m (4.8ms)[0m  [1m[34mSELECT "schema_migrations"."version" FROM "schema_migrations" ORDER BY "schema_migrations"."version" ASC[0m
  [1m[36mActiveRecord::InternalMetadata Load (1.0ms)[0m  [1m[34mSELECT "ar_internal_metadata".* FROM "ar_internal_metadata" WHERE "ar_internal_metadata"."key" = ? LIMIT ?[0m  [["key", "environment"], ["LIMIT", 1]]
  [1m[35m (1.4ms)[0m  [1m[34mSELECT sqlite_version(*)[0m
  [1m[35m (0.2ms)[0m  [1m[34mSELECT "schema_migrations"."version" FROM "schema_migrations" ORDER BY "schema_migrations"."version" ASC[0m
  [1m[35m (0.8ms)[0m  [1m[34mSELECT sqlite_version(*)[0m
  [1m[35m (0.3ms)[0m  [1m[34mSELECT "schema_migrations"."version" FROM "schema_migrations" ORDER BY "schema_migrations"."version" ASC[0m
  [1m[36mActiveRecord::InternalMetadata Load (0.3ms)[0m  [1m[34mSELECT "ar_internal_metadata".* FROM "ar_internal_metadata" WHERE "ar_internal_metadata"."key" = ? LIMIT ?[0m  [["key", "environment"], ["LIMIT", 1]]
  [1m[35m (0.2ms)[0m  [1m[34mSELECT sqlite_version(*)[0m
  [1m[35m (0.3ms)[0m  [1m[34mSELECT "schema_migrations"."version" FROM "schema_migrations" ORDER BY "schema_migrations"."version" ASC[0m
Started GET "/" for 127.0.0.1 at 2021-02-15 14:55:36 +0100
  [1m[35m (2.4ms)[0m  [1m[34mSELECT sqlite_version(*)[0m
  [1m[35m (0.5ms)[0m  [1m[34mSELECT "schema_migrations"."version" FROM "schema_migrations" ORDER BY "schema_migrations"."version" ASC[0m
Processing by PostController#index as HTML
  Rendering post/index.html.erb within layouts/application
  Rendered post/index.html.erb within layouts/application (Duration: 63.9ms | Allocations: 2042)
Completed 500 Internal Server Error in 255ms (ActiveRecord: 0.0ms | Allocations: 4589)


  
ActionView::Template::Error (undefined method `each' for nil:NilClass):
    1: <h1 class="m-5 text-center w-100 text-light">All posts</h1>
    2: <div class="col-md-6">
    3:     <% @post.each do |post| %>
    4:         <div class="card bg-light border-rounded border-info my-4">
    5:             <div class="card-title m-2 text-center">
    6:                 <p class="card-title font-weight-bold"><%= post.title %></p>
  
app/views/post/index.html.erb:3
Started GET "/" for 127.0.0.1 at 2021-02-15 15:23:34 +0100
  [1m[35m (0.1ms)[0m  [1m[34mSELECT sqlite_version(*)[0m
Processing by PostController#index as HTML
  Rendering post/index.html.erb within layouts/application
  [1m[36mPost Load (2.7ms)[0m  [1m[34mSELECT "posts".* FROM "posts" ORDER BY created_at DESC[0m
  â†³ app/views/post/index.html.erb:3
  Rendered post/index.html.erb within layouts/application (Duration: 18.4ms | Allocations: 2038)
Completed 500 Internal Server Error in 56ms (ActiveRecord: 2.7ms | Allocations: 3008)


  
ActionView::Template::Error (SQLite3::SQLException: no such table: posts):
    1: <h1 class="m-5 text-center w-100 text-light">All posts</h1>
    2: <div class="col-md-6">
    3:     <% @post.each do |post| %>
    4:         <div class="card bg-light border-rounded border-info my-4">
    5:             <div class="card-title m-2 text-center">
    6:                 <p class="card-title font-weight-bold"><%= post.title %></p>
  
app/views/post/index.html.erb:3
  [1m[35m (2.8ms)[0m  [1m[34mSELECT sqlite_version(*)[0m
  [1m[35m (0.3ms)[0m  [1m[34mSELECT "schema_migrations"."version" FROM "schema_migrations" ORDER BY "schema_migrations"."version" ASC[0m
Migrating to CreatePosts (20210215152328)
  [1m[35m (0.2ms)[0m  [1m[36mbegin transaction[0m
  [1m[35m (118.4ms)[0m  [1m[35mCREATE TABLE "posts" ("id" integer PRIMARY KEY AUTOINCREMENT NOT NULL)[0m
  [1m[36mprimary::SchemaMigration Create (2.5ms)[0m  [1m[32mINSERT INTO "schema_migrations" ("version") VALUES (?)[0m  [["version", "20210215152328"]]
  [1m[35m (114.1ms)[0m  [1m[36mcommit transaction[0m
  [1m[36mActiveRecord::InternalMetadata Load (0.3ms)[0m  [1m[34mSELECT "ar_internal_metadata".* FROM "ar_internal_metadata" WHERE "ar_internal_metadata"."key" = ? LIMIT ?[0m  [["key", "environment"], ["LIMIT", 1]]
  [1m[35m (0.1ms)[0m  [1m[34mSELECT sqlite_version(*)[0m
  [1m[35m (0.3ms)[0m  [1m[34mSELECT "schema_migrations"."version" FROM "schema_migrations" ORDER BY "schema_migrations"."version" ASC[0m
  [1m[35m (0.8ms)[0m  [1m[34mSELECT sqlite_version(*)[0m
  [1m[35m (0.3ms)[0m  [1m[34mSELECT "schema_migrations"."version" FROM "schema_migrations" ORDER BY "schema_migrations"."version" ASC[0m
Migrating to AddNameToUsers (20210215152518)
  [1m[35m (0.1ms)[0m  [1m[36mbegin transaction[0m
  [1m[36mprimary::SchemaMigration Create (3.4ms)[0m  [1m[32mINSERT INTO "schema_migrations" ("version") VALUES (?)[0m  [["version", "20210215152518"]]
  [1m[35m (66.6ms)[0m  [1m[36mcommit transaction[0m
  [1m[36mActiveRecord::InternalMetadata Load (0.3ms)[0m  [1m[34mSELECT "ar_internal_metadata".* FROM "ar_internal_metadata" WHERE "ar_internal_metadata"."key" = ? LIMIT ?[0m  [["key", "environment"], ["LIMIT", 1]]
  [1m[35m (0.1ms)[0m  [1m[34mSELECT sqlite_version(*)[0m
  [1m[35m (0.3ms)[0m  [1m[34mSELECT "schema_migrations"."version" FROM "schema_migrations" ORDER BY "schema_migrations"."version" ASC[0m
  [1m[35m (0.7ms)[0m  [1m[34mSELECT sqlite_version(*)[0m
  [1m[35m (0.2ms)[0m  [1m[34mSELECT "schema_migrations"."version" FROM "schema_migrations" ORDER BY "schema_migrations"."version" ASC[0m
Migrating to AddUserIdToPosts (20210215152620)
  [1m[35m (0.1ms)[0m  [1m[36mbegin transaction[0m
  [1m[36mprimary::SchemaMigration Create (6.7ms)[0m  [1m[32mINSERT INTO "schema_migrations" ("version") VALUES (?)[0m  [["version", "20210215152620"]]
  [1m[35m (37.9ms)[0m  [1m[36mcommit transaction[0m
  [1m[36mActiveRecord::InternalMetadata Load (0.3ms)[0m  [1m[34mSELECT "ar_internal_metadata".* FROM "ar_internal_metadata" WHERE "ar_internal_metadata"."key" = ? LIMIT ?[0m  [["key", "environment"], ["LIMIT", 1]]
  [1m[35m (0.1ms)[0m  [1m[34mSELECT sqlite_version(*)[0m
  [1m[35m (0.6ms)[0m  [1m[34mSELECT "schema_migrations"."version" FROM "schema_migrations" ORDER BY "schema_migrations"."version" ASC[0m
Started GET "/" for 127.0.0.1 at 2021-02-15 16:30:41 +0100
  [1m[35m (0.9ms)[0m  [1m[34mSELECT sqlite_version(*)[0m
  [1m[35m (0.3ms)[0m  [1m[34mSELECT "schema_migrations"."version" FROM "schema_migrations" ORDER BY "schema_migrations"."version" ASC[0m
Processing by PostController#index as HTML
  Rendering post/index.html.erb within layouts/application
  [1m[36mPost Load (1.9ms)[0m  [1m[34mSELECT "posts".* FROM "posts" ORDER BY created_at DESC[0m
  â†³ app/views/post/index.html.erb:3
  Rendered post/index.html.erb within layouts/application (Duration: 41.2ms | Allocations: 2737)
Completed 500 Internal Server Error in 164ms (ActiveRecord: 1.9ms | Allocations: 5289)


  
ActionView::Template::Error (SQLite3::SQLException: no such column: created_at):
    1: <h1 class="m-5 text-center w-100 text-light">All posts</h1>
    2: <div class="col-md-6">
    3:     <% @post.each do |post| %>
    4:         <div class="card bg-light border-rounded border-info my-4">
    5:             <div class="card-title m-2 text-center">
    6:                 <p class="card-title font-weight-bold"><%= post.title %></p>
  
app/views/post/index.html.erb:3
Started GET "/" for 127.0.0.1 at 2021-02-15 16:31:44 +0100
  [1m[35m (0.2ms)[0m  [1m[34mSELECT sqlite_version(*)[0m
Processing by PostController#index as HTML
  Rendering post/index.html.erb within layouts/application
  Rendered post/index.html.erb within layouts/application (Duration: 4.5ms | Allocations: 1368)
Completed 500 Internal Server Error in 26ms (ActiveRecord: 0.0ms | Allocations: 2336)


  
ActionView::Template::Error (undefined method `each' for nil:NilClass):
    1: <h1 class="m-5 text-center w-100 text-light">All posts</h1>
    2: <div class="col-md-6">
    3:     <% @post.each do |post| %>
    4:         <div class="card bg-light border-rounded border-info my-4">
    5:             <div class="card-title m-2 text-center">
    6:                 <p class="card-title font-weight-bold"><%= post.title %></p>
  
app/views/post/index.html.erb:3
Started GET "/" for 127.0.0.1 at 2021-02-15 16:32:12 +0100
Processing by PostController#index as HTML
  Rendering post/index.html.erb within layouts/application
  [1m[36mPost Load (4.9ms)[0m  [1m[34mSELECT "posts".* FROM "posts" ORDER BY created_at DESC[0m
  â†³ app/views/post/index.html.erb:3
  Rendered post/index.html.erb within layouts/application (Duration: 17.8ms | Allocations: 2318)
Completed 500 Internal Server Error in 39ms (ActiveRecord: 4.9ms | Allocations: 3512)


  
ActionView::Template::Error (SQLite3::SQLException: no such column: created_at):
    1: <h1 class="m-5 text-center w-100 text-light">All posts</h1>
    2: <div class="col-md-6">
    3:     <% @posts.each do |post| %>
    4:         <div class="card bg-light border-rounded border-info my-4">
    5:             <div class="card-title m-2 text-center">
    6:                 <p class="card-title font-weight-bold"><%= post.title %></p>
  
app/views/post/index.html.erb:3
Started GET "/" for 127.0.0.1 at 2021-02-15 16:32:45 +0100
Processing by PostController#index as HTML
  Rendering post/index.html.erb within layouts/application
  Rendered post/index.html.erb within layouts/application (Duration: 10.6ms | Allocations: 1644)
Completed 500 Internal Server Error in 29ms (ActiveRecord: 0.0ms | Allocations: 2826)


  
ActionView::Template::Error (undefined method `each' for nil:NilClass):
    1: <h1 class="m-5 text-center w-100 text-light">All posts</h1>
    2: <div class="col-md-6">
    3:     <% @post.each do |post| %>
    4:         <div class="card bg-light border-rounded border-info my-4">
    5:             <div class="card-title m-2 text-center">
    6:                 <p class="card-title font-weight-bold"><%= post.title %></p>
  
app/views/post/index.html.erb:3
Started GET "/" for 127.0.0.1 at 2021-02-15 17:26:31 +0100
  [1m[35m (0.2ms)[0m  [1m[34mSELECT sqlite_version(*)[0m
Processing by PostController#index as HTML
  Rendering post/index.html.erb within layouts/application
  Rendered post/index.html.erb within layouts/application (Duration: 41.1ms | Allocations: 1648)
Completed 500 Internal Server Error in 170ms (ActiveRecord: 0.0ms | Allocations: 2839)


  
ActionView::Template::Error (undefined method `all' for nil:NilClass):
    1: <h1 class="m-5 text-center w-100 text-light">All posts</h1>
    2: <div class="col-md-6">
    3:     <% @Post.all.each do |post| %>
    4:         <div class="card bg-light border-rounded border-info my-4">
    5:             <div class="card-title m-2 text-center">
    6:                 <p class="card-title font-weight-bold"><%= post.title %></p>
  
app/views/post/index.html.erb:3
Started GET "/" for 127.0.0.1 at 2021-02-15 17:27:12 +0100
Processing by PostController#index as HTML
  Rendering post/index.html.erb within layouts/application
  Rendered post/index.html.erb within layouts/application (Duration: 6.4ms | Allocations: 1643)
Completed 500 Internal Server Error in 27ms (ActiveRecord: 0.0ms | Allocations: 2908)


  
ActionView::Template::Error (undefined method `all' for nil:NilClass):
    1: <h1 class="m-5 text-center w-100 text-light">All posts</h1>
    2: <div class="col-md-6">
    3:     <% @Post.all.order.each do |post| %>
    4:         <div class="card bg-light border-rounded border-info my-4">
    5:             <div class="card-title m-2 text-center">
    6:                 <p class="card-title font-weight-bold"><%= post.title %></p>
  
app/views/post/index.html.erb:3
Started GET "/" for 127.0.0.1 at 2021-02-15 17:46:43 +0100
  [1m[35m (0.1ms)[0m  [1m[34mSELECT sqlite_version(*)[0m
Processing by PostController#index as HTML
  Rendering post/index.html.erb within layouts/application
  Rendered post/index.html.erb within layouts/application (Duration: 5.2ms | Allocations: 1612)
Completed 500 Internal Server Error in 244ms (ActiveRecord: 0.0ms | Allocations: 3197)


  
ActionView::Template::Error (undefined method `each' for nil:NilClass):
    1: <h1 class="m-5 text-center w-100 text-light">All posts</h1>
    2: <div class="col-md-6">
    3:     <% @post.each do |post| %>
    4:         <div class="card bg-light border-rounded border-info my-4">
    5:             <div class="card-title m-2 text-center">
    6:                 <p class="card-title font-weight-bold"><%= post.title %></p>
  
app/views/post/index.html.erb:3
Started GET "/" for 127.0.0.1 at 2021-02-15 18:04:26 +0100
  [1m[35m (1.3ms)[0m  [1m[34mSELECT sqlite_version(*)[0m
Processing by PostController#index as HTML
  Rendering post/index.html.erb within layouts/application
  [1m[36mPost Load (26.4ms)[0m  [1m[34mSELECT "posts".* FROM "posts"[0m
  â†³ app/views/post/index.html.erb:3
  Rendered post/index.html.erb within layouts/application (Duration: 503.3ms | Allocations: 1098)
[Webpacker] Compiling...
[Webpacker] Compiled all packs in /home/kamwa/members-only/public/packs
[Webpacker] Hash: f86639f4459f31b34f60
Version: webpack 4.46.0
Time: 12869ms
Built at: 02/15/2021 6:04:59 PM
                                     Asset       Size       Chunks                         Chunk Names
    js/application-07e792d2b65403c647a1.js    124 KiB  application  [emitted] [immutable]  application
js/application-07e792d2b65403c647a1.js.map    139 KiB  application  [emitted] [dev]        application
                             manifest.json  364 bytes               [emitted]              
Entrypoint application = js/application-07e792d2b65403c647a1.js js/application-07e792d2b65403c647a1.js.map
[./app/javascript/channels sync recursive _channel\.js$] ./app/javascript/channels sync _channel\.js$ 160 bytes {application} [built]
[./app/javascript/channels/index.js] 211 bytes {application} [built]
[./app/javascript/packs/application.js] 749 bytes {application} [built]
[./node_modules/webpack/buildin/module.js] (webpack)/buildin/module.js 552 bytes {application} [built]
    + 3 hidden modules

Completed 200 OK in 35034ms (Views: 34874.8ms | ActiveRecord: 82.5ms | Allocations: 19694)


Started GET "/users/sign_up" for 127.0.0.1 at 2021-02-15 18:05:38 +0100
Processing by RegistrationsController#new as HTML
  Rendering devise/registrations/new.html.erb within layouts/application
  Rendered devise/shared/_error_messages.html.erb (Duration: 49.4ms | Allocations: 196)
  Rendered devise/registrations/new.html.erb within layouts/application (Duration: 1612.5ms | Allocations: 9196)
Completed 500 Internal Server Error in 2279ms (ActiveRecord: 12.1ms | Allocations: 16241)


  
ActionView::Template::Error (undefined method `name' for #<User id: nil, email: "", created_at: nil, updated_at: nil>):
     6: 
     7:     <div class="field form-group">
     8:       <%= f.label :name, class: "text-info text-big" %><br />
     9:       <%= f.text_field :name, autofocus: true, autocomplete: "name", class: "form-control" %>
    10:     </div>
    11: 
    12:     <div class="field form-group">
  
app/views/devise/registrations/new.html.erb:9
app/views/devise/registrations/new.html.erb:4
Started GET "/" for 127.0.0.1 at 2021-02-15 18:05:54 +0100
Processing by PostController#index as HTML
  Rendering post/index.html.erb within layouts/application
  [1m[36mPost Load (0.1ms)[0m  [1m[34mSELECT "posts".* FROM "posts"[0m
  â†³ app/views/post/index.html.erb:3
  Rendered post/index.html.erb within layouts/application (Duration: 19.0ms | Allocations: 593)
[Webpacker] Everything's up-to-date. Nothing to do
Completed 200 OK in 97ms (Views: 72.3ms | ActiveRecord: 0.1ms | Allocations: 4703)


Started GET "/users/sign_in" for 127.0.0.1 at 2021-02-15 18:05:56 +0100
Processing by Devise::SessionsController#new as HTML
  Rendering devise/sessions/new.html.erb within layouts/application
  Rendered devise/shared/_links.html.erb (Duration: 18.8ms | Allocations: 588)
  Rendered devise/sessions/new.html.erb within layouts/application (Duration: 215.5ms | Allocations: 2678)
[Webpacker] Everything's up-to-date. Nothing to do
Completed 200 OK in 458ms (Views: 257.7ms | ActiveRecord: 0.0ms | Allocations: 8041)


Started POST "/users/sign_in" for 127.0.0.1 at 2021-02-15 18:06:13 +0100
Processing by Devise::SessionsController#create as HTML
  Parameters: {"authenticity_token"=>"YkMAEmog0KaiU3g7fR6usBAUgTo+KxA4MmoEWMH4V49xb2hyMbcnKNzoVJP12GUZbZ4bDgaGct1OdLTwlH2hFQ==", "user"=>{"email"=>"emmanuellekamwa@gmail.com", "password"=>"[FILTERED]", "remember_me"=>"1"}, "commit"=>"Log in"}
  [1m[36mUser Load (7.9ms)[0m  [1m[34mSELECT "users".* FROM "users" WHERE "users"."email" = ? ORDER BY "users"."id" ASC LIMIT ?[0m  [["email", "emmanuellekamwa@gmail.com"], ["LIMIT", 1]]
Completed 401 Unauthorized in 177ms (ActiveRecord: 7.9ms | Allocations: 2423)


Processing by Devise::SessionsController#new as HTML
  Parameters: {"authenticity_token"=>"YkMAEmog0KaiU3g7fR6usBAUgTo+KxA4MmoEWMH4V49xb2hyMbcnKNzoVJP12GUZbZ4bDgaGct1OdLTwlH2hFQ==", "user"=>{"email"=>"emmanuellekamwa@gmail.com", "password"=>"[FILTERED]", "remember_me"=>"1"}, "commit"=>"Log in"}
  Rendering devise/sessions/new.html.erb within layouts/application
  Rendered devise/shared/_links.html.erb (Duration: 0.4ms | Allocations: 131)
  Rendered devise/sessions/new.html.erb within layouts/application (Duration: 6.8ms | Allocations: 1073)
[Webpacker] Everything's up-to-date. Nothing to do
Completed 200 OK in 649ms (Views: 96.4ms | ActiveRecord: 0.0ms | Allocations: 5355)


Started GET "/users/sign_up" for 127.0.0.1 at 2021-02-15 18:06:19 +0100
Processing by RegistrationsController#new as HTML
  Rendering devise/registrations/new.html.erb within layouts/application
  Rendered devise/shared/_error_messages.html.erb (Duration: 0.1ms | Allocations: 15)
  Rendered devise/registrations/new.html.erb within layouts/application (Duration: 42.9ms | Allocations: 3614)
Completed 500 Internal Server Error in 53ms (ActiveRecord: 0.0ms | Allocations: 4219)


  
ActionView::Template::Error (undefined method `name' for #<User id: nil, email: "", created_at: nil, updated_at: nil>):
     6: 
     7:     <div class="field form-group">
     8:       <%= f.label :name, class: "text-info text-big" %><br />
     9:       <%= f.text_field :name, autofocus: true, autocomplete: "name", class: "form-control" %>
    10:     </div>
    11: 
    12:     <div class="field form-group">
  
app/views/devise/registrations/new.html.erb:9
app/views/devise/registrations/new.html.erb:4
Started GET "/comments" for 127.0.0.1 at 2021-02-15 18:09:35 +0100
  
ActionController::RoutingError (No route matches [GET] "/comments"):
  
actionpack (6.0.3.5) lib/action_dispatch/middleware/debug_exceptions.rb:36:in `call'
web-console (4.1.0) lib/web_console/middleware.rb:132:in `call_app'
web-console (4.1.0) lib/web_console/middleware.rb:28:in `block in call'
web-console (4.1.0) lib/web_console/middleware.rb:17:in `catch'
web-console (4.1.0) lib/web_console/middleware.rb:17:in `call'
actionpack (6.0.3.5) lib/action_dispatch/middleware/show_exceptions.rb:33:in `call'
railties (6.0.3.5) lib/rails/rack/logger.rb:37:in `call_app'
railties (6.0.3.5) lib/rails/rack/logger.rb:26:in `block in call'
activesupport (6.0.3.5) lib/active_support/tagged_logging.rb:80:in `block in tagged'
activesupport (6.0.3.5) lib/active_support/tagged_logging.rb:28:in `tagged'
activesupport (6.0.3.5) lib/active_support/tagged_logging.rb:80:in `tagged'
railties (6.0.3.5) lib/rails/rack/logger.rb:26:in `call'
sprockets-rails (3.2.2) lib/sprockets/rails/quiet_assets.rb:13:in `call'
actionpack (6.0.3.5) lib/action_dispatch/middleware/remote_ip.rb:81:in `call'
actionpack (6.0.3.5) lib/action_dispatch/middleware/request_id.rb:27:in `call'
rack (2.2.3) lib/rack/method_override.rb:24:in `call'
rack (2.2.3) lib/rack/runtime.rb:22:in `call'
activesupport (6.0.3.5) lib/active_support/cache/strategy/local_cache_middleware.rb:29:in `call'
actionpack (6.0.3.5) lib/action_dispatch/middleware/executor.rb:14:in `call'
actionpack (6.0.3.5) lib/action_dispatch/middleware/static.rb:126:in `call'
rack (2.2.3) lib/rack/sendfile.rb:110:in `call'
actionpack (6.0.3.5) lib/action_dispatch/middleware/host_authorization.rb:82:in `call'
webpacker (4.3.0) lib/webpacker/dev_server_proxy.rb:23:in `perform_request'
rack-proxy (0.6.5) lib/rack/proxy.rb:57:in `call'
railties (6.0.3.5) lib/rails/engine.rb:527:in `call'
puma (4.3.7) lib/puma/configuration.rb:228:in `call'
puma (4.3.7) lib/puma/server.rb:713:in `handle_request'
puma (4.3.7) lib/puma/server.rb:472:in `process_client'
puma (4.3.7) lib/puma/server.rb:328:in `block in run'
puma (4.3.7) lib/puma/thread_pool.rb:134:in `block in spawn_thread'
  [1m[35m (1.4ms)[0m  [1m[34mSELECT sqlite_version(*)[0m
  [1m[35m (0.8ms)[0m  [1m[34mSELECT "schema_migrations"."version" FROM "schema_migrations" ORDER BY "schema_migrations"."version" ASC[0m
Migrating to AddUserNameToUser (20210215184213)
  [1m[35m (0.1ms)[0m  [1m[36mbegin transaction[0m
  [1m[35m (0.9ms)[0m  [1m[35mALTER TABLE "users" ADD "user_name" varchar[0m
  [1m[36mprimary::SchemaMigration Create (5.9ms)[0m  [1m[32mINSERT INTO "schema_migrations" ("version") VALUES (?)[0m  [["version", "20210215184213"]]
  [1m[35m (34.3ms)[0m  [1m[36mcommit transaction[0m
  [1m[36mActiveRecord::InternalMetadata Load (20.7ms)[0m  [1m[34mSELECT "ar_internal_metadata".* FROM "ar_internal_metadata" WHERE "ar_internal_metadata"."key" = ? LIMIT ?[0m  [["key", "environment"], ["LIMIT", 1]]
  [1m[35m (0.1ms)[0m  [1m[34mSELECT sqlite_version(*)[0m
  [1m[35m (0.3ms)[0m  [1m[34mSELECT "schema_migrations"."version" FROM "schema_migrations" ORDER BY "schema_migrations"."version" ASC[0m
Started GET "/users/sign_up" for 127.0.0.1 at 2021-02-15 19:48:34 +0100
  [1m[35m (1.0ms)[0m  [1m[34mSELECT sqlite_version(*)[0m
  [1m[35m (0.3ms)[0m  [1m[34mSELECT "schema_migrations"."version" FROM "schema_migrations" ORDER BY "schema_migrations"."version" ASC[0m
Processing by RegistrationsController#new as HTML
  Rendering devise/registrations/new.html.erb within layouts/application
  Rendered devise/shared/_error_messages.html.erb (Duration: 12.6ms | Allocations: 199)
  Rendered devise/registrations/new.html.erb within layouts/application (Duration: 164.0ms | Allocations: 7288)
Completed 500 Internal Server Error in 317ms (ActiveRecord: 4.3ms | Allocations: 15708)


  
ActionView::Template::Error (undefined method `name' for #<User:0x00005562e29d5860>):
     6: 
     7:     <div class="field form-group">
     8:       <%= f.label :name, class: "text-info text-big" %><br />
     9:       <%= f.text_field :name, autofocus: true, autocomplete: "name", class: "form-control" %>
    10:     </div>
    11: 
    12:     <div class="field form-group">
  
app/views/devise/registrations/new.html.erb:9
app/views/devise/registrations/new.html.erb:4
Started GET "/users/sign_up" for 127.0.0.1 at 2021-02-15 20:12:40 +0100
  [1m[35m (1.3ms)[0m  [1m[34mSELECT sqlite_version(*)[0m
  [1m[35m (1.3ms)[0m  [1m[34mSELECT "schema_migrations"."version" FROM "schema_migrations" ORDER BY "schema_migrations"."version" ASC[0m
Processing by RegistrationsController#new as HTML
  Rendering devise/registrations/new.html.erb within layouts/application
  Rendered devise/shared/_error_messages.html.erb (Duration: 26.9ms | Allocations: 199)
  Rendered devise/registrations/new.html.erb within layouts/application (Duration: 242.8ms | Allocations: 7288)
Completed 500 Internal Server Error in 452ms (ActiveRecord: 1.5ms | Allocations: 15708)


  
ActionView::Template::Error (undefined method `name' for #<User:0x0000557bb71fb818>):
     6: 
     7:     <div class="field form-group">
     8:       <%= f.label :name, class: "text-info text-big" %><br />
     9:       <%= f.text_field :name, autofocus: true, autocomplete: "name", class: "form-control" %>
    10:     </div>
    11: 
    12:     <div class="field form-group">
  
app/views/devise/registrations/new.html.erb:9
app/views/devise/registrations/new.html.erb:4
Started GET "/users/sign_up" for 127.0.0.1 at 2021-02-16 08:41:43 +0100
  [1m[35m (5.9ms)[0m  [1m[34mSELECT sqlite_version(*)[0m
  [1m[35m (4.1ms)[0m  [1m[34mSELECT "schema_migrations"."version" FROM "schema_migrations" ORDER BY "schema_migrations"."version" ASC[0m
Processing by RegistrationsController#new as HTML
  Rendering devise/registrations/new.html.erb within layouts/application
  Rendered devise/shared/_error_messages.html.erb (Duration: 14.4ms | Allocations: 196)
  Rendered devise/registrations/new.html.erb within layouts/application (Duration: 233.8ms | Allocations: 7286)
Completed 500 Internal Server Error in 714ms (ActiveRecord: 2.4ms | Allocations: 15600)


  
ActionView::Template::Error (undefined method `name' for #<User:0x0000559c347607c0>):
     6: 
     7:     <div class="field form-group">
     8:       <%= f.label :name, class: "text-info text-big" %><br />
     9:       <%= f.text_field :name, autofocus: true, autocomplete: "name", class: "form-control" %>
    10:     </div>
    11: 
    12:     <div class="field form-group">
  
app/views/devise/registrations/new.html.erb:9
app/views/devise/registrations/new.html.erb:4
  [1m[35m (12.4ms)[0m  [1m[34mSELECT sqlite_version(*)[0m
  [1m[36mPost Load (8.3ms)[0m  [1m[34mSELECT "posts".* FROM "posts" LIMIT ?[0m  [["LIMIT", 11]]
  [1m[35m (0.3ms)[0m  [1m[34mSELECT COUNT(*) FROM "users"[0m
  [1m[36mUser Load (9.5ms)[0m  [1m[34mSELECT "users".* FROM "users" ORDER BY "users"."id" ASC LIMIT ?[0m  [["LIMIT", 1]]
  [1m[35m (5.4ms)[0m  [1m[34mSELECT sqlite_version(*)[0m
  [1m[35m (1.7ms)[0m  [1m[34mSELECT "schema_migrations"."version" FROM "schema_migrations" ORDER BY "schema_migrations"."version" ASC[0m
  [1m[36mActiveRecord::InternalMetadata Load (0.5ms)[0m  [1m[34mSELECT "ar_internal_metadata".* FROM "ar_internal_metadata" WHERE "ar_internal_metadata"."key" = ? LIMIT ?[0m  [["key", "environment"], ["LIMIT", 1]]
  [1m[35m (0.6ms)[0m  [1m[34mSELECT sqlite_version(*)[0m
  [1m[35m (1.5ms)[0m  [1m[34mSELECT "schema_migrations"."version" FROM "schema_migrations" ORDER BY "schema_migrations"."version" ASC[0m
Started GET "/users/sign_up" for 127.0.0.1 at 2021-02-16 09:48:09 +0100
  [1m[35m (18.5ms)[0m  [1m[34mSELECT sqlite_version(*)[0m
  [1m[35m (0.9ms)[0m  [1m[34mSELECT "schema_migrations"."version" FROM "schema_migrations" ORDER BY "schema_migrations"."version" ASC[0m
Processing by RegistrationsController#new as HTML
  Rendering devise/registrations/new.html.erb within layouts/application
  Rendered devise/shared/_error_messages.html.erb (Duration: 24.4ms | Allocations: 196)
  Rendered devise/registrations/new.html.erb within layouts/application (Duration: 577.8ms | Allocations: 7285)
Completed 500 Internal Server Error in 1260ms (ActiveRecord: 19.3ms | Allocations: 15603)


  
ActionView::Template::Error (undefined method `name' for #<User:0x00005580cb6db8b0>):
     6: 
     7:     <div class="field form-group">
     8:       <%= f.label :name, class: "text-info text-big" %><br />
     9:       <%= f.text_field :name, autofocus: true, autocomplete: "name", class: "form-control" %>
    10:     </div>
    11: 
    12:     <div class="field form-group">
  
app/views/devise/registrations/new.html.erb:9
app/views/devise/registrations/new.html.erb:4
Started GET "/users/sign_up" for 127.0.0.1 at 2021-02-16 12:01:57 +0100
  [1m[35m (0.4ms)[0m  [1m[34mSELECT sqlite_version(*)[0m
Processing by RegistrationsController#new as HTML
  Rendering devise/registrations/new.html.erb within layouts/application
  Rendered devise/shared/_error_messages.html.erb (Duration: 10.4ms | Allocations: 188)
  Rendered devise/shared/_links.html.erb (Duration: 17.0ms | Allocations: 512)
  Rendered devise/registrations/new.html.erb within layouts/application (Duration: 1235.4ms | Allocations: 5389)
[Webpacker] Everything's up-to-date. Nothing to do
Completed 200 OK in 2241ms (Views: 2221.5ms | ActiveRecord: 0.0ms | Allocations: 13729)


Started POST "/users" for 127.0.0.1 at 2021-02-16 12:02:30 +0100
Processing by RegistrationsController#create as HTML
  Parameters: {"authenticity_token"=>"y/uv2Uq8WtNZVsbLBJlPMUIetUOKP052GA5WJ0IkfdNqX7IJaqMeUb6r0VKCA7YE2VMNNrjC/y9OmZMI6Cvcjg==", "user"=>{"user_name"=>"emmanou", "email"=>"emmanuellekamwa@gmail.com", "password"=>"[FILTERED]", "password_confirmation"=>"[FILTERED]"}, "commit"=>"Sign up"}
[31mUnpermitted parameter: :user_name[0m
  [1m[35m (0.1ms)[0m  [1m[36mbegin transaction[0m
  [1m[36mUser Exists? (1.9ms)[0m  [1m[34mSELECT 1 AS one FROM "users" WHERE "users"."email" = ? LIMIT ?[0m  [["email", "emmanuellekamwa@gmail.com"], ["LIMIT", 1]]
  [1m[36mUser Create (13.2ms)[0m  [1m[32mINSERT INTO "users" ("email", "encrypted_password", "created_at", "updated_at") VALUES (?, ?, ?, ?)[0m  [["email", "emmanuellekamwa@gmail.com"], ["encrypted_password", "$2a$12$.JdMH2h1N0nxBu.PPDCuSOH.6/7iemrk1p9Tl8L/K2MxjV.YFba9i"], ["created_at", "2021-02-16 11:02:31.300467"], ["updated_at", "2021-02-16 11:02:31.300467"]]
  [1m[35m (69.6ms)[0m  [1m[36mcommit transaction[0m
Redirected to http://localhost:3000/
Completed 302 Found in 1117ms (ActiveRecord: 84.8ms | Allocations: 11625)


Started GET "/" for 127.0.0.1 at 2021-02-16 12:02:31 +0100
Processing by PostController#index as HTML
  Rendering post/index.html.erb within layouts/application
  [1m[36mPost Load (0.4ms)[0m  [1m[34mSELECT "posts".* FROM "posts"[0m
  â†³ app/views/post/index.html.erb:3
  Rendered post/index.html.erb within layouts/application (Duration: 80.3ms | Allocations: 1104)
[Webpacker] Everything's up-to-date. Nothing to do
  [1m[36mUser Load (0.5ms)[0m  [1m[34mSELECT "users".* FROM "users" WHERE "users"."id" = ? ORDER BY "users"."id" ASC LIMIT ?[0m  [["id", 1], ["LIMIT", 1]]
  â†³ app/views/layouts/application.html.erb:25
Completed 500 Internal Server Error in 477ms (ActiveRecord: 1.8ms | Allocations: 10467)


  
ActionView::Template::Error (undefined method `name' for #<User:0x00005580cb54dd18>):
    23:        <div class="logo text-center my-5"> 
    24:         <h1 class="title text-info font-weight-bolder"><%= link_to 'Members only!', root_path, class: "text-info" %></h1>
    25:         <% if user_signed_in? %>
    26:           <h4 class="text-light my-8">Welcome <%= current_user.name %></h4>
    27:         <% end %>
    28:       </div>
    29:       <div class="row justify-content-between dashboard">
  
app/views/layouts/application.html.erb:26
Started GET "/" for 127.0.0.1 at 2021-02-16 12:03:45 +0100
Processing by PostController#index as HTML
  Rendering post/index.html.erb within layouts/application
  [1m[36mPost Load (0.3ms)[0m  [1m[34mSELECT "posts".* FROM "posts"[0m
  â†³ app/views/post/index.html.erb:3
  Rendered post/index.html.erb within layouts/application (Duration: 35.9ms | Allocations: 853)
[Webpacker] Everything's up-to-date. Nothing to do
  [1m[36mUser Load (0.9ms)[0m  [1m[34mSELECT "users".* FROM "users" WHERE "users"."id" = ? ORDER BY "users"."id" ASC LIMIT ?[0m  [["id", 1], ["LIMIT", 1]]
  â†³ app/views/layouts/application.html.erb:25
Completed 200 OK in 216ms (Views: 205.7ms | ActiveRecord: 1.3ms | Allocations: 7080)


Started GET "/post/new" for 127.0.0.1 at 2021-02-16 12:04:02 +0100
Processing by PostController#new as HTML
  [1m[36mUser Load (0.4ms)[0m  [1m[34mSELECT "users".* FROM "users" WHERE "users"."id" = ? ORDER BY "users"."id" ASC LIMIT ?[0m  [["id", 1], ["LIMIT", 1]]
Completed 500 Internal Server Error in 124ms (ActiveRecord: 0.4ms | Allocations: 4498)


  
NoMethodError (undefined method `posts' for #<User:0x00007f32ac5b2e68>
Did you mean?  post
               post=):
  
app/controllers/post_controller.rb:5:in `new'
Started GET "/post/new" for 127.0.0.1 at 2021-02-16 12:04:49 +0100
  [1m[35m (0.2ms)[0m  [1m[34mSELECT sqlite_version(*)[0m
Processing by PostController#new as HTML
  [1m[36mUser Load (0.4ms)[0m  [1m[34mSELECT "users".* FROM "users" WHERE "users"."id" = ? ORDER BY "users"."id" ASC LIMIT ?[0m  [["id", 1], ["LIMIT", 1]]
Completed 500 Internal Server Error in 558ms (ActiveRecord: 31.6ms | Allocations: 12686)


  
ActiveModel::UnknownAttributeError (unknown attribute 'user_id' for Post.):
  
app/controllers/post_controller.rb:5:in `new'
Started GET "/post/new" for 127.0.0.1 at 2021-02-16 16:22:36 +0100
  [1m[35m (1.4ms)[0m  [1m[34mSELECT sqlite_version(*)[0m
  [1m[35m (0.3ms)[0m  [1m[34mSELECT "schema_migrations"."version" FROM "schema_migrations" ORDER BY "schema_migrations"."version" ASC[0m
  
SyntaxError (/home/kamwa/members-only/app/controllers/post_controller.rb:26: syntax error, unexpected end-of-input, expecting `end'):
  
app/controllers/post_controller.rb:26: syntax error, unexpected end-of-input, expecting `end'
app/controllers/post_controller.rb:26: syntax error, unexpected end-of-input, expecting `end'
app/controllers/post_controller.rb:26: syntax error, unexpected end-of-input, expecting `end'
Started GET "/post/new" for 127.0.0.1 at 2021-02-16 16:24:46 +0100
  [1m[35m (0.2ms)[0m  [1m[34mSELECT sqlite_version(*)[0m
Processing by PostController#new as HTML
Completed 401 Unauthorized in 108ms (ActiveRecord: 0.0ms | Allocations: 1047)


Started GET "/users/sign_in" for 127.0.0.1 at 2021-02-16 16:24:47 +0100
Processing by Devise::SessionsController#new as HTML
  Rendering devise/sessions/new.html.erb within layouts/application
  Rendered devise/shared/_links.html.erb (Duration: 14.2ms | Allocations: 591)
  Rendered devise/sessions/new.html.erb within layouts/application (Duration: 94.2ms | Allocations: 2785)
[Webpacker] Everything's up-to-date. Nothing to do
Completed 200 OK in 600ms (Views: 500.3ms | ActiveRecord: 3.0ms | Allocations: 16136)


Started POST "/users/sign_in" for 127.0.0.1 at 2021-02-16 16:25:18 +0100
Processing by Devise::SessionsController#create as HTML
  Parameters: {"authenticity_token"=>"/zk97h4HS+OSyyX5zBIgHVcyLnwLKVYds+Sldy7BDs5lCMBxda370yFAIxR7JRE/NAC62OefQD5eHvqRNhL8bw==", "user"=>{"email"=>"emmanuellekamwa@gmail.com", "password"=>"[FILTERED]", "remember_me"=>"1"}, "commit"=>"Log in"}
  [1m[36mUser Load (0.4ms)[0m  [1m[34mSELECT "users".* FROM "users" WHERE "users"."email" = ? ORDER BY "users"."id" ASC LIMIT ?[0m  [["email", "emmanuellekamwa@gmail.com"], ["LIMIT", 1]]
  [1m[35m (0.1ms)[0m  [1m[36mbegin transaction[0m
  [1m[36mUser Update (5.9ms)[0m  [1m[33mUPDATE "users" SET "remember_created_at" = ?, "updated_at" = ? WHERE "users"."id" = ?[0m  [["remember_created_at", "2021-02-16 15:25:18.938243"], ["updated_at", "2021-02-16 15:25:18.941404"], ["id", 1]]
  [1m[35m (24.2ms)[0m  [1m[36mcommit transaction[0m
Redirected to http://localhost:3000/post/new
Completed 302 Found in 828ms (ActiveRecord: 30.6ms | Allocations: 11791)


Started GET "/post/new" for 127.0.0.1 at 2021-02-16 16:25:19 +0100
Processing by PostController#new as HTML
  [1m[36mUser Load (0.5ms)[0m  [1m[34mSELECT "users".* FROM "users" WHERE "users"."id" = ? ORDER BY "users"."id" ASC LIMIT ?[0m  [["id", 1], ["LIMIT", 1]]
  Rendering post/new.html.erb within layouts/application
  Rendered post/new.html.erb within layouts/application (Duration: 951.5ms | Allocations: 70077)
Completed 500 Internal Server Error in 1057ms (ActiveRecord: 5.9ms | Allocations: 73797)


  
ActionView::Template::Error (undefined method `posts_path' for #<#<Class:0x00007f3184466588>:0x00007f3184464cb0>
Did you mean?  post_index_path):
    1: <h1 class="m-5 text-center w-100 text-light">Tells us something</h1>
    2: <div class="col-md-6">
    3:     <%= form_with(model: @post, local: true) do |form|%>
    4:         <div class="form-group">
    5:             <%= form.label :title, class: "text-info text-big" %><br>
    6:             <%= form.text_field :title, class: "form-control" %> 
  
app/views/post/new.html.erb:3
Started GET "/post/new" for 127.0.0.1 at 2021-02-16 18:50:59 +0100
  [1m[35m (0.2ms)[0m  [1m[34mSELECT sqlite_version(*)[0m
  
ActionController::RoutingError (No route matches [GET] "/post/new"):
  
actionpack (6.0.3.5) lib/action_dispatch/middleware/debug_exceptions.rb:36:in `call'
web-console (4.1.0) lib/web_console/middleware.rb:132:in `call_app'
web-console (4.1.0) lib/web_console/middleware.rb:28:in `block in call'
web-console (4.1.0) lib/web_console/middleware.rb:17:in `catch'
web-console (4.1.0) lib/web_console/middleware.rb:17:in `call'
actionpack (6.0.3.5) lib/action_dispatch/middleware/show_exceptions.rb:33:in `call'
railties (6.0.3.5) lib/rails/rack/logger.rb:37:in `call_app'
railties (6.0.3.5) lib/rails/rack/logger.rb:26:in `block in call'
activesupport (6.0.3.5) lib/active_support/tagged_logging.rb:80:in `block in tagged'
activesupport (6.0.3.5) lib/active_support/tagged_logging.rb:28:in `tagged'
activesupport (6.0.3.5) lib/active_support/tagged_logging.rb:80:in `tagged'
railties (6.0.3.5) lib/rails/rack/logger.rb:26:in `call'
sprockets-rails (3.2.2) lib/sprockets/rails/quiet_assets.rb:13:in `call'
actionpack (6.0.3.5) lib/action_dispatch/middleware/remote_ip.rb:81:in `call'
actionpack (6.0.3.5) lib/action_dispatch/middleware/request_id.rb:27:in `call'
rack (2.2.3) lib/rack/method_override.rb:24:in `call'
rack (2.2.3) lib/rack/runtime.rb:22:in `call'
activesupport (6.0.3.5) lib/active_support/cache/strategy/local_cache_middleware.rb:29:in `call'
actionpack (6.0.3.5) lib/action_dispatch/middleware/executor.rb:14:in `call'
actionpack (6.0.3.5) lib/action_dispatch/middleware/static.rb:126:in `call'
rack (2.2.3) lib/rack/sendfile.rb:110:in `call'
actionpack (6.0.3.5) lib/action_dispatch/middleware/host_authorization.rb:82:in `call'
webpacker (4.3.0) lib/webpacker/dev_server_proxy.rb:23:in `perform_request'
rack-proxy (0.6.5) lib/rack/proxy.rb:57:in `call'
railties (6.0.3.5) lib/rails/engine.rb:527:in `call'
puma (4.3.7) lib/puma/configuration.rb:228:in `call'
puma (4.3.7) lib/puma/server.rb:713:in `handle_request'
puma (4.3.7) lib/puma/server.rb:472:in `process_client'
puma (4.3.7) lib/puma/server.rb:328:in `block in run'
puma (4.3.7) lib/puma/thread_pool.rb:134:in `block in spawn_thread'
Started GET "/post/new" for 127.0.0.1 at 2021-02-16 18:52:50 +0100
  [1m[35m (0.2ms)[0m  [1m[34mSELECT sqlite_version(*)[0m
Processing by PostController#new as HTML
  [1m[36mUser Load (0.3ms)[0m  [1m[34mSELECT "users".* FROM "users" WHERE "users"."id" = ? ORDER BY "users"."id" ASC LIMIT ?[0m  [["id", 1], ["LIMIT", 1]]
  Rendering post/new.html.erb within layouts/application
  Rendered post/new.html.erb within layouts/application (Duration: 757.5ms | Allocations: 70469)
Completed 500 Internal Server Error in 875ms (ActiveRecord: 3.7ms | Allocations: 79049)


  
ActionView::Template::Error (undefined method `posts_path' for #<#<Class:0x00007f3184525b90>:0x00007f318451fd58>
Did you mean?  post_index_path):
    1: <h1 class="m-5 text-center w-100 text-light">Tells us something</h1>
    2: <div class="col-md-6">
    3:     <%= form_with(model: @post, local: true) do |form|%>
    4:         <div class="form-group">
    5:             <%= form.label :title, class: "text-info text-big" %><br>
    6:             <%= form.text_field :title, class: "form-control" %> 
  
app/views/post/new.html.erb:3
Started GET "/post/new" for 127.0.0.1 at 2021-02-16 19:42:30 +0100
  [1m[35m (0.3ms)[0m  [1m[34mSELECT sqlite_version(*)[0m
  
ActionController::RoutingError (No route matches [GET] "/post/new"):
  
actionpack (6.0.3.5) lib/action_dispatch/middleware/debug_exceptions.rb:36:in `call'
web-console (4.1.0) lib/web_console/middleware.rb:132:in `call_app'
web-console (4.1.0) lib/web_console/middleware.rb:28:in `block in call'
web-console (4.1.0) lib/web_console/middleware.rb:17:in `catch'
web-console (4.1.0) lib/web_console/middleware.rb:17:in `call'
actionpack (6.0.3.5) lib/action_dispatch/middleware/show_exceptions.rb:33:in `call'
railties (6.0.3.5) lib/rails/rack/logger.rb:37:in `call_app'
railties (6.0.3.5) lib/rails/rack/logger.rb:26:in `block in call'
activesupport (6.0.3.5) lib/active_support/tagged_logging.rb:80:in `block in tagged'
activesupport (6.0.3.5) lib/active_support/tagged_logging.rb:28:in `tagged'
activesupport (6.0.3.5) lib/active_support/tagged_logging.rb:80:in `tagged'
railties (6.0.3.5) lib/rails/rack/logger.rb:26:in `call'
sprockets-rails (3.2.2) lib/sprockets/rails/quiet_assets.rb:13:in `call'
actionpack (6.0.3.5) lib/action_dispatch/middleware/remote_ip.rb:81:in `call'
actionpack (6.0.3.5) lib/action_dispatch/middleware/request_id.rb:27:in `call'
rack (2.2.3) lib/rack/method_override.rb:24:in `call'
rack (2.2.3) lib/rack/runtime.rb:22:in `call'
activesupport (6.0.3.5) lib/active_support/cache/strategy/local_cache_middleware.rb:29:in `call'
actionpack (6.0.3.5) lib/action_dispatch/middleware/executor.rb:14:in `call'
actionpack (6.0.3.5) lib/action_dispatch/middleware/static.rb:126:in `call'
rack (2.2.3) lib/rack/sendfile.rb:110:in `call'
actionpack (6.0.3.5) lib/action_dispatch/middleware/host_authorization.rb:82:in `call'
webpacker (4.3.0) lib/webpacker/dev_server_proxy.rb:23:in `perform_request'
rack-proxy (0.6.5) lib/rack/proxy.rb:57:in `call'
railties (6.0.3.5) lib/rails/engine.rb:527:in `call'
puma (4.3.7) lib/puma/configuration.rb:228:in `call'
puma (4.3.7) lib/puma/server.rb:713:in `handle_request'
puma (4.3.7) lib/puma/server.rb:472:in `process_client'
puma (4.3.7) lib/puma/server.rb:328:in `block in run'
puma (4.3.7) lib/puma/thread_pool.rb:134:in `block in spawn_thread'
Started GET "/post/new" for 127.0.0.1 at 2021-02-16 19:42:47 +0100
  [1m[35m (0.2ms)[0m  [1m[34mSELECT sqlite_version(*)[0m
Processing by PostController#new as HTML
  [1m[36mUser Load (1.2ms)[0m  [1m[34mSELECT "users".* FROM "users" WHERE "users"."id" = ? ORDER BY "users"."id" ASC LIMIT ?[0m  [["id", 1], ["LIMIT", 1]]
  Rendering post/new.html.erb within layouts/application
  Rendered post/new.html.erb within layouts/application (Duration: 2223.9ms | Allocations: 70498)
Completed 500 Internal Server Error in 2398ms (ActiveRecord: 7.6ms | Allocations: 79078)


  
ActionView::Template::Error (undefined method `posts_path' for #<#<Class:0x00007f31845856a8>:0x00007f318457fa28>
Did you mean?  post_index_path):
    1: <h1 class="m-5 text-center w-100 text-light">Tells us something</h1>
    2: <div class="col-md-6">
    3:     <%= form_with(model: @post, local: true) do |form|%>
    4:         <div class="form-group">
    5:             <%= form.label :title, class: "text-info text-big" %><br>
    6:             <%= form.text_field :title, class: "form-control" %> 
  
app/views/post/new.html.erb:3
Started GET "/post/new" for 127.0.0.1 at 2021-02-16 19:43:10 +0100
  [1m[35m (0.2ms)[0m  [1m[34mSELECT sqlite_version(*)[0m
  
ActionController::RoutingError (No route matches [GET] "/post/new"):
  
actionpack (6.0.3.5) lib/action_dispatch/middleware/debug_exceptions.rb:36:in `call'
web-console (4.1.0) lib/web_console/middleware.rb:132:in `call_app'
web-console (4.1.0) lib/web_console/middleware.rb:28:in `block in call'
web-console (4.1.0) lib/web_console/middleware.rb:17:in `catch'
web-console (4.1.0) lib/web_console/middleware.rb:17:in `call'
actionpack (6.0.3.5) lib/action_dispatch/middleware/show_exceptions.rb:33:in `call'
railties (6.0.3.5) lib/rails/rack/logger.rb:37:in `call_app'
railties (6.0.3.5) lib/rails/rack/logger.rb:26:in `block in call'
activesupport (6.0.3.5) lib/active_support/tagged_logging.rb:80:in `block in tagged'
activesupport (6.0.3.5) lib/active_support/tagged_logging.rb:28:in `tagged'
activesupport (6.0.3.5) lib/active_support/tagged_logging.rb:80:in `tagged'
railties (6.0.3.5) lib/rails/rack/logger.rb:26:in `call'
sprockets-rails (3.2.2) lib/sprockets/rails/quiet_assets.rb:13:in `call'
actionpack (6.0.3.5) lib/action_dispatch/middleware/remote_ip.rb:81:in `call'
actionpack (6.0.3.5) lib/action_dispatch/middleware/request_id.rb:27:in `call'
rack (2.2.3) lib/rack/method_override.rb:24:in `call'
rack (2.2.3) lib/rack/runtime.rb:22:in `call'
activesupport (6.0.3.5) lib/active_support/cache/strategy/local_cache_middleware.rb:29:in `call'
actionpack (6.0.3.5) lib/action_dispatch/middleware/executor.rb:14:in `call'
actionpack (6.0.3.5) lib/action_dispatch/middleware/static.rb:126:in `call'
rack (2.2.3) lib/rack/sendfile.rb:110:in `call'
actionpack (6.0.3.5) lib/action_dispatch/middleware/host_authorization.rb:82:in `call'
webpacker (4.3.0) lib/webpacker/dev_server_proxy.rb:23:in `perform_request'
rack-proxy (0.6.5) lib/rack/proxy.rb:57:in `call'
railties (6.0.3.5) lib/rails/engine.rb:527:in `call'
puma (4.3.7) lib/puma/configuration.rb:228:in `call'
puma (4.3.7) lib/puma/server.rb:713:in `handle_request'
puma (4.3.7) lib/puma/server.rb:472:in `process_client'
puma (4.3.7) lib/puma/server.rb:328:in `block in run'
puma (4.3.7) lib/puma/thread_pool.rb:134:in `block in spawn_thread'
Started GET "/post/new" for 127.0.0.1 at 2021-02-16 22:30:01 +0100
  
ArgumentError (Invalid route name, already in use: 'root' 
You may have defined two routes with the same name using the `:as` option, or you may be overriding a route already defined by a resource with the same naming. For the latter, you can restrict the routes created with `resources` as explained here: 
https://guides.rubyonrails.org/routing.html#restricting-the-routes-created):
  
config/routes.rb:4:in `block in <main>'
config/routes.rb:1:in `<main>'
Started GET "/post/new" for 127.0.0.1 at 2021-02-16 22:38:15 +0100
  [1m[35m (8.0ms)[0m  [1m[34mSELECT sqlite_version(*)[0m
  
ActionController::RoutingError (No route matches [GET] "/post/new"):
  
actionpack (6.0.3.5) lib/action_dispatch/middleware/debug_exceptions.rb:36:in `call'
web-console (4.1.0) lib/web_console/middleware.rb:132:in `call_app'
web-console (4.1.0) lib/web_console/middleware.rb:28:in `block in call'
web-console (4.1.0) lib/web_console/middleware.rb:17:in `catch'
web-console (4.1.0) lib/web_console/middleware.rb:17:in `call'
actionpack (6.0.3.5) lib/action_dispatch/middleware/show_exceptions.rb:33:in `call'
railties (6.0.3.5) lib/rails/rack/logger.rb:37:in `call_app'
railties (6.0.3.5) lib/rails/rack/logger.rb:26:in `block in call'
activesupport (6.0.3.5) lib/active_support/tagged_logging.rb:80:in `block in tagged'
activesupport (6.0.3.5) lib/active_support/tagged_logging.rb:28:in `tagged'
activesupport (6.0.3.5) lib/active_support/tagged_logging.rb:80:in `tagged'
railties (6.0.3.5) lib/rails/rack/logger.rb:26:in `call'
sprockets-rails (3.2.2) lib/sprockets/rails/quiet_assets.rb:13:in `call'
actionpack (6.0.3.5) lib/action_dispatch/middleware/remote_ip.rb:81:in `call'
actionpack (6.0.3.5) lib/action_dispatch/middleware/request_id.rb:27:in `call'
rack (2.2.3) lib/rack/method_override.rb:24:in `call'
rack (2.2.3) lib/rack/runtime.rb:22:in `call'
activesupport (6.0.3.5) lib/active_support/cache/strategy/local_cache_middleware.rb:29:in `call'
actionpack (6.0.3.5) lib/action_dispatch/middleware/executor.rb:14:in `call'
actionpack (6.0.3.5) lib/action_dispatch/middleware/static.rb:126:in `call'
rack (2.2.3) lib/rack/sendfile.rb:110:in `call'
actionpack (6.0.3.5) lib/action_dispatch/middleware/host_authorization.rb:82:in `call'
webpacker (4.3.0) lib/webpacker/dev_server_proxy.rb:23:in `perform_request'
rack-proxy (0.6.5) lib/rack/proxy.rb:57:in `call'
railties (6.0.3.5) lib/rails/engine.rb:527:in `call'
puma (4.3.7) lib/puma/configuration.rb:228:in `call'
puma (4.3.7) lib/puma/server.rb:713:in `handle_request'
puma (4.3.7) lib/puma/server.rb:472:in `process_client'
puma (4.3.7) lib/puma/server.rb:328:in `block in run'
puma (4.3.7) lib/puma/thread_pool.rb:134:in `block in spawn_thread'
Started GET "/post/new" for 127.0.0.1 at 2021-02-17 08:32:06 +0100
  [1m[35m (0.3ms)[0m  [1m[34mSELECT sqlite_version(*)[0m
  
ActionController::RoutingError (No route matches [GET] "/post/new"):
  
actionpack (6.0.3.5) lib/action_dispatch/middleware/debug_exceptions.rb:36:in `call'
web-console (4.1.0) lib/web_console/middleware.rb:132:in `call_app'
web-console (4.1.0) lib/web_console/middleware.rb:28:in `block in call'
web-console (4.1.0) lib/web_console/middleware.rb:17:in `catch'
web-console (4.1.0) lib/web_console/middleware.rb:17:in `call'
actionpack (6.0.3.5) lib/action_dispatch/middleware/show_exceptions.rb:33:in `call'
railties (6.0.3.5) lib/rails/rack/logger.rb:37:in `call_app'
railties (6.0.3.5) lib/rails/rack/logger.rb:26:in `block in call'
activesupport (6.0.3.5) lib/active_support/tagged_logging.rb:80:in `block in tagged'
activesupport (6.0.3.5) lib/active_support/tagged_logging.rb:28:in `tagged'
activesupport (6.0.3.5) lib/active_support/tagged_logging.rb:80:in `tagged'
railties (6.0.3.5) lib/rails/rack/logger.rb:26:in `call'
sprockets-rails (3.2.2) lib/sprockets/rails/quiet_assets.rb:13:in `call'
actionpack (6.0.3.5) lib/action_dispatch/middleware/remote_ip.rb:81:in `call'
actionpack (6.0.3.5) lib/action_dispatch/middleware/request_id.rb:27:in `call'
rack (2.2.3) lib/rack/method_override.rb:24:in `call'
rack (2.2.3) lib/rack/runtime.rb:22:in `call'
activesupport (6.0.3.5) lib/active_support/cache/strategy/local_cache_middleware.rb:29:in `call'
actionpack (6.0.3.5) lib/action_dispatch/middleware/executor.rb:14:in `call'
actionpack (6.0.3.5) lib/action_dispatch/middleware/static.rb:126:in `call'
rack (2.2.3) lib/rack/sendfile.rb:110:in `call'
actionpack (6.0.3.5) lib/action_dispatch/middleware/host_authorization.rb:82:in `call'
webpacker (4.3.0) lib/webpacker/dev_server_proxy.rb:23:in `perform_request'
rack-proxy (0.6.5) lib/rack/proxy.rb:57:in `call'
railties (6.0.3.5) lib/rails/engine.rb:527:in `call'
puma (4.3.7) lib/puma/configuration.rb:228:in `call'
puma (4.3.7) lib/puma/server.rb:713:in `handle_request'
puma (4.3.7) lib/puma/server.rb:472:in `process_client'
puma (4.3.7) lib/puma/server.rb:328:in `block in run'
puma (4.3.7) lib/puma/thread_pool.rb:134:in `block in spawn_thread'
Started GET "/post/new" for 127.0.0.1 at 2021-02-17 08:32:35 +0100
  [1m[35m (0.4ms)[0m  [1m[34mSELECT sqlite_version(*)[0m
  
ActionController::RoutingError (No route matches [GET] "/post/new"):
  
actionpack (6.0.3.5) lib/action_dispatch/middleware/debug_exceptions.rb:36:in `call'
web-console (4.1.0) lib/web_console/middleware.rb:132:in `call_app'
web-console (4.1.0) lib/web_console/middleware.rb:28:in `block in call'
web-console (4.1.0) lib/web_console/middleware.rb:17:in `catch'
web-console (4.1.0) lib/web_console/middleware.rb:17:in `call'
actionpack (6.0.3.5) lib/action_dispatch/middleware/show_exceptions.rb:33:in `call'
railties (6.0.3.5) lib/rails/rack/logger.rb:37:in `call_app'
railties (6.0.3.5) lib/rails/rack/logger.rb:26:in `block in call'
activesupport (6.0.3.5) lib/active_support/tagged_logging.rb:80:in `block in tagged'
activesupport (6.0.3.5) lib/active_support/tagged_logging.rb:28:in `tagged'
activesupport (6.0.3.5) lib/active_support/tagged_logging.rb:80:in `tagged'
railties (6.0.3.5) lib/rails/rack/logger.rb:26:in `call'
sprockets-rails (3.2.2) lib/sprockets/rails/quiet_assets.rb:13:in `call'
actionpack (6.0.3.5) lib/action_dispatch/middleware/remote_ip.rb:81:in `call'
actionpack (6.0.3.5) lib/action_dispatch/middleware/request_id.rb:27:in `call'
rack (2.2.3) lib/rack/method_override.rb:24:in `call'
rack (2.2.3) lib/rack/runtime.rb:22:in `call'
activesupport (6.0.3.5) lib/active_support/cache/strategy/local_cache_middleware.rb:29:in `call'
actionpack (6.0.3.5) lib/action_dispatch/middleware/executor.rb:14:in `call'
actionpack (6.0.3.5) lib/action_dispatch/middleware/static.rb:126:in `call'
rack (2.2.3) lib/rack/sendfile.rb:110:in `call'
actionpack (6.0.3.5) lib/action_dispatch/middleware/host_authorization.rb:82:in `call'
webpacker (4.3.0) lib/webpacker/dev_server_proxy.rb:23:in `perform_request'
rack-proxy (0.6.5) lib/rack/proxy.rb:57:in `call'
railties (6.0.3.5) lib/rails/engine.rb:527:in `call'
puma (4.3.7) lib/puma/configuration.rb:228:in `call'
puma (4.3.7) lib/puma/server.rb:713:in `handle_request'
puma (4.3.7) lib/puma/server.rb:472:in `process_client'
puma (4.3.7) lib/puma/server.rb:328:in `block in run'
puma (4.3.7) lib/puma/thread_pool.rb:134:in `block in spawn_thread'
Started GET "/post/new" for 127.0.0.1 at 2021-02-17 08:40:13 +0100
  
ArgumentError (Missing :controller key on routes definition, please check your routes.):
  
config/routes.rb:4:in `block in <main>'
config/routes.rb:1:in `<main>'
Started GET "/post/new" for 127.0.0.1 at 2021-02-17 08:48:09 +0100
  [1m[35m (0.1ms)[0m  [1m[34mSELECT sqlite_version(*)[0m
  
ActionController::RoutingError (No route matches [GET] "/post/new"):
  
actionpack (6.0.3.5) lib/action_dispatch/middleware/debug_exceptions.rb:36:in `call'
web-console (4.1.0) lib/web_console/middleware.rb:132:in `call_app'
web-console (4.1.0) lib/web_console/middleware.rb:28:in `block in call'
web-console (4.1.0) lib/web_console/middleware.rb:17:in `catch'
web-console (4.1.0) lib/web_console/middleware.rb:17:in `call'
actionpack (6.0.3.5) lib/action_dispatch/middleware/show_exceptions.rb:33:in `call'
railties (6.0.3.5) lib/rails/rack/logger.rb:37:in `call_app'
railties (6.0.3.5) lib/rails/rack/logger.rb:26:in `block in call'
activesupport (6.0.3.5) lib/active_support/tagged_logging.rb:80:in `block in tagged'
activesupport (6.0.3.5) lib/active_support/tagged_logging.rb:28:in `tagged'
activesupport (6.0.3.5) lib/active_support/tagged_logging.rb:80:in `tagged'
railties (6.0.3.5) lib/rails/rack/logger.rb:26:in `call'
sprockets-rails (3.2.2) lib/sprockets/rails/quiet_assets.rb:13:in `call'
actionpack (6.0.3.5) lib/action_dispatch/middleware/remote_ip.rb:81:in `call'
actionpack (6.0.3.5) lib/action_dispatch/middleware/request_id.rb:27:in `call'
rack (2.2.3) lib/rack/method_override.rb:24:in `call'
rack (2.2.3) lib/rack/runtime.rb:22:in `call'
activesupport (6.0.3.5) lib/active_support/cache/strategy/local_cache_middleware.rb:29:in `call'
actionpack (6.0.3.5) lib/action_dispatch/middleware/executor.rb:14:in `call'
actionpack (6.0.3.5) lib/action_dispatch/middleware/static.rb:126:in `call'
rack (2.2.3) lib/rack/sendfile.rb:110:in `call'
actionpack (6.0.3.5) lib/action_dispatch/middleware/host_authorization.rb:82:in `call'
webpacker (4.3.0) lib/webpacker/dev_server_proxy.rb:23:in `perform_request'
rack-proxy (0.6.5) lib/rack/proxy.rb:57:in `call'
railties (6.0.3.5) lib/rails/engine.rb:527:in `call'
puma (4.3.7) lib/puma/configuration.rb:228:in `call'
puma (4.3.7) lib/puma/server.rb:713:in `handle_request'
puma (4.3.7) lib/puma/server.rb:472:in `process_client'
puma (4.3.7) lib/puma/server.rb:328:in `block in run'
puma (4.3.7) lib/puma/thread_pool.rb:134:in `block in spawn_thread'
Started GET "/post/new" for 127.0.0.1 at 2021-02-17 08:48:34 +0100
  [1m[35m (0.1ms)[0m  [1m[34mSELECT sqlite_version(*)[0m
Processing by PostController#new as HTML
  [1m[36mUser Load (4.1ms)[0m  [1m[34mSELECT "users".* FROM "users" WHERE "users"."id" = ? ORDER BY "users"."id" ASC LIMIT ?[0m  [["id", 1], ["LIMIT", 1]]
  Rendering post/new.html.erb within layouts/application
  Rendered post/new.html.erb within layouts/application (Duration: 622.9ms | Allocations: 1267)
[Webpacker] Everything's up-to-date. Nothing to do
Completed 200 OK in 2583ms (Views: 1887.9ms | ActiveRecord: 36.1ms | Allocations: 13459)


Started POST "/posts" for 127.0.0.1 at 2021-02-17 08:49:33 +0100
  
ActionController::RoutingError (uninitialized constant PostsController
Did you mean?  PostController):
  
actionpack (6.0.3.5) lib/action_dispatch/http/request.rb:92:in `rescue in controller_class_for'
actionpack (6.0.3.5) lib/action_dispatch/http/request.rb:88:in `controller_class_for'
actionpack (6.0.3.5) lib/action_dispatch/http/request.rb:81:in `controller_class'
actionpack (6.0.3.5) lib/action_dispatch/routing/route_set.rb:44:in `controller'
actionpack (6.0.3.5) lib/action_dispatch/routing/route_set.rb:31:in `serve'
actionpack (6.0.3.5) lib/action_dispatch/journey/router.rb:49:in `block in serve'
actionpack (6.0.3.5) lib/action_dispatch/journey/router.rb:32:in `each'
actionpack (6.0.3.5) lib/action_dispatch/journey/router.rb:32:in `serve'
actionpack (6.0.3.5) lib/action_dispatch/routing/route_set.rb:834:in `call'
warden (1.2.9) lib/warden/manager.rb:36:in `block in call'
warden (1.2.9) lib/warden/manager.rb:34:in `catch'
warden (1.2.9) lib/warden/manager.rb:34:in `call'
rack (2.2.3) lib/rack/tempfile_reaper.rb:15:in `call'
rack (2.2.3) lib/rack/etag.rb:27:in `call'
rack (2.2.3) lib/rack/conditional_get.rb:40:in `call'
rack (2.2.3) lib/rack/head.rb:12:in `call'
actionpack (6.0.3.5) lib/action_dispatch/http/content_security_policy.rb:18:in `call'
rack (2.2.3) lib/rack/session/abstract/id.rb:266:in `context'
rack (2.2.3) lib/rack/session/abstract/id.rb:260:in `call'
actionpack (6.0.3.5) lib/action_dispatch/middleware/cookies.rb:648:in `call'
activerecord (6.0.3.5) lib/active_record/migration.rb:567:in `call'
actionpack (6.0.3.5) lib/action_dispatch/middleware/callbacks.rb:27:in `block in call'
activesupport (6.0.3.5) lib/active_support/callbacks.rb:101:in `run_callbacks'
actionpack (6.0.3.5) lib/action_dispatch/middleware/callbacks.rb:26:in `call'
actionpack (6.0.3.5) lib/action_dispatch/middleware/executor.rb:14:in `call'
actionpack (6.0.3.5) lib/action_dispatch/middleware/actionable_exceptions.rb:18:in `call'
actionpack (6.0.3.5) lib/action_dispatch/middleware/debug_exceptions.rb:32:in `call'
web-console (4.1.0) lib/web_console/middleware.rb:132:in `call_app'
web-console (4.1.0) lib/web_console/middleware.rb:28:in `block in call'
web-console (4.1.0) lib/web_console/middleware.rb:17:in `catch'
web-console (4.1.0) lib/web_console/middleware.rb:17:in `call'
actionpack (6.0.3.5) lib/action_dispatch/middleware/show_exceptions.rb:33:in `call'
railties (6.0.3.5) lib/rails/rack/logger.rb:37:in `call_app'
railties (6.0.3.5) lib/rails/rack/logger.rb:26:in `block in call'
activesupport (6.0.3.5) lib/active_support/tagged_logging.rb:80:in `block in tagged'
activesupport (6.0.3.5) lib/active_support/tagged_logging.rb:28:in `tagged'
activesupport (6.0.3.5) lib/active_support/tagged_logging.rb:80:in `tagged'
railties (6.0.3.5) lib/rails/rack/logger.rb:26:in `call'
sprockets-rails (3.2.2) lib/sprockets/rails/quiet_assets.rb:13:in `call'
actionpack (6.0.3.5) lib/action_dispatch/middleware/remote_ip.rb:81:in `call'
actionpack (6.0.3.5) lib/action_dispatch/middleware/request_id.rb:27:in `call'
rack (2.2.3) lib/rack/method_override.rb:24:in `call'
rack (2.2.3) lib/rack/runtime.rb:22:in `call'
activesupport (6.0.3.5) lib/active_support/cache/strategy/local_cache_middleware.rb:29:in `call'
actionpack (6.0.3.5) lib/action_dispatch/middleware/executor.rb:14:in `call'
actionpack (6.0.3.5) lib/action_dispatch/middleware/static.rb:126:in `call'
rack (2.2.3) lib/rack/sendfile.rb:110:in `call'
actionpack (6.0.3.5) lib/action_dispatch/middleware/host_authorization.rb:82:in `call'
webpacker (4.3.0) lib/webpacker/dev_server_proxy.rb:23:in `perform_request'
rack-proxy (0.6.5) lib/rack/proxy.rb:57:in `call'
railties (6.0.3.5) lib/rails/engine.rb:527:in `call'
puma (4.3.7) lib/puma/configuration.rb:228:in `call'
puma (4.3.7) lib/puma/server.rb:713:in `handle_request'
puma (4.3.7) lib/puma/server.rb:472:in `process_client'
puma (4.3.7) lib/puma/server.rb:328:in `block in run'
puma (4.3.7) lib/puma/thread_pool.rb:134:in `block in spawn_thread'
Started POST "/posts" for 127.0.0.1 at 2021-02-17 09:16:59 +0100
  [1m[35m (0.1ms)[0m  [1m[34mSELECT sqlite_version(*)[0m
  
ActionController::RoutingError (uninitialized constant PostsController
Did you mean?  PostController):
  
actionpack (6.0.3.5) lib/action_dispatch/http/request.rb:92:in `rescue in controller_class_for'
actionpack (6.0.3.5) lib/action_dispatch/http/request.rb:88:in `controller_class_for'
actionpack (6.0.3.5) lib/action_dispatch/http/request.rb:81:in `controller_class'
actionpack (6.0.3.5) lib/action_dispatch/routing/route_set.rb:44:in `controller'
actionpack (6.0.3.5) lib/action_dispatch/routing/route_set.rb:31:in `serve'
actionpack (6.0.3.5) lib/action_dispatch/journey/router.rb:49:in `block in serve'
actionpack (6.0.3.5) lib/action_dispatch/journey/router.rb:32:in `each'
actionpack (6.0.3.5) lib/action_dispatch/journey/router.rb:32:in `serve'
actionpack (6.0.3.5) lib/action_dispatch/routing/route_set.rb:834:in `call'
warden (1.2.9) lib/warden/manager.rb:36:in `block in call'
warden (1.2.9) lib/warden/manager.rb:34:in `catch'
warden (1.2.9) lib/warden/manager.rb:34:in `call'
rack (2.2.3) lib/rack/tempfile_reaper.rb:15:in `call'
rack (2.2.3) lib/rack/etag.rb:27:in `call'
rack (2.2.3) lib/rack/conditional_get.rb:40:in `call'
rack (2.2.3) lib/rack/head.rb:12:in `call'
actionpack (6.0.3.5) lib/action_dispatch/http/content_security_policy.rb:18:in `call'
rack (2.2.3) lib/rack/session/abstract/id.rb:266:in `context'
rack (2.2.3) lib/rack/session/abstract/id.rb:260:in `call'
actionpack (6.0.3.5) lib/action_dispatch/middleware/cookies.rb:648:in `call'
activerecord (6.0.3.5) lib/active_record/migration.rb:567:in `call'
actionpack (6.0.3.5) lib/action_dispatch/middleware/callbacks.rb:27:in `block in call'
activesupport (6.0.3.5) lib/active_support/callbacks.rb:101:in `run_callbacks'
actionpack (6.0.3.5) lib/action_dispatch/middleware/callbacks.rb:26:in `call'
actionpack (6.0.3.5) lib/action_dispatch/middleware/executor.rb:14:in `call'
actionpack (6.0.3.5) lib/action_dispatch/middleware/actionable_exceptions.rb:18:in `call'
actionpack (6.0.3.5) lib/action_dispatch/middleware/debug_exceptions.rb:32:in `call'
web-console (4.1.0) lib/web_console/middleware.rb:132:in `call_app'
web-console (4.1.0) lib/web_console/middleware.rb:28:in `block in call'
web-console (4.1.0) lib/web_console/middleware.rb:17:in `catch'
web-console (4.1.0) lib/web_console/middleware.rb:17:in `call'
actionpack (6.0.3.5) lib/action_dispatch/middleware/show_exceptions.rb:33:in `call'
railties (6.0.3.5) lib/rails/rack/logger.rb:37:in `call_app'
railties (6.0.3.5) lib/rails/rack/logger.rb:26:in `block in call'
activesupport (6.0.3.5) lib/active_support/tagged_logging.rb:80:in `block in tagged'
activesupport (6.0.3.5) lib/active_support/tagged_logging.rb:28:in `tagged'
activesupport (6.0.3.5) lib/active_support/tagged_logging.rb:80:in `tagged'
railties (6.0.3.5) lib/rails/rack/logger.rb:26:in `call'
sprockets-rails (3.2.2) lib/sprockets/rails/quiet_assets.rb:13:in `call'
actionpack (6.0.3.5) lib/action_dispatch/middleware/remote_ip.rb:81:in `call'
actionpack (6.0.3.5) lib/action_dispatch/middleware/request_id.rb:27:in `call'
rack (2.2.3) lib/rack/method_override.rb:24:in `call'
rack (2.2.3) lib/rack/runtime.rb:22:in `call'
activesupport (6.0.3.5) lib/active_support/cache/strategy/local_cache_middleware.rb:29:in `call'
actionpack (6.0.3.5) lib/action_dispatch/middleware/executor.rb:14:in `call'
actionpack (6.0.3.5) lib/action_dispatch/middleware/static.rb:126:in `call'
rack (2.2.3) lib/rack/sendfile.rb:110:in `call'
actionpack (6.0.3.5) lib/action_dispatch/middleware/host_authorization.rb:82:in `call'
webpacker (4.3.0) lib/webpacker/dev_server_proxy.rb:23:in `perform_request'
rack-proxy (0.6.5) lib/rack/proxy.rb:57:in `call'
railties (6.0.3.5) lib/rails/engine.rb:527:in `call'
puma (4.3.7) lib/puma/configuration.rb:228:in `call'
puma (4.3.7) lib/puma/server.rb:713:in `handle_request'
puma (4.3.7) lib/puma/server.rb:472:in `process_client'
puma (4.3.7) lib/puma/server.rb:328:in `block in run'
puma (4.3.7) lib/puma/thread_pool.rb:134:in `block in spawn_thread'
Started GET "/posts" for 127.0.0.1 at 2021-02-17 09:17:24 +0100
  
ActionController::RoutingError (uninitialized constant PostsController
Did you mean?  PostController):
  
actionpack (6.0.3.5) lib/action_dispatch/http/request.rb:92:in `rescue in controller_class_for'
actionpack (6.0.3.5) lib/action_dispatch/http/request.rb:88:in `controller_class_for'
actionpack (6.0.3.5) lib/action_dispatch/http/request.rb:81:in `controller_class'
actionpack (6.0.3.5) lib/action_dispatch/routing/route_set.rb:44:in `controller'
actionpack (6.0.3.5) lib/action_dispatch/routing/route_set.rb:31:in `serve'
actionpack (6.0.3.5) lib/action_dispatch/journey/router.rb:49:in `block in serve'
actionpack (6.0.3.5) lib/action_dispatch/journey/router.rb:32:in `each'
actionpack (6.0.3.5) lib/action_dispatch/journey/router.rb:32:in `serve'
actionpack (6.0.3.5) lib/action_dispatch/routing/route_set.rb:834:in `call'
warden (1.2.9) lib/warden/manager.rb:36:in `block in call'
warden (1.2.9) lib/warden/manager.rb:34:in `catch'
warden (1.2.9) lib/warden/manager.rb:34:in `call'
rack (2.2.3) lib/rack/tempfile_reaper.rb:15:in `call'
rack (2.2.3) lib/rack/etag.rb:27:in `call'
rack (2.2.3) lib/rack/conditional_get.rb:27:in `call'
rack (2.2.3) lib/rack/head.rb:12:in `call'
actionpack (6.0.3.5) lib/action_dispatch/http/content_security_policy.rb:18:in `call'
rack (2.2.3) lib/rack/session/abstract/id.rb:266:in `context'
rack (2.2.3) lib/rack/session/abstract/id.rb:260:in `call'
actionpack (6.0.3.5) lib/action_dispatch/middleware/cookies.rb:648:in `call'
activerecord (6.0.3.5) lib/active_record/migration.rb:567:in `call'
actionpack (6.0.3.5) lib/action_dispatch/middleware/callbacks.rb:27:in `block in call'
activesupport (6.0.3.5) lib/active_support/callbacks.rb:101:in `run_callbacks'
actionpack (6.0.3.5) lib/action_dispatch/middleware/callbacks.rb:26:in `call'
actionpack (6.0.3.5) lib/action_dispatch/middleware/executor.rb:14:in `call'
actionpack (6.0.3.5) lib/action_dispatch/middleware/actionable_exceptions.rb:18:in `call'
actionpack (6.0.3.5) lib/action_dispatch/middleware/debug_exceptions.rb:32:in `call'
web-console (4.1.0) lib/web_console/middleware.rb:132:in `call_app'
web-console (4.1.0) lib/web_console/middleware.rb:28:in `block in call'
web-console (4.1.0) lib/web_console/middleware.rb:17:in `catch'
web-console (4.1.0) lib/web_console/middleware.rb:17:in `call'
actionpack (6.0.3.5) lib/action_dispatch/middleware/show_exceptions.rb:33:in `call'
railties (6.0.3.5) lib/rails/rack/logger.rb:37:in `call_app'
railties (6.0.3.5) lib/rails/rack/logger.rb:26:in `block in call'
activesupport (6.0.3.5) lib/active_support/tagged_logging.rb:80:in `block in tagged'
activesupport (6.0.3.5) lib/active_support/tagged_logging.rb:28:in `tagged'
activesupport (6.0.3.5) lib/active_support/tagged_logging.rb:80:in `tagged'
railties (6.0.3.5) lib/rails/rack/logger.rb:26:in `call'
sprockets-rails (3.2.2) lib/sprockets/rails/quiet_assets.rb:13:in `call'
actionpack (6.0.3.5) lib/action_dispatch/middleware/remote_ip.rb:81:in `call'
actionpack (6.0.3.5) lib/action_dispatch/middleware/request_id.rb:27:in `call'
rack (2.2.3) lib/rack/method_override.rb:24:in `call'
rack (2.2.3) lib/rack/runtime.rb:22:in `call'
activesupport (6.0.3.5) lib/active_support/cache/strategy/local_cache_middleware.rb:29:in `call'
actionpack (6.0.3.5) lib/action_dispatch/middleware/executor.rb:14:in `call'
actionpack (6.0.3.5) lib/action_dispatch/middleware/static.rb:126:in `call'
rack (2.2.3) lib/rack/sendfile.rb:110:in `call'
actionpack (6.0.3.5) lib/action_dispatch/middleware/host_authorization.rb:82:in `call'
webpacker (4.3.0) lib/webpacker/dev_server_proxy.rb:23:in `perform_request'
rack-proxy (0.6.5) lib/rack/proxy.rb:57:in `call'
railties (6.0.3.5) lib/rails/engine.rb:527:in `call'
puma (4.3.7) lib/puma/configuration.rb:228:in `call'
puma (4.3.7) lib/puma/server.rb:713:in `handle_request'
puma (4.3.7) lib/puma/server.rb:472:in `process_client'
puma (4.3.7) lib/puma/server.rb:328:in `block in run'
puma (4.3.7) lib/puma/thread_pool.rb:134:in `block in spawn_thread'
Started GET "/posts" for 127.0.0.1 at 2021-02-17 09:22:37 +0100
  [1m[35m (0.1ms)[0m  [1m[34mSELECT sqlite_version(*)[0m
  
Zeitwerk::NameError (expected file /home/kamwa/members-only/app/controllers/Posts_controller.rb to define constant PostsController, but didn't):
  
zeitwerk (2.4.2) lib/zeitwerk/loader/callbacks.rb:18:in `on_file_autoloaded'
zeitwerk (2.4.2) lib/zeitwerk/kernel.rb:27:in `block in require'
zeitwerk (2.4.2) lib/zeitwerk/kernel.rb:26:in `tap'
zeitwerk (2.4.2) lib/zeitwerk/kernel.rb:26:in `require'
activesupport (6.0.3.5) lib/active_support/inflector/methods.rb:282:in `const_get'
activesupport (6.0.3.5) lib/active_support/inflector/methods.rb:282:in `block in constantize'
activesupport (6.0.3.5) lib/active_support/inflector/methods.rb:280:in `each'
activesupport (6.0.3.5) lib/active_support/inflector/methods.rb:280:in `inject'
activesupport (6.0.3.5) lib/active_support/inflector/methods.rb:280:in `constantize'
activesupport (6.0.3.5) lib/active_support/dependencies/zeitwerk_integration.rb:19:in `constantize'
actionpack (6.0.3.5) lib/action_dispatch/http/request.rb:89:in `controller_class_for'
actionpack (6.0.3.5) lib/action_dispatch/http/parameters.rb:100:in `binary_params_for?'
actionpack (6.0.3.5) lib/action_dispatch/http/parameters.rb:91:in `set_binary_encoding'
actionpack (6.0.3.5) lib/action_dispatch/http/parameters.rb:69:in `path_parameters='
actionpack (6.0.3.5) lib/action_dispatch/journey/router.rb:47:in `block in serve'
actionpack (6.0.3.5) lib/action_dispatch/journey/router.rb:32:in `each'
actionpack (6.0.3.5) lib/action_dispatch/journey/router.rb:32:in `serve'
actionpack (6.0.3.5) lib/action_dispatch/routing/route_set.rb:834:in `call'
warden (1.2.9) lib/warden/manager.rb:36:in `block in call'
warden (1.2.9) lib/warden/manager.rb:34:in `catch'
warden (1.2.9) lib/warden/manager.rb:34:in `call'
rack (2.2.3) lib/rack/tempfile_reaper.rb:15:in `call'
rack (2.2.3) lib/rack/etag.rb:27:in `call'
rack (2.2.3) lib/rack/conditional_get.rb:27:in `call'
rack (2.2.3) lib/rack/head.rb:12:in `call'
actionpack (6.0.3.5) lib/action_dispatch/http/content_security_policy.rb:18:in `call'
rack (2.2.3) lib/rack/session/abstract/id.rb:266:in `context'
rack (2.2.3) lib/rack/session/abstract/id.rb:260:in `call'
actionpack (6.0.3.5) lib/action_dispatch/middleware/cookies.rb:648:in `call'
activerecord (6.0.3.5) lib/active_record/migration.rb:567:in `call'
actionpack (6.0.3.5) lib/action_dispatch/middleware/callbacks.rb:27:in `block in call'
activesupport (6.0.3.5) lib/active_support/callbacks.rb:101:in `run_callbacks'
actionpack (6.0.3.5) lib/action_dispatch/middleware/callbacks.rb:26:in `call'
actionpack (6.0.3.5) lib/action_dispatch/middleware/executor.rb:14:in `call'
actionpack (6.0.3.5) lib/action_dispatch/middleware/actionable_exceptions.rb:18:in `call'
actionpack (6.0.3.5) lib/action_dispatch/middleware/debug_exceptions.rb:32:in `call'
web-console (4.1.0) lib/web_console/middleware.rb:132:in `call_app'
web-console (4.1.0) lib/web_console/middleware.rb:28:in `block in call'
web-console (4.1.0) lib/web_console/middleware.rb:17:in `catch'
web-console (4.1.0) lib/web_console/middleware.rb:17:in `call'
actionpack (6.0.3.5) lib/action_dispatch/middleware/show_exceptions.rb:33:in `call'
railties (6.0.3.5) lib/rails/rack/logger.rb:37:in `call_app'
railties (6.0.3.5) lib/rails/rack/logger.rb:26:in `block in call'
activesupport (6.0.3.5) lib/active_support/tagged_logging.rb:80:in `block in tagged'
activesupport (6.0.3.5) lib/active_support/tagged_logging.rb:28:in `tagged'
activesupport (6.0.3.5) lib/active_support/tagged_logging.rb:80:in `tagged'
railties (6.0.3.5) lib/rails/rack/logger.rb:26:in `call'
sprockets-rails (3.2.2) lib/sprockets/rails/quiet_assets.rb:13:in `call'
actionpack (6.0.3.5) lib/action_dispatch/middleware/remote_ip.rb:81:in `call'
actionpack (6.0.3.5) lib/action_dispatch/middleware/request_id.rb:27:in `call'
rack (2.2.3) lib/rack/method_override.rb:24:in `call'
rack (2.2.3) lib/rack/runtime.rb:22:in `call'
activesupport (6.0.3.5) lib/active_support/cache/strategy/local_cache_middleware.rb:29:in `call'
actionpack (6.0.3.5) lib/action_dispatch/middleware/executor.rb:14:in `call'
actionpack (6.0.3.5) lib/action_dispatch/middleware/static.rb:126:in `call'
rack (2.2.3) lib/rack/sendfile.rb:110:in `call'
actionpack (6.0.3.5) lib/action_dispatch/middleware/host_authorization.rb:82:in `call'
webpacker (4.3.0) lib/webpacker/dev_server_proxy.rb:23:in `perform_request'
rack-proxy (0.6.5) lib/rack/proxy.rb:57:in `call'
railties (6.0.3.5) lib/rails/engine.rb:527:in `call'
puma (4.3.7) lib/puma/configuration.rb:228:in `call'
puma (4.3.7) lib/puma/server.rb:713:in `handle_request'
puma (4.3.7) lib/puma/server.rb:472:in `process_client'
puma (4.3.7) lib/puma/server.rb:328:in `block in run'
puma (4.3.7) lib/puma/thread_pool.rb:134:in `block in spawn_thread'
Started GET "/posts" for 127.0.0.1 at 2021-02-17 09:23:31 +0100
  [1m[35m (0.1ms)[0m  [1m[34mSELECT sqlite_version(*)[0m
  
TypeError (superclass mismatch for class PostController):
  
app/controllers/Posts_controller.rb:1:in `<main>'
Started GET "/posts" for 127.0.0.1 at 2021-02-17 09:23:48 +0100
  [1m[35m (6.8ms)[0m  [1m[34mSELECT sqlite_version(*)[0m
Processing by PostsController#index as HTML
Completed 406 Not Acceptable in 62ms (ActiveRecord: 0.0ms | Allocations: 2800)


  
ActionController::MissingExactTemplate (PostsController#index is missing a template for request formats: text/html):
  
actionpack (6.0.3.5) lib/action_controller/metal/implicit_render.rb:45:in `default_render'
actionpack (6.0.3.5) lib/action_controller/metal/basic_implicit_render.rb:6:in `block in send_action'
actionpack (6.0.3.5) lib/action_controller/metal/basic_implicit_render.rb:6:in `tap'
actionpack (6.0.3.5) lib/action_controller/metal/basic_implicit_render.rb:6:in `send_action'
actionpack (6.0.3.5) lib/abstract_controller/base.rb:195:in `process_action'
actionpack (6.0.3.5) lib/action_controller/metal/rendering.rb:30:in `process_action'
actionpack (6.0.3.5) lib/abstract_controller/callbacks.rb:42:in `block in process_action'
activesupport (6.0.3.5) lib/active_support/callbacks.rb:135:in `run_callbacks'
actionpack (6.0.3.5) lib/abstract_controller/callbacks.rb:41:in `process_action'
actionpack (6.0.3.5) lib/action_controller/metal/rescue.rb:22:in `process_action'
actionpack (6.0.3.5) lib/action_controller/metal/instrumentation.rb:33:in `block in process_action'
activesupport (6.0.3.5) lib/active_support/notifications.rb:180:in `block in instrument'
activesupport (6.0.3.5) lib/active_support/notifications/instrumenter.rb:24:in `instrument'
activesupport (6.0.3.5) lib/active_support/notifications.rb:180:in `instrument'
actionpack (6.0.3.5) lib/action_controller/metal/instrumentation.rb:32:in `process_action'
actionpack (6.0.3.5) lib/action_controller/metal/params_wrapper.rb:245:in `process_action'
activerecord (6.0.3.5) lib/active_record/railties/controller_runtime.rb:27:in `process_action'
actionpack (6.0.3.5) lib/abstract_controller/base.rb:136:in `process'
actionview (6.0.3.5) lib/action_view/rendering.rb:39:in `process'
actionpack (6.0.3.5) lib/action_controller/metal.rb:190:in `dispatch'
actionpack (6.0.3.5) lib/action_controller/metal.rb:254:in `dispatch'
actionpack (6.0.3.5) lib/action_dispatch/routing/route_set.rb:50:in `dispatch'
actionpack (6.0.3.5) lib/action_dispatch/routing/route_set.rb:33:in `serve'
actionpack (6.0.3.5) lib/action_dispatch/journey/router.rb:49:in `block in serve'
actionpack (6.0.3.5) lib/action_dispatch/journey/router.rb:32:in `each'
actionpack (6.0.3.5) lib/action_dispatch/journey/router.rb:32:in `serve'
actionpack (6.0.3.5) lib/action_dispatch/routing/route_set.rb:834:in `call'
warden (1.2.9) lib/warden/manager.rb:36:in `block in call'
warden (1.2.9) lib/warden/manager.rb:34:in `catch'
warden (1.2.9) lib/warden/manager.rb:34:in `call'
rack (2.2.3) lib/rack/tempfile_reaper.rb:15:in `call'
rack (2.2.3) lib/rack/etag.rb:27:in `call'
rack (2.2.3) lib/rack/conditional_get.rb:27:in `call'
rack (2.2.3) lib/rack/head.rb:12:in `call'
actionpack (6.0.3.5) lib/action_dispatch/http/content_security_policy.rb:18:in `call'
rack (2.2.3) lib/rack/session/abstract/id.rb:266:in `context'
rack (2.2.3) lib/rack/session/abstract/id.rb:260:in `call'
actionpack (6.0.3.5) lib/action_dispatch/middleware/cookies.rb:648:in `call'
activerecord (6.0.3.5) lib/active_record/migration.rb:567:in `call'
actionpack (6.0.3.5) lib/action_dispatch/middleware/callbacks.rb:27:in `block in call'
activesupport (6.0.3.5) lib/active_support/callbacks.rb:101:in `run_callbacks'
actionpack (6.0.3.5) lib/action_dispatch/middleware/callbacks.rb:26:in `call'
actionpack (6.0.3.5) lib/action_dispatch/middleware/executor.rb:14:in `call'
actionpack (6.0.3.5) lib/action_dispatch/middleware/actionable_exceptions.rb:18:in `call'
actionpack (6.0.3.5) lib/action_dispatch/middleware/debug_exceptions.rb:32:in `call'
web-console (4.1.0) lib/web_console/middleware.rb:132:in `call_app'
web-console (4.1.0) lib/web_console/middleware.rb:28:in `block in call'
web-console (4.1.0) lib/web_console/middleware.rb:17:in `catch'
web-console (4.1.0) lib/web_console/middleware.rb:17:in `call'
actionpack (6.0.3.5) lib/action_dispatch/middleware/show_exceptions.rb:33:in `call'
railties (6.0.3.5) lib/rails/rack/logger.rb:37:in `call_app'
railties (6.0.3.5) lib/rails/rack/logger.rb:26:in `block in call'
activesupport (6.0.3.5) lib/active_support/tagged_logging.rb:80:in `block in tagged'
activesupport (6.0.3.5) lib/active_support/tagged_logging.rb:28:in `tagged'
activesupport (6.0.3.5) lib/active_support/tagged_logging.rb:80:in `tagged'
railties (6.0.3.5) lib/rails/rack/logger.rb:26:in `call'
sprockets-rails (3.2.2) lib/sprockets/rails/quiet_assets.rb:13:in `call'
actionpack (6.0.3.5) lib/action_dispatch/middleware/remote_ip.rb:81:in `call'
actionpack (6.0.3.5) lib/action_dispatch/middleware/request_id.rb:27:in `call'
rack (2.2.3) lib/rack/method_override.rb:24:in `call'
rack (2.2.3) lib/rack/runtime.rb:22:in `call'
activesupport (6.0.3.5) lib/active_support/cache/strategy/local_cache_middleware.rb:29:in `call'
actionpack (6.0.3.5) lib/action_dispatch/middleware/executor.rb:14:in `call'
actionpack (6.0.3.5) lib/action_dispatch/middleware/static.rb:126:in `call'
rack (2.2.3) lib/rack/sendfile.rb:110:in `call'
actionpack (6.0.3.5) lib/action_dispatch/middleware/host_authorization.rb:82:in `call'
webpacker (4.3.0) lib/webpacker/dev_server_proxy.rb:23:in `perform_request'
rack-proxy (0.6.5) lib/rack/proxy.rb:57:in `call'
railties (6.0.3.5) lib/rails/engine.rb:527:in `call'
puma (4.3.7) lib/puma/configuration.rb:228:in `call'
puma (4.3.7) lib/puma/server.rb:713:in `handle_request'
puma (4.3.7) lib/puma/server.rb:472:in `process_client'
puma (4.3.7) lib/puma/server.rb:328:in `block in run'
puma (4.3.7) lib/puma/thread_pool.rb:134:in `block in spawn_thread'
Started GET "/posts" for 127.0.0.1 at 2021-02-17 09:24:25 +0100
Processing by PostsController#index as HTML
  Rendering posts/index.html.erb within layouts/application
  [1m[36mPost Load (1.5ms)[0m  [1m[34mSELECT "posts".* FROM "posts"[0m
  â†³ app/views/posts/index.html.erb:3
  Rendered posts/index.html.erb within layouts/application (Duration: 155.7ms | Allocations: 1086)
[Webpacker] Everything's up-to-date. Nothing to do
  [1m[36mUser Load (7.5ms)[0m  [1m[34mSELECT "users".* FROM "users" WHERE "users"."id" = ? ORDER BY "users"."id" ASC LIMIT ?[0m  [["id", 1], ["LIMIT", 1]]
  â†³ app/views/layouts/application.html.erb:25
Completed 200 OK in 754ms (Views: 673.0ms | ActiveRecord: 48.2ms | Allocations: 12161)


Started GET "/posts/new" for 127.0.0.1 at 2021-02-17 09:24:37 +0100
Processing by PostsController#new as HTML
  [1m[36mUser Load (2.5ms)[0m  [1m[34mSELECT "users".* FROM "users" WHERE "users"."id" = ? ORDER BY "users"."id" ASC LIMIT ?[0m  [["id", 1], ["LIMIT", 1]]
  Rendering posts/new.html.erb within layouts/application
  Rendered posts/new.html.erb within layouts/application (Duration: 14.9ms | Allocations: 1222)
[Webpacker] Everything's up-to-date. Nothing to do
Completed 200 OK in 153ms (Views: 54.2ms | ActiveRecord: 5.6ms | Allocations: 10039)


Started POST "/posts" for 127.0.0.1 at 2021-02-17 09:25:16 +0100
Processing by PostsController#create as HTML
  Parameters: {"authenticity_token"=>"8S/GkA6Ot1j/ps+yhfUXw79ihe4zH8+9zPxCjqatxaSYn4HEENvXx2247YCUlP6gKZOApqh+FkCbp36jsDx3aw==", "post"=>{"title"=>"Hallowaaaa", "body"=>"Hey guysss how are you doing?\r\n"}, "commit"=>"Create a post"}
  [1m[36mUser Load (0.3ms)[0m  [1m[34mSELECT "users".* FROM "users" WHERE "users"."id" = ? ORDER BY "users"."id" ASC LIMIT ?[0m  [["id", 1], ["LIMIT", 1]]
Completed 500 Internal Server Error in 768ms (ActiveRecord: 0.3ms | Allocations: 5878)


  
ActiveModel::UnknownAttributeError (unknown attribute 'title' for Post.):
  
app/controllers/Posts_controller.rb:9:in `create'
Started POST "/posts" for 127.0.0.1 at 2021-02-17 09:26:06 +0100
  [1m[35m (0.1ms)[0m  [1m[34mSELECT sqlite_version(*)[0m
Processing by PostsController#create as HTML
  Parameters: {"authenticity_token"=>"8S/GkA6Ot1j/ps+yhfUXw79ihe4zH8+9zPxCjqatxaSYn4HEENvXx2247YCUlP6gKZOApqh+FkCbp36jsDx3aw==", "post"=>{"title"=>"Hallowaaaa", "body"=>"Hey guysss how are you doing?\r\n"}, "commit"=>"Create a post"}
  [1m[36mUser Load (0.5ms)[0m  [1m[34mSELECT "users".* FROM "users" WHERE "users"."id" = ? ORDER BY "users"."id" ASC LIMIT ?[0m  [["id", 1], ["LIMIT", 1]]
Completed 500 Internal Server Error in 106ms (ActiveRecord: 5.5ms | Allocations: 9704)


  
ActiveModel::UnknownAttributeError (unknown attribute 'title' for Post.):
  
app/controllers/Posts_controller.rb:9:in `create'
Started GET "/posts" for 127.0.0.1 at 2021-02-17 09:26:17 +0100
Processing by PostsController#index as HTML
  Rendering posts/index.html.erb within layouts/application
  [1m[36mPost Load (0.3ms)[0m  [1m[34mSELECT "posts".* FROM "posts"[0m
  â†³ app/views/posts/index.html.erb:3
  Rendered posts/index.html.erb within layouts/application (Duration: 11.0ms | Allocations: 598)
[Webpacker] Everything's up-to-date. Nothing to do
  [1m[36mUser Load (0.2ms)[0m  [1m[34mSELECT "users".* FROM "users" WHERE "users"."id" = ? ORDER BY "users"."id" ASC LIMIT ?[0m  [["id", 1], ["LIMIT", 1]]
  â†³ app/views/layouts/application.html.erb:25
Completed 200 OK in 56ms (Views: 53.8ms | ActiveRecord: 0.4ms | Allocations: 5537)


Started GET "/posts/new" for 127.0.0.1 at 2021-02-17 09:26:22 +0100
Processing by PostsController#new as HTML
  [1m[36mUser Load (0.2ms)[0m  [1m[34mSELECT "users".* FROM "users" WHERE "users"."id" = ? ORDER BY "users"."id" ASC LIMIT ?[0m  [["id", 1], ["LIMIT", 1]]
  Rendering posts/new.html.erb within layouts/application
  Rendered posts/new.html.erb within layouts/application (Duration: 6.7ms | Allocations: 999)
[Webpacker] Everything's up-to-date. Nothing to do
Completed 200 OK in 53ms (Views: 43.1ms | ActiveRecord: 0.2ms | Allocations: 6460)


Started POST "/posts" for 127.0.0.1 at 2021-02-17 09:26:37 +0100
Processing by PostsController#create as HTML
  Parameters: {"authenticity_token"=>"+SVukuO/DbgId0IP8H7L52ls9Q9My3R43dJyzg6yJvWQlSnG/eptJ5ppYD3hHyKE/53wR9eqrYWKiU7jGCOUOg==", "post"=>{"title"=>"Hallowaaaa", "body"=>"Hey guysssss!!!"}, "commit"=>"Create a post"}
  [1m[36mUser Load (0.2ms)[0m  [1m[34mSELECT "users".* FROM "users" WHERE "users"."id" = ? ORDER BY "users"."id" ASC LIMIT ?[0m  [["id", 1], ["LIMIT", 1]]
Completed 500 Internal Server Error in 24ms (ActiveRecord: 0.2ms | Allocations: 2272)


  
ActiveModel::UnknownAttributeError (unknown attribute 'title' for Post.):
  
app/controllers/Posts_controller.rb:9:in `create'
Started POST "/posts" for 127.0.0.1 at 2021-02-17 09:27:41 +0100
  [1m[35m (0.1ms)[0m  [1m[34mSELECT sqlite_version(*)[0m
Processing by PostsController#create as HTML
  Parameters: {"authenticity_token"=>"+SVukuO/DbgId0IP8H7L52ls9Q9My3R43dJyzg6yJvWQlSnG/eptJ5ppYD3hHyKE/53wR9eqrYWKiU7jGCOUOg==", "post"=>{"title"=>"Hallowaaaa", "body"=>"Hey guysssss!!!"}, "commit"=>"Create a post"}
  [1m[36mUser Load (0.6ms)[0m  [1m[34mSELECT "users".* FROM "users" WHERE "users"."id" = ? ORDER BY "users"."id" ASC LIMIT ?[0m  [["id", 1], ["LIMIT", 1]]
Completed 500 Internal Server Error in 192ms (ActiveRecord: 44.2ms | Allocations: 9726)


  
ActiveModel::UnknownAttributeError (unknown attribute 'title' for Post.):
  
app/controllers/Posts_controller.rb:9:in `create'
  [1m[35m (1.3ms)[0m  [1m[34mSELECT sqlite_version(*)[0m
  [1m[35m (0.8ms)[0m  [1m[34mSELECT "schema_migrations"."version" FROM "schema_migrations" ORDER BY "schema_migrations"."version" ASC[0m
  [1m[36mActiveRecord::InternalMetadata Load (1.2ms)[0m  [1m[34mSELECT "ar_internal_metadata".* FROM "ar_internal_metadata" WHERE "ar_internal_metadata"."key" = ? LIMIT ?[0m  [["key", "environment"], ["LIMIT", 1]]
  [1m[35m (0.2ms)[0m  [1m[34mSELECT sqlite_version(*)[0m
  [1m[35m (0.2ms)[0m  [1m[34mSELECT "schema_migrations"."version" FROM "schema_migrations" ORDER BY "schema_migrations"."version" ASC[0m
  [1m[35m (0.9ms)[0m  [1m[34mSELECT sqlite_version(*)[0m
  [1m[35m (0.3ms)[0m  [1m[34mSELECT "schema_migrations"."version" FROM "schema_migrations" ORDER BY "schema_migrations"."version" ASC[0m
Started POST "/posts" for 127.0.0.1 at 2021-02-17 11:28:53 +0100
  [1m[35m (5.5ms)[0m  [1m[34mSELECT sqlite_version(*)[0m
  [1m[35m (3.2ms)[0m  [1m[34mSELECT "schema_migrations"."version" FROM "schema_migrations" ORDER BY "schema_migrations"."version" ASC[0m
Processing by PostsController#create as HTML
  Parameters: {"authenticity_token"=>"+SVukuO/DbgId0IP8H7L52ls9Q9My3R43dJyzg6yJvWQlSnG/eptJ5ppYD3hHyKE/53wR9eqrYWKiU7jGCOUOg==", "post"=>{"title"=>"Hallowaaaa", "body"=>"Hey guysssss!!!"}, "commit"=>"Create a post"}
  [1m[36mUser Load (0.6ms)[0m  [1m[34mSELECT "users".* FROM "users" WHERE "users"."id" = ? ORDER BY "users"."id" ASC LIMIT ?[0m  [["id", 1], ["LIMIT", 1]]
Completed 500 Internal Server Error in 1445ms (ActiveRecord: 2.7ms | Allocations: 100793)


  
NameError (undefined local variable or method `post_params' for #<PostsController:0x0000558c2b275580>
Did you mean?  to_param):
  
app/controllers/Posts_controller.rb:9:in `create'
Started POST "/posts" for 127.0.0.1 at 2021-02-17 11:29:49 +0100
  [1m[35m (0.2ms)[0m  [1m[34mSELECT sqlite_version(*)[0m
Processing by PostsController#create as HTML
  Parameters: {"authenticity_token"=>"+SVukuO/DbgId0IP8H7L52ls9Q9My3R43dJyzg6yJvWQlSnG/eptJ5ppYD3hHyKE/53wR9eqrYWKiU7jGCOUOg==", "post"=>{"title"=>"Hallowaaaa", "body"=>"Hey guysssss!!!"}, "commit"=>"Create a post"}
  [1m[36mUser Load (0.4ms)[0m  [1m[34mSELECT "users".* FROM "users" WHERE "users"."id" = ? ORDER BY "users"."id" ASC LIMIT ?[0m  [["id", 1], ["LIMIT", 1]]
Completed 500 Internal Server Error in 1253ms (ActiveRecord: 3.3ms | Allocations: 98741)


  
NameError (undefined local variable or method `post_param' for #<PostsController:0x0000558c2ad39490>
Did you mean?  to_param):
  
app/controllers/Posts_controller.rb:9:in `create'
Started POST "/posts" for 127.0.0.1 at 2021-02-17 11:30:10 +0100
  [1m[35m (0.2ms)[0m  [1m[34mSELECT sqlite_version(*)[0m
Processing by PostsController#create as HTML
  Parameters: {"authenticity_token"=>"+SVukuO/DbgId0IP8H7L52ls9Q9My3R43dJyzg6yJvWQlSnG/eptJ5ppYD3hHyKE/53wR9eqrYWKiU7jGCOUOg==", "post"=>{"title"=>"Hallowaaaa", "body"=>"Hey guysssss!!!"}, "commit"=>"Create a post"}
  [1m[36mUser Load (0.4ms)[0m  [1m[34mSELECT "users".* FROM "users" WHERE "users"."id" = ? ORDER BY "users"."id" ASC LIMIT ?[0m  [["id", 1], ["LIMIT", 1]]
Completed 500 Internal Server Error in 129ms (ActiveRecord: 11.2ms | Allocations: 9077)


  
ArgumentError (When assigning attributes, you must pass a hash as an argument, String passed.):
  
app/controllers/Posts_controller.rb:9:in `create'
Started POST "/posts" for 127.0.0.1 at 2021-02-17 11:30:41 +0100
  [1m[35m (0.2ms)[0m  [1m[34mSELECT sqlite_version(*)[0m
Processing by PostsController#create as HTML
  Parameters: {"authenticity_token"=>"+SVukuO/DbgId0IP8H7L52ls9Q9My3R43dJyzg6yJvWQlSnG/eptJ5ppYD3hHyKE/53wR9eqrYWKiU7jGCOUOg==", "post"=>{"title"=>"Hallowaaaa", "body"=>"Hey guysssss!!!"}, "commit"=>"Create a post"}
  [1m[36mUser Load (0.4ms)[0m  [1m[34mSELECT "users".* FROM "users" WHERE "users"."id" = ? ORDER BY "users"."id" ASC LIMIT ?[0m  [["id", 1], ["LIMIT", 1]]
Completed 500 Internal Server Error in 114ms (ActiveRecord: 7.5ms | Allocations: 9198)


  
ActiveModel::UnknownAttributeError (unknown attribute 'title' for Post.):
  
app/controllers/Posts_controller.rb:9:in `create'
Started POST "/posts" for 127.0.0.1 at 2021-02-17 11:56:03 +0100
  [1m[35m (0.1ms)[0m  [1m[34mSELECT sqlite_version(*)[0m
Processing by PostsController#create as HTML
  Parameters: {"authenticity_token"=>"+SVukuO/DbgId0IP8H7L52ls9Q9My3R43dJyzg6yJvWQlSnG/eptJ5ppYD3hHyKE/53wR9eqrYWKiU7jGCOUOg==", "post"=>{"title"=>"Hallowaaaa", "body"=>"Hey guysssss!!!"}, "commit"=>"Create a post"}
  [1m[36mUser Load (0.6ms)[0m  [1m[34mSELECT "users".* FROM "users" WHERE "users"."id" = ? ORDER BY "users"."id" ASC LIMIT ?[0m  [["id", 1], ["LIMIT", 1]]
Completed 500 Internal Server Error in 177ms (ActiveRecord: 0.6ms | Allocations: 8575)


  
ActiveModel::UnknownAttributeError (unknown attribute 'title' for Post.):
  
app/controllers/Posts_controller.rb:9:in `create'
Started GET "/posts" for 127.0.0.1 at 2021-02-17 19:43:44 +0100
  [1m[35m (1.6ms)[0m  [1m[34mSELECT sqlite_version(*)[0m
  [1m[35m (0.3ms)[0m  [1m[34mSELECT "schema_migrations"."version" FROM "schema_migrations" ORDER BY "schema_migrations"."version" ASC[0m
Processing by PostsController#index as HTML
  Rendering posts/index.html.erb within layouts/application
  [1m[36mPost Load (0.3ms)[0m  [1m[34mSELECT "posts".* FROM "posts"[0m
  â†³ app/views/posts/index.html.erb:3
  Rendered posts/index.html.erb within layouts/application (Duration: 33.7ms | Allocations: 1163)
[Webpacker] Everything's up-to-date. Nothing to do
  [1m[36mUser Load (0.5ms)[0m  [1m[34mSELECT "users".* FROM "users" WHERE "users"."id" = ? ORDER BY "users"."id" ASC LIMIT ?[0m  [["id", 1], ["LIMIT", 1]]
  â†³ app/views/layouts/application.html.erb:25
Completed 200 OK in 1121ms (Views: 797.8ms | ActiveRecord: 2.7ms | Allocations: 16521)


Started GET "/posts/new" for 127.0.0.1 at 2021-02-17 19:44:08 +0100
Processing by PostsController#new as HTML
  [1m[36mUser Load (0.2ms)[0m  [1m[34mSELECT "users".* FROM "users" WHERE "users"."id" = ? ORDER BY "users"."id" ASC LIMIT ?[0m  [["id", 1], ["LIMIT", 1]]
  Rendering posts/new.html.erb within layouts/application
  Rendered posts/new.html.erb within layouts/application (Duration: 181.9ms | Allocations: 3549)
[Webpacker] Everything's up-to-date. Nothing to do
Completed 200 OK in 361ms (Views: 212.4ms | ActiveRecord: 2.4ms | Allocations: 10388)


Started POST "/posts" for 127.0.0.1 at 2021-02-17 19:44:21 +0100
Processing by PostsController#create as HTML
  Parameters: {"authenticity_token"=>"6PJ6Ymo4HGonyw+4YBLkinskzhqMqBdZ2qYSlWUPcp721TwM2O8SzMC/jMi/r+mNudByUFXYg0yzBa+sjS44pw==", "post"=>{"title"=>"Hallowaaaa", "body"=>"Hey guysss!!"}, "commit"=>"Create a post"}
  [1m[36mUser Load (0.2ms)[0m  [1m[34mSELECT "users".* FROM "users" WHERE "users"."id" = ? ORDER BY "users"."id" ASC LIMIT ?[0m  [["id", 1], ["LIMIT", 1]]
Completed 500 Internal Server Error in 57ms (ActiveRecord: 0.2ms | Allocations: 3731)


  
ActiveModel::UnknownAttributeError (unknown attribute 'title' for Post.):
  
app/controllers/Posts_controller.rb:9:in `create'
Started POST "/posts" for 127.0.0.1 at 2021-02-17 20:28:40 +0100
  [1m[35m (0.5ms)[0m  [1m[34mSELECT sqlite_version(*)[0m
Processing by PostsController#create as HTML
  Parameters: {"authenticity_token"=>"6PJ6Ymo4HGonyw+4YBLkinskzhqMqBdZ2qYSlWUPcp721TwM2O8SzMC/jMi/r+mNudByUFXYg0yzBa+sjS44pw==", "post"=>{"title"=>"Hallowaaaa", "body"=>"Hey guysss!!"}, "commit"=>"Create a post"}
  [1m[36mUser Load (0.4ms)[0m  [1m[34mSELECT "users".* FROM "users" WHERE "users"."id" = ? ORDER BY "users"."id" ASC LIMIT ?[0m  [["id", 1], ["LIMIT", 1]]
Completed 500 Internal Server Error in 155ms (ActiveRecord: 0.4ms | Allocations: 9910)


  
NoMethodError (undefined method `post' for #<User:0x00007f76f45704c8>
Did you mean?  posts):
  
app/controllers/Posts_controller.rb:9:in `create'
Started POST "/posts" for 127.0.0.1 at 2021-02-17 20:29:15 +0100
  [1m[35m (0.1ms)[0m  [1m[34mSELECT sqlite_version(*)[0m
Processing by PostsController#create as HTML
  Parameters: {"authenticity_token"=>"6PJ6Ymo4HGonyw+4YBLkinskzhqMqBdZ2qYSlWUPcp721TwM2O8SzMC/jMi/r+mNudByUFXYg0yzBa+sjS44pw==", "post"=>{"title"=>"Hallowaaaa", "body"=>"Hey guysss!!"}, "commit"=>"Create a post"}
  [1m[36mUser Load (0.4ms)[0m  [1m[34mSELECT "users".* FROM "users" WHERE "users"."id" = ? ORDER BY "users"."id" ASC LIMIT ?[0m  [["id", 1], ["LIMIT", 1]]
Completed 500 Internal Server Error in 151ms (ActiveRecord: 10.6ms | Allocations: 9405)


  
ActiveModel::UnknownAttributeError (unknown attribute 'title' for Post.):
  
app/controllers/Posts_controller.rb:9:in `create'
Started POST "/posts" for 127.0.0.1 at 2021-02-17 20:32:47 +0100
  [1m[35m (0.1ms)[0m  [1m[34mSELECT sqlite_version(*)[0m
Processing by PostsController#create as HTML
  Parameters: {"authenticity_token"=>"6PJ6Ymo4HGonyw+4YBLkinskzhqMqBdZ2qYSlWUPcp721TwM2O8SzMC/jMi/r+mNudByUFXYg0yzBa+sjS44pw==", "post"=>{"title"=>"Hallowaaaa", "body"=>"Hey guysss!!"}, "commit"=>"Create a post"}
  [1m[36mUser Load (0.3ms)[0m  [1m[34mSELECT "users".* FROM "users" WHERE "users"."id" = ? ORDER BY "users"."id" ASC LIMIT ?[0m  [["id", 1], ["LIMIT", 1]]
Completed 500 Internal Server Error in 114ms (ActiveRecord: 19.3ms | Allocations: 9262)


  
ActiveModel::ForbiddenAttributesError (ActiveModel::ForbiddenAttributesError):
  
app/controllers/Posts_controller.rb:9:in `create'
Started POST "/posts" for 127.0.0.1 at 2021-02-17 20:33:56 +0100
  [1m[35m (0.2ms)[0m  [1m[34mSELECT sqlite_version(*)[0m
Processing by PostsController#create as HTML
  Parameters: {"authenticity_token"=>"6PJ6Ymo4HGonyw+4YBLkinskzhqMqBdZ2qYSlWUPcp721TwM2O8SzMC/jMi/r+mNudByUFXYg0yzBa+sjS44pw==", "post"=>{"title"=>"Hallowaaaa", "body"=>"Hey guysss!!"}, "commit"=>"Create a post"}
  [1m[36mUser Load (0.4ms)[0m  [1m[34mSELECT "users".* FROM "users" WHERE "users"."id" = ? ORDER BY "users"."id" ASC LIMIT ?[0m  [["id", 1], ["LIMIT", 1]]
Completed 500 Internal Server Error in 158ms (ActiveRecord: 8.6ms | Allocations: 9838)


  
ActiveModel::UnknownAttributeError (unknown attribute 'user_id' for Post.):
  
app/controllers/Posts_controller.rb:9:in `create'
Started POST "/posts" for 127.0.0.1 at 2021-02-17 20:34:26 +0100
  [1m[35m (0.2ms)[0m  [1m[34mSELECT sqlite_version(*)[0m
Processing by PostsController#create as HTML
  Parameters: {"authenticity_token"=>"6PJ6Ymo4HGonyw+4YBLkinskzhqMqBdZ2qYSlWUPcp721TwM2O8SzMC/jMi/r+mNudByUFXYg0yzBa+sjS44pw==", "post"=>{"title"=>"Hallowaaaa", "body"=>"Hey guysss!!"}, "commit"=>"Create a post"}
  [1m[36mUser Load (0.5ms)[0m  [1m[34mSELECT "users".* FROM "users" WHERE "users"."id" = ? ORDER BY "users"."id" ASC LIMIT ?[0m  [["id", 1], ["LIMIT", 1]]
Completed 500 Internal Server Error in 160ms (ActiveRecord: 85.1ms | Allocations: 9383)


  
ActiveModel::UnknownAttributeError (unknown attribute 'title' for Post.):
  
app/controllers/Posts_controller.rb:9:in `create'
Started POST "/posts" for 127.0.0.1 at 2021-02-17 20:40:11 +0100
  [1m[35m (0.1ms)[0m  [1m[34mSELECT sqlite_version(*)[0m
Processing by PostsController#create as HTML
  Parameters: {"authenticity_token"=>"6PJ6Ymo4HGonyw+4YBLkinskzhqMqBdZ2qYSlWUPcp721TwM2O8SzMC/jMi/r+mNudByUFXYg0yzBa+sjS44pw==", "post"=>{"title"=>"Hallowaaaa", "body"=>"Hey guysss!!"}, "commit"=>"Create a post"}
  [1m[36mUser Load (0.9ms)[0m  [1m[34mSELECT "users".* FROM "users" WHERE "users"."id" = ? ORDER BY "users"."id" ASC LIMIT ?[0m  [["id", 1], ["LIMIT", 1]]
Completed 500 Internal Server Error in 110ms (ActiveRecord: 0.9ms | Allocations: 8648)


  
ActiveModel::ForbiddenAttributesError (ActiveModel::ForbiddenAttributesError):
  
app/controllers/Posts_controller.rb:9:in `create'
Started GET "/posts" for 127.0.0.1 at 2021-02-17 20:40:52 +0100
  [1m[35m (0.1ms)[0m  [1m[34mSELECT sqlite_version(*)[0m
Processing by PostsController#index as HTML
  Rendering posts/index.html.erb within layouts/application
  [1m[36mPost Load (0.2ms)[0m  [1m[34mSELECT "posts".* FROM "posts"[0m
  â†³ app/views/posts/index.html.erb:3
  Rendered posts/index.html.erb within layouts/application (Duration: 8.1ms | Allocations: 823)
[Webpacker] Everything's up-to-date. Nothing to do
  [1m[36mUser Load (0.3ms)[0m  [1m[34mSELECT "users".* FROM "users" WHERE "users"."id" = ? ORDER BY "users"."id" ASC LIMIT ?[0m  [["id", 1], ["LIMIT", 1]]
  â†³ app/views/layouts/application.html.erb:25
Completed 200 OK in 361ms (Views: 349.6ms | ActiveRecord: 2.6ms | Allocations: 11364)


Started GET "/posts/new" for 127.0.0.1 at 2021-02-17 20:41:30 +0100
Processing by PostsController#new as HTML
  [1m[36mUser Load (0.3ms)[0m  [1m[34mSELECT "users".* FROM "users" WHERE "users"."id" = ? ORDER BY "users"."id" ASC LIMIT ?[0m  [["id", 1], ["LIMIT", 1]]
  Rendering posts/new.html.erb within layouts/application
  Rendered posts/new.html.erb within layouts/application (Duration: 7.7ms | Allocations: 1020)
[Webpacker] Everything's up-to-date. Nothing to do
Completed 200 OK in 674ms (Views: 48.9ms | ActiveRecord: 0.9ms | Allocations: 9713)


Started POST "/posts" for 127.0.0.1 at 2021-02-17 20:41:42 +0100
Processing by PostsController#create as HTML
  Parameters: {"authenticity_token"=>"yBNQ5pCRSd9iGW8PX8p8+WPZiJOiO4MLRjgCbVHVzw/WNBaIIkZHeYVt7H+Ad3H+oS002XtLFx4vm79UufSFNg==", "post"=>{"title"=>"Hallowaaaa", "body"=>"Hey guyssss!!!"}, "commit"=>"Create a post"}
  [1m[36mUser Load (0.2ms)[0m  [1m[34mSELECT "users".* FROM "users" WHERE "users"."id" = ? ORDER BY "users"."id" ASC LIMIT ?[0m  [["id", 1], ["LIMIT", 1]]
Completed 500 Internal Server Error in 22ms (ActiveRecord: 0.2ms | Allocations: 2657)


  
ActiveModel::UnknownAttributeError (unknown attribute 'title' for Post.):
  
app/controllers/Posts_controller.rb:9:in `create'
Started POST "/posts" for 127.0.0.1 at 2021-02-18 08:40:46 +0100
  [1m[35m (0.2ms)[0m  [1m[34mSELECT sqlite_version(*)[0m
Processing by PostsController#create as HTML
  Parameters: {"authenticity_token"=>"yBNQ5pCRSd9iGW8PX8p8+WPZiJOiO4MLRjgCbVHVzw/WNBaIIkZHeYVt7H+Ad3H+oS002XtLFx4vm79UufSFNg==", "post"=>{"title"=>"Hallowaaaa", "body"=>"Hey guyssss!!!"}, "commit"=>"Create a post"}
  [1m[36mUser Load (0.4ms)[0m  [1m[34mSELECT "users".* FROM "users" WHERE "users"."id" = ? ORDER BY "users"."id" ASC LIMIT ?[0m  [["id", 1], ["LIMIT", 1]]
Completed 500 Internal Server Error in 135ms (ActiveRecord: 0.4ms | Allocations: 8845)


  
ActiveModel::UnknownAttributeError (unknown attribute 'user_id' for Post.):
  
app/controllers/Posts_controller.rb:9:in `create'
Started POST "/posts" for 127.0.0.1 at 2021-02-18 08:41:56 +0100
  [1m[35m (0.2ms)[0m  [1m[34mSELECT sqlite_version(*)[0m
Processing by PostsController#create as HTML
  Parameters: {"authenticity_token"=>"yBNQ5pCRSd9iGW8PX8p8+WPZiJOiO4MLRjgCbVHVzw/WNBaIIkZHeYVt7H+Ad3H+oS002XtLFx4vm79UufSFNg==", "post"=>{"title"=>"Hallowaaaa", "body"=>"Hey guyssss!!!"}, "commit"=>"Create a post"}
  [1m[36mUser Load (0.5ms)[0m  [1m[34mSELECT "users".* FROM "users" WHERE "users"."id" = ? ORDER BY "users"."id" ASC LIMIT ?[0m  [["id", 1], ["LIMIT", 1]]
Completed 500 Internal Server Error in 93ms (ActiveRecord: 4.8ms | Allocations: 8191)


  
NoMethodError (undefined method `posts' for nil:NilClass):
  
app/controllers/Posts_controller.rb:9:in `create'
Started POST "/posts" for 127.0.0.1 at 2021-02-18 08:42:17 +0100
  [1m[35m (0.2ms)[0m  [1m[34mSELECT sqlite_version(*)[0m
Processing by PostsController#create as HTML
  Parameters: {"authenticity_token"=>"yBNQ5pCRSd9iGW8PX8p8+WPZiJOiO4MLRjgCbVHVzw/WNBaIIkZHeYVt7H+Ad3H+oS002XtLFx4vm79UufSFNg==", "post"=>{"title"=>"Hallowaaaa", "body"=>"Hey guyssss!!!"}, "commit"=>"Create a post"}
  [1m[36mUser Load (4.9ms)[0m  [1m[34mSELECT "users".* FROM "users" WHERE "users"."id" = ? ORDER BY "users"."id" ASC LIMIT ?[0m  [["id", 1], ["LIMIT", 1]]
Completed 500 Internal Server Error in 100ms (ActiveRecord: 8.2ms | Allocations: 8193)


  
NoMethodError (undefined method `post' for nil:NilClass):
  
app/controllers/Posts_controller.rb:9:in `create'
Started POST "/posts" for 127.0.0.1 at 2021-02-18 08:46:06 +0100
  [1m[35m (0.2ms)[0m  [1m[34mSELECT sqlite_version(*)[0m
Processing by PostsController#create as HTML
  Parameters: {"authenticity_token"=>"yBNQ5pCRSd9iGW8PX8p8+WPZiJOiO4MLRjgCbVHVzw/WNBaIIkZHeYVt7H+Ad3H+oS002XtLFx4vm79UufSFNg==", "post"=>{"title"=>"Hallowaaaa", "body"=>"Hey guyssss!!!"}, "commit"=>"Create a post"}
  [1m[36mUser Load (0.4ms)[0m  [1m[34mSELECT "users".* FROM "users" WHERE "users"."id" = ? ORDER BY "users"."id" ASC LIMIT ?[0m  [["id", 1], ["LIMIT", 1]]
Completed 500 Internal Server Error in 118ms (ActiveRecord: 14.9ms | Allocations: 9384)


  
ActiveModel::UnknownAttributeError (unknown attribute 'title' for Post.):
  
app/controllers/Posts_controller.rb:9:in `create'
Started POST "/posts" for 127.0.0.1 at 2021-02-20 14:21:24 +0100
  [1m[35m (4.5ms)[0m  [1m[34mSELECT sqlite_version(*)[0m
  [1m[35m (8.1ms)[0m  [1m[34mSELECT "schema_migrations"."version" FROM "schema_migrations" ORDER BY "schema_migrations"."version" ASC[0m
Processing by PostsController#create as HTML
  Parameters: {"authenticity_token"=>"yBNQ5pCRSd9iGW8PX8p8+WPZiJOiO4MLRjgCbVHVzw/WNBaIIkZHeYVt7H+Ad3H+oS002XtLFx4vm79UufSFNg==", "post"=>{"title"=>"Hallowaaaa", "body"=>"Hey guyssss!!!"}, "commit"=>"Create a post"}
  [1m[36mUser Load (0.6ms)[0m  [1m[34mSELECT "users".* FROM "users" WHERE "users"."id" = ? ORDER BY "users"."id" ASC LIMIT ?[0m  [["id", 1], ["LIMIT", 1]]
Completed 500 Internal Server Error in 377ms (ActiveRecord: 2.8ms | Allocations: 11580)


  
ActiveModel::UnknownAttributeError (unknown attribute 'title' for Post.):
  
app/controllers/posts_controller.rb:9:in `create'
Started GET "/" for 127.0.0.1 at 2021-02-20 14:21:59 +0100
Processing by PostsController#index as HTML
  Rendering posts/index.html.erb within layouts/application
  [1m[36mPost Load (0.3ms)[0m  [1m[34mSELECT "posts".* FROM "posts"[0m
  â†³ app/views/posts/index.html.erb:3
  Rendered posts/index.html.erb within layouts/application (Duration: 43.0ms | Allocations: 880)
[Webpacker] Compiling...
[Webpacker] Compiled all packs in /home/kamwa/members-only/public/packs
[Webpacker] Hash: f86639f4459f31b34f60
Version: webpack 4.46.0
Time: 8854ms
Built at: 02/20/2021 2:22:29 PM
                                     Asset       Size       Chunks                         Chunk Names
    js/application-07e792d2b65403c647a1.js    124 KiB  application  [emitted] [immutable]  application
js/application-07e792d2b65403c647a1.js.map    139 KiB  application  [emitted] [dev]        application
                             manifest.json  364 bytes               [emitted]              
Entrypoint application = js/application-07e792d2b65403c647a1.js js/application-07e792d2b65403c647a1.js.map
[./app/javascript/channels sync recursive _channel\.js$] ./app/javascript/channels sync _channel\.js$ 160 bytes {application} [built]
[./app/javascript/channels/index.js] 211 bytes {application} [built]
[./app/javascript/packs/application.js] 749 bytes {application} [built]
[./node_modules/webpack/buildin/module.js] (webpack)/buildin/module.js 552 bytes {application} [built]
    + 3 hidden modules

  [1m[36mUser Load (0.2ms)[0m  [1m[34mSELECT "users".* FROM "users" WHERE "users"."id" = ? ORDER BY "users"."id" ASC LIMIT ?[0m  [["id", 1], ["LIMIT", 1]]
  â†³ app/views/layouts/application.html.erb:25
Completed 200 OK in 30018ms (Views: 30014.5ms | ActiveRecord: 0.6ms | Allocations: 10654)


Started GET "/posts/new" for 127.0.0.1 at 2021-02-20 14:27:24 +0100
  
ActionController::RoutingError (uninitialized constant PostController
Did you mean?  PostsController):
  
actionpack (6.0.3.5) lib/action_dispatch/http/request.rb:92:in `rescue in controller_class_for'
actionpack (6.0.3.5) lib/action_dispatch/http/request.rb:88:in `controller_class_for'
actionpack (6.0.3.5) lib/action_dispatch/http/request.rb:81:in `controller_class'
actionpack (6.0.3.5) lib/action_dispatch/routing/route_set.rb:44:in `controller'
actionpack (6.0.3.5) lib/action_dispatch/routing/route_set.rb:31:in `serve'
actionpack (6.0.3.5) lib/action_dispatch/journey/router.rb:49:in `block in serve'
actionpack (6.0.3.5) lib/action_dispatch/journey/router.rb:32:in `each'
actionpack (6.0.3.5) lib/action_dispatch/journey/router.rb:32:in `serve'
actionpack (6.0.3.5) lib/action_dispatch/routing/route_set.rb:834:in `call'
warden (1.2.9) lib/warden/manager.rb:36:in `block in call'
warden (1.2.9) lib/warden/manager.rb:34:in `catch'
warden (1.2.9) lib/warden/manager.rb:34:in `call'
rack (2.2.3) lib/rack/tempfile_reaper.rb:15:in `call'
rack (2.2.3) lib/rack/etag.rb:27:in `call'
rack (2.2.3) lib/rack/conditional_get.rb:27:in `call'
rack (2.2.3) lib/rack/head.rb:12:in `call'
actionpack (6.0.3.5) lib/action_dispatch/http/content_security_policy.rb:18:in `call'
rack (2.2.3) lib/rack/session/abstract/id.rb:266:in `context'
rack (2.2.3) lib/rack/session/abstract/id.rb:260:in `call'
actionpack (6.0.3.5) lib/action_dispatch/middleware/cookies.rb:648:in `call'
activerecord (6.0.3.5) lib/active_record/migration.rb:567:in `call'
actionpack (6.0.3.5) lib/action_dispatch/middleware/callbacks.rb:27:in `block in call'
activesupport (6.0.3.5) lib/active_support/callbacks.rb:101:in `run_callbacks'
actionpack (6.0.3.5) lib/action_dispatch/middleware/callbacks.rb:26:in `call'
actionpack (6.0.3.5) lib/action_dispatch/middleware/executor.rb:14:in `call'
actionpack (6.0.3.5) lib/action_dispatch/middleware/actionable_exceptions.rb:18:in `call'
actionpack (6.0.3.5) lib/action_dispatch/middleware/debug_exceptions.rb:32:in `call'
web-console (4.1.0) lib/web_console/middleware.rb:132:in `call_app'
web-console (4.1.0) lib/web_console/middleware.rb:28:in `block in call'
web-console (4.1.0) lib/web_console/middleware.rb:17:in `catch'
web-console (4.1.0) lib/web_console/middleware.rb:17:in `call'
actionpack (6.0.3.5) lib/action_dispatch/middleware/show_exceptions.rb:33:in `call'
railties (6.0.3.5) lib/rails/rack/logger.rb:37:in `call_app'
railties (6.0.3.5) lib/rails/rack/logger.rb:26:in `block in call'
activesupport (6.0.3.5) lib/active_support/tagged_logging.rb:80:in `block in tagged'
activesupport (6.0.3.5) lib/active_support/tagged_logging.rb:28:in `tagged'
activesupport (6.0.3.5) lib/active_support/tagged_logging.rb:80:in `tagged'
railties (6.0.3.5) lib/rails/rack/logger.rb:26:in `call'
sprockets-rails (3.2.2) lib/sprockets/rails/quiet_assets.rb:13:in `call'
actionpack (6.0.3.5) lib/action_dispatch/middleware/remote_ip.rb:81:in `call'
actionpack (6.0.3.5) lib/action_dispatch/middleware/request_id.rb:27:in `call'
rack (2.2.3) lib/rack/method_override.rb:24:in `call'
rack (2.2.3) lib/rack/runtime.rb:22:in `call'
activesupport (6.0.3.5) lib/active_support/cache/strategy/local_cache_middleware.rb:29:in `call'
actionpack (6.0.3.5) lib/action_dispatch/middleware/executor.rb:14:in `call'
actionpack (6.0.3.5) lib/action_dispatch/middleware/static.rb:126:in `call'
rack (2.2.3) lib/rack/sendfile.rb:110:in `call'
actionpack (6.0.3.5) lib/action_dispatch/middleware/host_authorization.rb:82:in `call'
webpacker (4.3.0) lib/webpacker/dev_server_proxy.rb:23:in `perform_request'
rack-proxy (0.6.5) lib/rack/proxy.rb:57:in `call'
railties (6.0.3.5) lib/rails/engine.rb:527:in `call'
puma (4.3.7) lib/puma/configuration.rb:228:in `call'
puma (4.3.7) lib/puma/server.rb:713:in `handle_request'
puma (4.3.7) lib/puma/server.rb:472:in `process_client'
puma (4.3.7) lib/puma/server.rb:328:in `block in run'
puma (4.3.7) lib/puma/thread_pool.rb:134:in `block in spawn_thread'
Started GET "/posts/new" for 127.0.0.1 at 2021-02-20 14:28:33 +0100
  [1m[35m (0.2ms)[0m  [1m[34mSELECT sqlite_version(*)[0m
Processing by PostsController#new as HTML
  [1m[36mUser Load (62.1ms)[0m  [1m[34mSELECT "users".* FROM "users" WHERE "users"."id" = ? ORDER BY "users"."id" ASC LIMIT ?[0m  [["id", 1], ["LIMIT", 1]]
  Rendering posts/new.html.erb within layouts/application
  Rendered posts/new.html.erb within layouts/application (Duration: 400.1ms | Allocations: 3426)
[Webpacker] Everything's up-to-date. Nothing to do
Completed 200 OK in 650ms (Views: 480.6ms | ActiveRecord: 64.7ms | Allocations: 15959)


Started POST "/posts" for 127.0.0.1 at 2021-02-20 14:29:04 +0100
Processing by PostsController#create as HTML
  Parameters: {"authenticity_token"=>"g5DkClPOkRsxL778ddLLUJMgBysHyRs1dqwoIe9JbECxC+I7tzzq9RND+QIXnLPOQKyNGveWTfuFyvY1VRqaUQ==", "post"=>{"title"=>"Hallowaaaa", "body"=>"Hello!!"}, "commit"=>"Create a post"}
  [1m[36mUser Load (2.4ms)[0m  [1m[34mSELECT "users".* FROM "users" WHERE "users"."id" = ? ORDER BY "users"."id" ASC LIMIT ?[0m  [["id", 1], ["LIMIT", 1]]
Completed 500 Internal Server Error in 22ms (ActiveRecord: 2.4ms | Allocations: 2659)


  
ActiveModel::UnknownAttributeError (unknown attribute 'title' for Post.):
  
app/controllers/posts_controller.rb:9:in `create'
Started POST "/posts" for 127.0.0.1 at 2021-02-20 14:35:11 +0100
  [1m[35m (0.1ms)[0m  [1m[34mSELECT sqlite_version(*)[0m
Processing by PostsController#create as HTML
  Parameters: {"authenticity_token"=>"g5DkClPOkRsxL778ddLLUJMgBysHyRs1dqwoIe9JbECxC+I7tzzq9RND+QIXnLPOQKyNGveWTfuFyvY1VRqaUQ==", "post"=>{"title"=>"Hallowaaaa", "body"=>"Hello!!"}, "commit"=>"Create a post"}
  [1m[36mUser Load (0.4ms)[0m  [1m[34mSELECT "users".* FROM "users" WHERE "users"."id" = ? ORDER BY "users"."id" ASC LIMIT ?[0m  [["id", 1], ["LIMIT", 1]]
Completed 400 Bad Request in 85ms (ActiveRecord: 0.4ms | Allocations: 8220)


  
ActionController::ParameterMissing (param is missing or the value is empty: posts):
  
app/controllers/posts_controller.rb:25:in `params_filter'
app/controllers/posts_controller.rb:9:in `create'
Started POST "/posts" for 127.0.0.1 at 2021-02-20 14:43:40 +0100
  [1m[35m (0.1ms)[0m  [1m[34mSELECT sqlite_version(*)[0m
Processing by PostsController#create as HTML
  Parameters: {"authenticity_token"=>"g5DkClPOkRsxL778ddLLUJMgBysHyRs1dqwoIe9JbECxC+I7tzzq9RND+QIXnLPOQKyNGveWTfuFyvY1VRqaUQ==", "post"=>{"title"=>"Hallowaaaa", "body"=>"Hello!!"}, "commit"=>"Create a post"}
  [1m[36mUser Load (0.4ms)[0m  [1m[34mSELECT "users".* FROM "users" WHERE "users"."id" = ? ORDER BY "users"."id" ASC LIMIT ?[0m  [["id", 1], ["LIMIT", 1]]
Completed 500 Internal Server Error in 103ms (ActiveRecord: 0.4ms | Allocations: 8741)


  
ActiveModel::UnknownAttributeError (unknown attribute 'title' for Post.):
  
app/controllers/posts_controller.rb:9:in `create'
  [1m[35m (6.5ms)[0m  [1m[34mSELECT sqlite_version(*)[0m
  [1m[35m (0.1ms)[0m  [1m[34mSELECT sqlite_version(*)[0m
  [1m[35m (0.2ms)[0m  [1m[34mSELECT sqlite_version(*)[0m
  [1m[35m (0.5ms)[0m  [1m[34mSELECT sqlite_version(*)[0m
  [1m[35m (71.1ms)[0m  [1m[35mCREATE TABLE "schema_migrations" ("version" varchar NOT NULL PRIMARY KEY)[0m
  [1m[35m (51.9ms)[0m  [1m[35mCREATE TABLE "ar_internal_metadata" ("key" varchar NOT NULL PRIMARY KEY, "value" varchar, "created_at" datetime(6) NOT NULL, "updated_at" datetime(6) NOT NULL)[0m
  [1m[35m (0.4ms)[0m  [1m[34mSELECT "schema_migrations"."version" FROM "schema_migrations" ORDER BY "schema_migrations"."version" ASC[0m
Migrating to DeviseCreateUsers (20210212172153)
  [1m[35m (0.2ms)[0m  [1m[36mbegin transaction[0m
  [1m[35m (17.1ms)[0m  [1m[35mCREATE TABLE "users" ("id" integer PRIMARY KEY AUTOINCREMENT NOT NULL, "email" varchar DEFAULT '' NOT NULL, "encrypted_password" varchar DEFAULT '' NOT NULL, "reset_password_token" varchar, "reset_password_sent_at" datetime, "remember_created_at" datetime, "created_at" datetime(6) NOT NULL, "updated_at" datetime(6) NOT NULL)[0m
  [1m[35m (0.4ms)[0m  [1m[35mCREATE UNIQUE INDEX "index_users_on_email" ON "users" ("email")[0m
  [1m[35m (0.6ms)[0m  [1m[35mCREATE UNIQUE INDEX "index_users_on_reset_password_token" ON "users" ("reset_password_token")[0m
  [1m[36mprimary::SchemaMigration Create (15.6ms)[0m  [1m[32mINSERT INTO "schema_migrations" ("version") VALUES (?)[0m  [["version", "20210212172153"]]
  [1m[35m (50.2ms)[0m  [1m[36mcommit transaction[0m
Migrating to AddNameToUsers (20210215152518)
  [1m[35m (0.3ms)[0m  [1m[36mbegin transaction[0m
  [1m[35m (4.7ms)[0m  [1m[35mALTER TABLE "users" ADD "name" varchar[0m
  [1m[36mprimary::SchemaMigration Create (13.3ms)[0m  [1m[32mINSERT INTO "schema_migrations" ("version") VALUES (?)[0m  [["version", "20210215152518"]]
  [1m[35m (22.4ms)[0m  [1m[36mcommit transaction[0m
Migrating to AddUserNameToUser (20210215184213)
  [1m[35m (0.1ms)[0m  [1m[36mbegin transaction[0m
  [1m[35m (21.3ms)[0m  [1m[35mALTER TABLE "users" ADD "user_name" varchar[0m
  [1m[36mprimary::SchemaMigration Create (14.3ms)[0m  [1m[32mINSERT INTO "schema_migrations" ("version") VALUES (?)[0m  [["version", "20210215184213"]]
  [1m[35m (9.1ms)[0m  [1m[36mcommit transaction[0m
Migrating to CreatePosts (20210222134412)
  [1m[35m (0.2ms)[0m  [1m[36mbegin transaction[0m
  [1m[35m (11.5ms)[0m  [1m[35mCREATE TABLE "posts" ("id" integer PRIMARY KEY AUTOINCREMENT NOT NULL, "title" varchar, "body" text, "user_id" integer NOT NULL, "created_at" datetime(6) NOT NULL, "updated_at" datetime(6) NOT NULL, CONSTRAINT "fk_rails_5b5ddfd518"
FOREIGN KEY ("user_id")
  REFERENCES "users" ("id")
)[0m
  [1m[35m (0.3ms)[0m  [1m[35mCREATE  INDEX "index_posts_on_user_id" ON "posts" ("user_id")[0m
  [1m[36mprimary::SchemaMigration Create (7.7ms)[0m  [1m[32mINSERT INTO "schema_migrations" ("version") VALUES (?)[0m  [["version", "20210222134412"]]
  [1m[35m (123.6ms)[0m  [1m[36mcommit transaction[0m
  [1m[36mActiveRecord::InternalMetadata Load (0.9ms)[0m  [1m[34mSELECT "ar_internal_metadata".* FROM "ar_internal_metadata" WHERE "ar_internal_metadata"."key" = ? LIMIT ?[0m  [["key", "environment"], ["LIMIT", 1]]
  [1m[35m (0.1ms)[0m  [1m[36mbegin transaction[0m
  [1m[36mActiveRecord::InternalMetadata Create (13.8ms)[0m  [1m[32mINSERT INTO "ar_internal_metadata" ("key", "value", "created_at", "updated_at") VALUES (?, ?, ?, ?)[0m  [["key", "environment"], ["value", "development"], ["created_at", "2021-02-22 13:44:53.042024"], ["updated_at", "2021-02-22 13:44:53.042024"]]
  [1m[35m (41.7ms)[0m  [1m[36mcommit transaction[0m
  [1m[35m (0.2ms)[0m  [1m[34mSELECT sqlite_version(*)[0m
  [1m[35m (0.6ms)[0m  [1m[34mSELECT "schema_migrations"."version" FROM "schema_migrations" ORDER BY "schema_migrations"."version" ASC[0m
Started GET "/posts" for 127.0.0.1 at 2021-02-22 14:45:43 +0100
  [1m[35m (1.8ms)[0m  [1m[34mSELECT sqlite_version(*)[0m
  [1m[35m (1.4ms)[0m  [1m[34mSELECT "schema_migrations"."version" FROM "schema_migrations" ORDER BY "schema_migrations"."version" ASC[0m
Processing by PostsController#index as HTML
  Rendering posts/index.html.erb within layouts/application
  [1m[36mPost Load (0.3ms)[0m  [1m[34mSELECT "posts".* FROM "posts"[0m
  â†³ app/views/posts/index.html.erb:3
  Rendered posts/index.html.erb within layouts/application (Duration: 74.5ms | Allocations: 1412)
[Webpacker] Everything's up-to-date. Nothing to do
  [1m[36mUser Load (0.4ms)[0m  [1m[34mSELECT "users".* FROM "users" WHERE "users"."id" = ? ORDER BY "users"."id" ASC LIMIT ?[0m  [["id", 1], ["LIMIT", 1]]
  â†³ app/views/layouts/application.html.erb:25
Completed 200 OK in 1094ms (Views: 902.7ms | ActiveRecord: 6.8ms | Allocations: 11987)


Started GET "/" for 127.0.0.1 at 2021-02-22 14:45:50 +0100
Processing by PostsController#index as HTML
  Rendering posts/index.html.erb within layouts/application
  [1m[36mPost Load (10.6ms)[0m  [1m[34mSELECT "posts".* FROM "posts"[0m
  â†³ app/views/posts/index.html.erb:3
  Rendered posts/index.html.erb within layouts/application (Duration: 36.4ms | Allocations: 603)
[Webpacker] Everything's up-to-date. Nothing to do
Completed 200 OK in 144ms (Views: 126.0ms | ActiveRecord: 10.6ms | Allocations: 4712)


Started GET "/users/sign_up" for 127.0.0.1 at 2021-02-22 14:46:01 +0100
Processing by RegistrationsController#new as HTML
  Rendering devise/registrations/new.html.erb within layouts/application
  Rendered devise/shared/_error_messages.html.erb (Duration: 22.3ms | Allocations: 196)
  Rendered devise/shared/_links.html.erb (Duration: 26.2ms | Allocations: 502)
  Rendered devise/registrations/new.html.erb within layouts/application (Duration: 464.0ms | Allocations: 5178)
[Webpacker] Everything's up-to-date. Nothing to do
Completed 200 OK in 806ms (Views: 649.3ms | ActiveRecord: 0.0ms | Allocations: 16120)


Started POST "/users" for 127.0.0.1 at 2021-02-22 14:46:27 +0100
Processing by RegistrationsController#create as HTML
  Parameters: {"authenticity_token"=>"XqdIY+sI/cf8lSgqfo1s1/YO68AheN0Grc1G3JtBLfeN2h9o9QNIbhkE3pVr5mArdnDC1Q8VlaMDBQ5GgCraiA==", "user"=>{"user_name"=>"Emma", "email"=>"emmanuellekamwa@gmail.com", "password"=>"[FILTERED]", "password_confirmation"=>"[FILTERED]"}, "commit"=>"Sign up"}
[31mUnpermitted parameter: :user_name[0m
  [1m[35m (0.2ms)[0m  [1m[36mbegin transaction[0m
  [1m[36mUser Exists? (30.6ms)[0m  [1m[34mSELECT 1 AS one FROM "users" WHERE "users"."email" = ? LIMIT ?[0m  [["email", "emmanuellekamwa@gmail.com"], ["LIMIT", 1]]
  [1m[36mUser Create (2.9ms)[0m  [1m[32mINSERT INTO "users" ("email", "encrypted_password", "created_at", "updated_at") VALUES (?, ?, ?, ?)[0m  [["email", "emmanuellekamwa@gmail.com"], ["encrypted_password", "$2a$12$jJD5Xs/w90K.yuoeWxAZB../rRLQx8ETyJi39uQnVTRf/9Hy0j9my"], ["created_at", "2021-02-22 13:46:28.188790"], ["updated_at", "2021-02-22 13:46:28.188790"]]
  [1m[35m (45.9ms)[0m  [1m[36mcommit transaction[0m
Redirected to http://localhost:3000/
Completed 302 Found in 1248ms (ActiveRecord: 79.5ms | Allocations: 11719)


Started GET "/" for 127.0.0.1 at 2021-02-22 14:46:28 +0100
Processing by PostsController#index as HTML
  Rendering posts/index.html.erb within layouts/application
  [1m[36mPost Load (0.3ms)[0m  [1m[34mSELECT "posts".* FROM "posts"[0m
  â†³ app/views/posts/index.html.erb:3
  Rendered posts/index.html.erb within layouts/application (Duration: 15.5ms | Allocations: 593)
[Webpacker] Everything's up-to-date. Nothing to do
  [1m[36mUser Load (0.4ms)[0m  [1m[34mSELECT "users".* FROM "users" WHERE "users"."id" = ? ORDER BY "users"."id" ASC LIMIT ?[0m  [["id", 1], ["LIMIT", 1]]
  â†³ app/views/layouts/application.html.erb:25
Completed 200 OK in 102ms (Views: 99.4ms | ActiveRecord: 0.7ms | Allocations: 5536)


Started GET "/posts/new" for 127.0.0.1 at 2021-02-22 14:46:33 +0100
Processing by PostsController#new as HTML
  [1m[36mUser Load (0.3ms)[0m  [1m[34mSELECT "users".* FROM "users" WHERE "users"."id" = ? ORDER BY "users"."id" ASC LIMIT ?[0m  [["id", 1], ["LIMIT", 1]]
  Rendering posts/new.html.erb within layouts/application
  Rendered posts/new.html.erb within layouts/application (Duration: 332.0ms | Allocations: 1183)
[Webpacker] Everything's up-to-date. Nothing to do
Completed 200 OK in 477ms (Views: 398.7ms | ActiveRecord: 1.4ms | Allocations: 9634)


Started POST "/posts" for 127.0.0.1 at 2021-02-22 14:46:55 +0100
Processing by PostsController#create as HTML
  Parameters: {"authenticity_token"=>"zrI0d2xr1zlnUq+iTUr2uhafIG429GtJERbzbTYVTgn5OJmB1L9znjSnS2MRKBwi0P4c3m0MhthCXKCoCCDqeg==", "post"=>{"title"=>"Hallowaaaa", "body"=>"Heyyyy guyysss!!"}, "commit"=>"Create a post"}
  [1m[36mUser Load (0.3ms)[0m  [1m[34mSELECT "users".* FROM "users" WHERE "users"."id" = ? ORDER BY "users"."id" ASC LIMIT ?[0m  [["id", 1], ["LIMIT", 1]]
  [1m[35m (0.2ms)[0m  [1m[36mbegin transaction[0m
  â†³ app/controllers/posts_controller.rb:11:in `create'
  [1m[36mPost Create (0.7ms)[0m  [1m[32mINSERT INTO "posts" ("title", "body", "user_id", "created_at", "updated_at") VALUES (?, ?, ?, ?, ?)[0m  [["title", "Hallowaaaa"], ["body", "Heyyyy guyysss!!"], ["user_id", 1], ["created_at", "2021-02-22 13:46:55.566968"], ["updated_at", "2021-02-22 13:46:55.566968"]]
  â†³ app/controllers/posts_controller.rb:11:in `create'
  [1m[35m (17.3ms)[0m  [1m[36mcommit transaction[0m
  â†³ app/controllers/posts_controller.rb:11:in `create'
Redirected to http://localhost:3000/
Completed 302 Found in 559ms (ActiveRecord: 18.5ms | Allocations: 9358)


Started GET "/" for 127.0.0.1 at 2021-02-22 14:46:55 +0100
Processing by PostsController#index as HTML
  Rendering posts/index.html.erb within layouts/application
  [1m[36mPost Load (0.3ms)[0m  [1m[34mSELECT "posts".* FROM "posts"[0m
  â†³ app/views/posts/index.html.erb:3
  [1m[36mUser Load (0.2ms)[0m  [1m[34mSELECT "users".* FROM "users" WHERE "users"."id" = ? ORDER BY "users"."id" ASC LIMIT ?[0m  [["id", 1], ["LIMIT", 1]]
  â†³ app/views/posts/index.html.erb:11
  [1m[36mUser Load (0.6ms)[0m  [1m[34mSELECT "users".* FROM "users" WHERE "users"."id" = ? LIMIT ?[0m  [["id", 1], ["LIMIT", 1]]
  â†³ app/views/posts/index.html.erb:14
  Rendered posts/index.html.erb within layouts/application (Duration: 60.7ms | Allocations: 2422)
[Webpacker] Everything's up-to-date. Nothing to do
Completed 200 OK in 113ms (Views: 104.6ms | ActiveRecord: 1.1ms | Allocations: 6459)


Started DELETE "/users/sign_out" for 127.0.0.1 at 2021-02-22 14:49:59 +0100
Processing by Devise::SessionsController#destroy as HTML
  Parameters: {"authenticity_token"=>"XdlfwPJDfjrKUTrtLNxQHAQ6YrkjaOA9Q8bdE6pTcslhmF12CvuGZX01f8X5dRV2Ex4oIgElDw01pxuh3NGSJw=="}
  [1m[36mUser Load (0.2ms)[0m  [1m[34mSELECT "users".* FROM "users" WHERE "users"."id" = ? ORDER BY "users"."id" ASC LIMIT ?[0m  [["id", 1], ["LIMIT", 1]]
Redirected to http://localhost:3000/
Completed 302 Found in 93ms (ActiveRecord: 0.2ms | Allocations: 2627)


Started GET "/" for 127.0.0.1 at 2021-02-22 14:49:59 +0100
Processing by PostsController#index as HTML
  Rendering posts/index.html.erb within layouts/application
  [1m[36mPost Load (0.2ms)[0m  [1m[34mSELECT "posts".* FROM "posts"[0m
  â†³ app/views/posts/index.html.erb:3
  Rendered posts/index.html.erb within layouts/application (Duration: 31.9ms | Allocations: 941)
[Webpacker] Everything's up-to-date. Nothing to do
Completed 200 OK in 118ms (Views: 110.9ms | ActiveRecord: 0.2ms | Allocations: 6289)


Started GET "/users/sign_up" for 127.0.0.1 at 2021-02-22 14:50:13 +0100
Processing by RegistrationsController#new as HTML
  Rendering devise/registrations/new.html.erb within layouts/application
  Rendered devise/shared/_error_messages.html.erb (Duration: 1.3ms | Allocations: 187)
  Rendered devise/shared/_links.html.erb (Duration: 9.0ms | Allocations: 457)
  Rendered devise/registrations/new.html.erb within layouts/application (Duration: 67.8ms | Allocations: 2483)
[Webpacker] Everything's up-to-date. Nothing to do
Completed 200 OK in 168ms (Views: 162.8ms | ActiveRecord: 0.0ms | Allocations: 8459)


Started POST "/users" for 127.0.0.1 at 2021-02-22 14:50:55 +0100
Processing by RegistrationsController#create as HTML
  Parameters: {"authenticity_token"=>"SSEMIJ5Zfymz+Bfn+IumJ4FAjOQgpUI2A2ArRJz+kNRD5BqqOREWTjY4MCeKG9Rxs8GB3p+Vbl9C9Bhup/CMyw==", "user"=>{"user_name"=>"Ahmad", "email"=>"ahmad@gmail.com", "password"=>"[FILTERED]", "password_confirmation"=>"[FILTERED]"}, "commit"=>"Sign up"}
[31mUnpermitted parameter: :user_name[0m
  [1m[35m (0.1ms)[0m  [1m[36mbegin transaction[0m
  [1m[36mUser Exists? (0.7ms)[0m  [1m[34mSELECT 1 AS one FROM "users" WHERE "users"."email" = ? LIMIT ?[0m  [["email", "ahmad@gmail.com"], ["LIMIT", 1]]
  [1m[36mUser Create (7.3ms)[0m  [1m[32mINSERT INTO "users" ("email", "encrypted_password", "created_at", "updated_at") VALUES (?, ?, ?, ?)[0m  [["email", "ahmad@gmail.com"], ["encrypted_password", "$2a$12$fygRhN4idlQS8OrSyQ71G.xbQtCbUY.lYu/jchlqmnLWM3LiL34oC"], ["created_at", "2021-02-22 13:50:56.046107"], ["updated_at", "2021-02-22 13:50:56.046107"]]
  [1m[35m (18.7ms)[0m  [1m[36mcommit transaction[0m
Redirected to http://localhost:3000/
Completed 302 Found in 940ms (ActiveRecord: 26.8ms | Allocations: 10728)


Started GET "/" for 127.0.0.1 at 2021-02-22 14:50:56 +0100
Processing by PostsController#index as HTML
  Rendering posts/index.html.erb within layouts/application
  [1m[36mPost Load (0.3ms)[0m  [1m[34mSELECT "posts".* FROM "posts"[0m
  â†³ app/views/posts/index.html.erb:3
  [1m[36mUser Load (0.3ms)[0m  [1m[34mSELECT "users".* FROM "users" WHERE "users"."id" = ? ORDER BY "users"."id" ASC LIMIT ?[0m  [["id", 2], ["LIMIT", 1]]
  â†³ app/views/posts/index.html.erb:11
  [1m[36mUser Load (0.3ms)[0m  [1m[34mSELECT "users".* FROM "users" WHERE "users"."id" = ? LIMIT ?[0m  [["id", 1], ["LIMIT", 1]]
  â†³ app/views/posts/index.html.erb:14
  Rendered posts/index.html.erb within layouts/application (Duration: 83.7ms | Allocations: 2222)
[Webpacker] Everything's up-to-date. Nothing to do
Completed 200 OK in 173ms (Views: 154.5ms | ActiveRecord: 0.8ms | Allocations: 6271)


  [1m[35m (1.4ms)[0m  [1m[34mSELECT sqlite_version(*)[0m
  [1m[36mPost Load (0.4ms)[0m  [1m[34mSELECT "posts".* FROM "posts" ORDER BY "posts"."id" ASC LIMIT ?[0m  [["LIMIT", 1]]
  [1m[36mUser Load (0.4ms)[0m  [1m[34mSELECT "users".* FROM "users" WHERE "users"."id" = ? LIMIT ?[0m  [["id", 1], ["LIMIT", 1]]
  [1m[36mUser Load (0.6ms)[0m  [1m[34mSELECT "users".* FROM "users" ORDER BY "users"."id" ASC LIMIT ?[0m  [["LIMIT", 1]]
  [1m[35m (1.7ms)[0m  [1m[34mSELECT sqlite_version(*)[0m
  [1m[36mUser Load (29.7ms)[0m  [1m[34mSELECT "users".* FROM "users" ORDER BY "users"."id" ASC LIMIT ?[0m  [["LIMIT", 1]]
  [1m[36mUser Load (0.2ms)[0m  [1m[34mSELECT "users".* FROM "users" ORDER BY "users"."id" ASC LIMIT ?[0m  [["LIMIT", 1]]
  [1m[35m (1.0ms)[0m  [1m[34mSELECT sqlite_version(*)[0m
  [1m[35m (57.0ms)[0m  [1m[34mSELECT "schema_migrations"."version" FROM "schema_migrations" ORDER BY "schema_migrations"."version" ASC[0m
  [1m[35m (178.6ms)[0m  [1m[34mSELECT "ar_internal_metadata"."value" FROM "ar_internal_metadata" WHERE "ar_internal_metadata"."key" = ?[0m  [["key", "environment"]]
  [1m[35m (0.1ms)[0m  [1m[34mSELECT "schema_migrations"."version" FROM "schema_migrations" ORDER BY "schema_migrations"."version" ASC[0m
  [1m[35m (0.7ms)[0m  [1m[34mSELECT "ar_internal_metadata"."value" FROM "ar_internal_metadata" WHERE "ar_internal_metadata"."key" = ?[0m  [["key", "environment"]]
  [1m[35m (0.2ms)[0m  [1m[34mSELECT "schema_migrations"."version" FROM "schema_migrations" ORDER BY "schema_migrations"."version" ASC[0m
  [1m[35m (0.9ms)[0m  [1m[34mSELECT "ar_internal_metadata"."value" FROM "ar_internal_metadata" WHERE "ar_internal_metadata"."key" = ?[0m  [["key", "environment"]]
  [1m[35m (0.2ms)[0m  [1m[34mSELECT sqlite_version(*)[0m
  [1m[35m (0.1ms)[0m  [1m[34mSELECT sqlite_version(*)[0m
  [1m[35m (0.2ms)[0m  [1m[34mSELECT sqlite_version(*)[0m
  [1m[35m (63.6ms)[0m  [1m[35mCREATE TABLE "schema_migrations" ("version" varchar NOT NULL PRIMARY KEY)[0m
  [1m[35m (15.3ms)[0m  [1m[35mCREATE TABLE "ar_internal_metadata" ("key" varchar NOT NULL PRIMARY KEY, "value" varchar, "created_at" datetime(6) NOT NULL, "updated_at" datetime(6) NOT NULL)[0m
  [1m[35m (0.2ms)[0m  [1m[34mSELECT "schema_migrations"."version" FROM "schema_migrations" ORDER BY "schema_migrations"."version" ASC[0m
Migrating to DeviseCreateUsers (20210212172153)
  [1m[35m (0.1ms)[0m  [1m[36mbegin transaction[0m
  [1m[35m (15.1ms)[0m  [1m[35mCREATE TABLE "users" ("id" integer PRIMARY KEY AUTOINCREMENT NOT NULL, "email" varchar DEFAULT '' NOT NULL, "encrypted_password" varchar DEFAULT '' NOT NULL, "reset_password_token" varchar, "reset_password_sent_at" datetime, "remember_created_at" datetime, "created_at" datetime(6) NOT NULL, "updated_at" datetime(6) NOT NULL)[0m
  [1m[35m (0.4ms)[0m  [1m[35mCREATE UNIQUE INDEX "index_users_on_email" ON "users" ("email")[0m
  [1m[35m (1.4ms)[0m  [1m[35mCREATE UNIQUE INDEX "index_users_on_reset_password_token" ON "users" ("reset_password_token")[0m
  [1m[36mprimary::SchemaMigration Create (10.6ms)[0m  [1m[32mINSERT INTO "schema_migrations" ("version") VALUES (?)[0m  [["version", "20210212172153"]]
  [1m[35m (11.3ms)[0m  [1m[36mcommit transaction[0m
Migrating to AddNameToUsers (20210215152518)
  [1m[35m (0.2ms)[0m  [1m[36mbegin transaction[0m
  [1m[35m (14.0ms)[0m  [1m[35mALTER TABLE "users" ADD "name" varchar[0m
  [1m[36mprimary::SchemaMigration Create (25.1ms)[0m  [1m[32mINSERT INTO "schema_migrations" ("version") VALUES (?)[0m  [["version", "20210215152518"]]
  [1m[35m (122.7ms)[0m  [1m[36mcommit transaction[0m
Migrating to AddUserNameToUser (20210215184213)
  [1m[35m (0.2ms)[0m  [1m[36mbegin transaction[0m
  [1m[35m (11.0ms)[0m  [1m[35mALTER TABLE "users" ADD "user_name" varchar[0m
  [1m[36mprimary::SchemaMigration Create (8.3ms)[0m  [1m[32mINSERT INTO "schema_migrations" ("version") VALUES (?)[0m  [["version", "20210215184213"]]
  [1m[35m (14.3ms)[0m  [1m[36mcommit transaction[0m
Migrating to CreatePosts (20210222134412)
  [1m[35m (0.4ms)[0m  [1m[36mbegin transaction[0m
  [1m[35m (15.3ms)[0m  [1m[35mCREATE TABLE "posts" ("id" integer PRIMARY KEY AUTOINCREMENT NOT NULL, "title" varchar, "body" text, "user_id" integer NOT NULL, "created_at" datetime(6) NOT NULL, "updated_at" datetime(6) NOT NULL, CONSTRAINT "fk_rails_5b5ddfd518"
FOREIGN KEY ("user_id")
  REFERENCES "users" ("id")
)[0m
  [1m[35m (0.5ms)[0m  [1m[35mCREATE  INDEX "index_posts_on_user_id" ON "posts" ("user_id")[0m
  [1m[36mprimary::SchemaMigration Create (5.0ms)[0m  [1m[32mINSERT INTO "schema_migrations" ("version") VALUES (?)[0m  [["version", "20210222134412"]]
  [1m[35m (34.4ms)[0m  [1m[36mcommit transaction[0m
  [1m[36mActiveRecord::InternalMetadata Load (0.6ms)[0m  [1m[34mSELECT "ar_internal_metadata".* FROM "ar_internal_metadata" WHERE "ar_internal_metadata"."key" = ? LIMIT ?[0m  [["key", "environment"], ["LIMIT", 1]]
  [1m[35m (0.8ms)[0m  [1m[36mbegin transaction[0m
  [1m[36mActiveRecord::InternalMetadata Create (15.2ms)[0m  [1m[32mINSERT INTO "ar_internal_metadata" ("key", "value", "created_at", "updated_at") VALUES (?, ?, ?, ?)[0m  [["key", "environment"], ["value", "development"], ["created_at", "2021-02-22 14:07:59.379103"], ["updated_at", "2021-02-22 14:07:59.379103"]]
  [1m[35m (76.5ms)[0m  [1m[36mcommit transaction[0m
  [1m[35m (0.3ms)[0m  [1m[34mSELECT sqlite_version(*)[0m
  [1m[35m (0.4ms)[0m  [1m[34mSELECT "schema_migrations"."version" FROM "schema_migrations" ORDER BY "schema_migrations"."version" ASC[0m
Started GET "/" for 127.0.0.1 at 2021-02-22 15:08:41 +0100
  [1m[35m (1.0ms)[0m  [1m[34mSELECT sqlite_version(*)[0m
  [1m[35m (0.4ms)[0m  [1m[34mSELECT "schema_migrations"."version" FROM "schema_migrations" ORDER BY "schema_migrations"."version" ASC[0m
Processing by PostsController#index as HTML
  Rendering posts/index.html.erb within layouts/application
  [1m[36mPost Load (1.1ms)[0m  [1m[34mSELECT "posts".* FROM "posts"[0m
  â†³ app/views/posts/index.html.erb:3
  Rendered posts/index.html.erb within layouts/application (Duration: 37.5ms | Allocations: 1412)
[Webpacker] Everything's up-to-date. Nothing to do
  [1m[36mUser Load (0.8ms)[0m  [1m[34mSELECT "users".* FROM "users" WHERE "users"."id" = ? ORDER BY "users"."id" ASC LIMIT ?[0m  [["id", 2], ["LIMIT", 1]]
  â†³ app/views/layouts/application.html.erb:25
Completed 200 OK in 484ms (Views: 408.7ms | ActiveRecord: 12.6ms | Allocations: 11944)


Started GET "/users/sign_up" for 127.0.0.1 at 2021-02-22 15:08:47 +0100
Processing by RegistrationsController#new as HTML
  Rendering devise/registrations/new.html.erb within layouts/application
  Rendered devise/shared/_error_messages.html.erb (Duration: 8.8ms | Allocations: 196)
  Rendered devise/shared/_links.html.erb (Duration: 7.6ms | Allocations: 502)
  Rendered devise/registrations/new.html.erb within layouts/application (Duration: 242.3ms | Allocations: 5177)
[Webpacker] Everything's up-to-date. Nothing to do
Completed 200 OK in 591ms (Views: 494.1ms | ActiveRecord: 0.0ms | Allocations: 16092)


Started POST "/users" for 127.0.0.1 at 2021-02-22 15:09:14 +0100
Processing by RegistrationsController#create as HTML
  Parameters: {"authenticity_token"=>"LL4CQ81RC+hRQ+e1/sgh/cgjR3dXvXvXIZz1Um6zu+ImexTJahlij9SDwHWMWFOr+qJKTeiNV75gCMZ4Vb2n/Q==", "user"=>{"name"=>"Emma", "email"=>"emmanuellekamwa@gmail.com", "password"=>"[FILTERED]", "password_confirmation"=>"[FILTERED]"}, "commit"=>"Sign up"}
  [1m[35m (0.5ms)[0m  [1m[36mbegin transaction[0m
  [1m[36mUser Exists? (5.8ms)[0m  [1m[34mSELECT 1 AS one FROM "users" WHERE "users"."email" = ? LIMIT ?[0m  [["email", "emmanuellekamwa@gmail.com"], ["LIMIT", 1]]
  [1m[36mUser Create (10.3ms)[0m  [1m[32mINSERT INTO "users" ("email", "encrypted_password", "created_at", "updated_at", "name") VALUES (?, ?, ?, ?, ?)[0m  [["email", "emmanuellekamwa@gmail.com"], ["encrypted_password", "$2a$12$wrNLQ2J8DsQhmlpuEGhl3eboTipoTTGzurf0IKI3HhjE8zCIZc7ma"], ["created_at", "2021-02-22 14:09:15.393365"], ["updated_at", "2021-02-22 14:09:15.393365"], ["name", "Emma"]]
  [1m[35m (100.4ms)[0m  [1m[36mcommit transaction[0m
Redirected to http://localhost:3000/
Completed 302 Found in 1132ms (ActiveRecord: 116.9ms | Allocations: 11647)


Started GET "/" for 127.0.0.1 at 2021-02-22 15:09:15 +0100
Processing by PostsController#index as HTML
  Rendering posts/index.html.erb within layouts/application
  [1m[36mPost Load (0.3ms)[0m  [1m[34mSELECT "posts".* FROM "posts"[0m
  â†³ app/views/posts/index.html.erb:3
  Rendered posts/index.html.erb within layouts/application (Duration: 21.1ms | Allocations: 594)
[Webpacker] Everything's up-to-date. Nothing to do
  [1m[36mUser Load (0.2ms)[0m  [1m[34mSELECT "users".* FROM "users" WHERE "users"."id" = ? ORDER BY "users"."id" ASC LIMIT ?[0m  [["id", 1], ["LIMIT", 1]]
  â†³ app/views/layouts/application.html.erb:25
Completed 200 OK in 117ms (Views: 110.7ms | ActiveRecord: 0.5ms | Allocations: 5559)


Started GET "/posts/new" for 127.0.0.1 at 2021-02-22 15:09:19 +0100
Processing by PostsController#new as HTML
  [1m[36mUser Load (0.3ms)[0m  [1m[34mSELECT "users".* FROM "users" WHERE "users"."id" = ? ORDER BY "users"."id" ASC LIMIT ?[0m  [["id", 1], ["LIMIT", 1]]
  Rendering posts/new.html.erb within layouts/application
  Rendered posts/new.html.erb within layouts/application (Duration: 36.6ms | Allocations: 1178)
[Webpacker] Everything's up-to-date. Nothing to do
Completed 200 OK in 192ms (Views: 116.3ms | ActiveRecord: 1.3ms | Allocations: 9639)


  [1m[35m (15.2ms)[0m  [1m[34mSELECT sqlite_version(*)[0m
  [1m[36mUser Load (0.5ms)[0m  [1m[34mSELECT "users".* FROM "users"[0m
Started POST "/posts" for 127.0.0.1 at 2021-02-22 15:11:17 +0100
  [1m[35m (1.1ms)[0m  [1m[34mSELECT sqlite_version(*)[0m
  [1m[35m (0.5ms)[0m  [1m[34mSELECT "schema_migrations"."version" FROM "schema_migrations" ORDER BY "schema_migrations"."version" ASC[0m
Processing by PostsController#create as HTML
  Parameters: {"authenticity_token"=>"/HNMSdlyP5ajnA3GLux/Qwcgif16FA0s3IsPN0wiW8B8M18LTN0Tc81uNc1UKf1mMu5pnIF+Y5zURs1PUrXy6Q==", "post"=>{"title"=>"Hallowaaaa", "body"=>"Heyyy"}, "commit"=>"Create a post"}
  [1m[36mUser Load (1.0ms)[0m  [1m[34mSELECT "users".* FROM "users" WHERE "users"."id" = ? ORDER BY "users"."id" ASC LIMIT ?[0m  [["id", 1], ["LIMIT", 1]]
  [1m[35m (0.2ms)[0m  [1m[36mbegin transaction[0m
  â†³ app/controllers/posts_controller.rb:11:in `create'
  [1m[36mPost Create (11.0ms)[0m  [1m[32mINSERT INTO "posts" ("title", "body", "user_id", "created_at", "updated_at") VALUES (?, ?, ?, ?, ?)[0m  [["title", "Hallowaaaa"], ["body", "Heyyy"], ["user_id", 1], ["created_at", "2021-02-22 14:11:18.350798"], ["updated_at", "2021-02-22 14:11:18.350798"]]
  â†³ app/controllers/posts_controller.rb:11:in `create'
  [1m[35m (24.5ms)[0m  [1m[36mcommit transaction[0m
  â†³ app/controllers/posts_controller.rb:11:in `create'
Redirected to http://localhost:3000/
Completed 302 Found in 580ms (ActiveRecord: 48.8ms | Allocations: 20047)


Started GET "/" for 127.0.0.1 at 2021-02-22 15:11:18 +0100
Processing by PostsController#index as HTML
  Rendering posts/index.html.erb within layouts/application
  [1m[36mPost Load (0.4ms)[0m  [1m[34mSELECT "posts".* FROM "posts"[0m
  â†³ app/views/posts/index.html.erb:3
  [1m[36mUser Load (0.2ms)[0m  [1m[34mSELECT "users".* FROM "users" WHERE "users"."id" = ? ORDER BY "users"."id" ASC LIMIT ?[0m  [["id", 1], ["LIMIT", 1]]
  â†³ app/views/posts/index.html.erb:11
  [1m[36mUser Load (0.5ms)[0m  [1m[34mSELECT "users".* FROM "users" WHERE "users"."id" = ? LIMIT ?[0m  [["id", 1], ["LIMIT", 1]]
  â†³ app/views/posts/index.html.erb:14
  Rendered posts/index.html.erb within layouts/application (Duration: 142.8ms | Allocations: 2822)
[Webpacker] Everything's up-to-date. Nothing to do
Completed 200 OK in 512ms (Views: 506.5ms | ActiveRecord: 1.1ms | Allocations: 10654)


Started DELETE "/users/sign_out" for 127.0.0.1 at 2021-02-22 15:11:49 +0100
Processing by Devise::SessionsController#destroy as HTML
  Parameters: {"authenticity_token"=>"0D45CvywaEr/+z0y3OzDFpqBJ95a0bD5gzn2ARmumGyxJKnAcgsxYeJogIWKVJpwGQ4x2JqojB1StQuzYIl42Q=="}
  [1m[36mUser Load (0.3ms)[0m  [1m[34mSELECT "users".* FROM "users" WHERE "users"."id" = ? ORDER BY "users"."id" ASC LIMIT ?[0m  [["id", 1], ["LIMIT", 1]]
Redirected to http://localhost:3000/
Completed 302 Found in 207ms (ActiveRecord: 0.3ms | Allocations: 4440)


Started GET "/" for 127.0.0.1 at 2021-02-22 15:11:49 +0100
Processing by PostsController#index as HTML
  Rendering posts/index.html.erb within layouts/application
  [1m[36mPost Load (0.3ms)[0m  [1m[34mSELECT "posts".* FROM "posts"[0m
  â†³ app/views/posts/index.html.erb:3
  Rendered posts/index.html.erb within layouts/application (Duration: 42.2ms | Allocations: 703)
[Webpacker] Everything's up-to-date. Nothing to do
Completed 200 OK in 139ms (Views: 136.7ms | ActiveRecord: 0.3ms | Allocations: 4772)


Started GET "/users/sign_up" for 127.0.0.1 at 2021-02-22 15:11:54 +0100
Processing by RegistrationsController#new as HTML
  Rendering devise/registrations/new.html.erb within layouts/application
  Rendered devise/shared/_error_messages.html.erb (Duration: 8.4ms | Allocations: 195)
  Rendered devise/shared/_links.html.erb (Duration: 8.1ms | Allocations: 502)
  Rendered devise/registrations/new.html.erb within layouts/application (Duration: 87.8ms | Allocations: 3442)
[Webpacker] Everything's up-to-date. Nothing to do
Completed 200 OK in 183ms (Views: 177.6ms | ActiveRecord: 0.0ms | Allocations: 9473)


Started POST "/users" for 127.0.0.1 at 2021-02-22 15:12:21 +0100
Processing by RegistrationsController#create as HTML
  Parameters: {"authenticity_token"=>"1FV4wK3qJeM22ij+4DnVulDVkETxeMGhrAw/E3+uyNAgiWhkaXTTRaAuOfV723fyDFpMiSCiGYO/oQ6PK7MONg==", "user"=>{"name"=>"Ahmad", "email"=>"ahmad@gmail.com", "password"=>"[FILTERED]", "password_confirmation"=>"[FILTERED]"}, "commit"=>"Sign up"}
  [1m[35m (0.1ms)[0m  [1m[36mbegin transaction[0m
  [1m[36mUser Exists? (0.3ms)[0m  [1m[34mSELECT 1 AS one FROM "users" WHERE "users"."email" = ? LIMIT ?[0m  [["email", "ahmad@gmail.com"], ["LIMIT", 1]]
  [1m[36mUser Create (11.6ms)[0m  [1m[32mINSERT INTO "users" ("email", "encrypted_password", "created_at", "updated_at", "name") VALUES (?, ?, ?, ?, ?)[0m  [["email", "ahmad@gmail.com"], ["encrypted_password", "$2a$12$zJh0q7m9dP8hN9bo6IfHJOKifY.gFzxCuKPTlhjxzDnQvkCd8YgrG"], ["created_at", "2021-02-22 14:12:22.873383"], ["updated_at", "2021-02-22 14:12:22.873383"], ["name", "Ahmad"]]
  [1m[35m (20.7ms)[0m  [1m[36mcommit transaction[0m
Redirected to http://localhost:3000/
Completed 302 Found in 1058ms (ActiveRecord: 32.7ms | Allocations: 13643)


Started GET "/" for 127.0.0.1 at 2021-02-22 15:12:23 +0100
Processing by PostsController#index as HTML
  Rendering posts/index.html.erb within layouts/application
  [1m[36mPost Load (0.3ms)[0m  [1m[34mSELECT "posts".* FROM "posts"[0m
  â†³ app/views/posts/index.html.erb:3
  [1m[36mUser Load (0.2ms)[0m  [1m[34mSELECT "users".* FROM "users" WHERE "users"."id" = ? ORDER BY "users"."id" ASC LIMIT ?[0m  [["id", 2], ["LIMIT", 1]]
  â†³ app/views/posts/index.html.erb:11
  [1m[36mUser Load (0.2ms)[0m  [1m[34mSELECT "users".* FROM "users" WHERE "users"."id" = ? LIMIT ?[0m  [["id", 1], ["LIMIT", 1]]
  â†³ app/views/posts/index.html.erb:14
  Rendered posts/index.html.erb within layouts/application (Duration: 74.2ms | Allocations: 2227)
[Webpacker] Everything's up-to-date. Nothing to do
Completed 200 OK in 141ms (Views: 138.3ms | ActiveRecord: 0.8ms | Allocations: 6267)


Started GET "/" for 127.0.0.1 at 2021-02-24 12:13:33 +0100
Processing by PostsController#index as HTML
  Rendering posts/index.html.erb within layouts/application
  [1m[36mPost Load (9.0ms)[0m  [1m[34mSELECT "posts".* FROM "posts"[0m
  â†³ app/views/posts/index.html.erb:3
  Rendered posts/index.html.erb within layouts/application (Duration: 99.7ms | Allocations: 4429)
[Webpacker] Everything's up-to-date. Nothing to do
Completed 200 OK in 946ms (Views: 556.0ms | ActiveRecord: 10.3ms | Allocations: 12736)


Started GET "/users/sign_up" for 127.0.0.1 at 2021-02-24 12:15:03 +0100
Processing by RegistrationsController#new as HTML
  Rendering devise/registrations/new.html.erb within layouts/application
  Rendered devise/shared/_error_messages.html.erb (Duration: 11.7ms | Allocations: 196)
  Rendered devise/shared/_links.html.erb (Duration: 13.7ms | Allocations: 502)
  Rendered devise/registrations/new.html.erb within layouts/application (Duration: 236.8ms | Allocations: 5171)
[Webpacker] Everything's up-to-date. Nothing to do
Completed 200 OK in 584ms (Views: 420.4ms | ActiveRecord: 5.2ms | Allocations: 16589)


Started POST "/users" for 127.0.0.1 at 2021-02-24 12:15:47 +0100
Processing by RegistrationsController#create as HTML
  Parameters: {"authenticity_token"=>"XOd35wohMYIuYTERPILZzowPRmF47Flu62J3jRQmH7fk4UrevdTknPaxDcoN1oAruIprr/7ZdcL0OZ76jW2Dzw==", "user"=>{"name"=>"Alice", "email"=>"alice@gmail.com", "password"=>"[FILTERED]", "password_confirmation"=>"[FILTERED]"}, "commit"=>"Sign up"}
  [1m[35m (0.2ms)[0m  [1m[36mbegin transaction[0m
  [1m[36mUser Exists? (5.8ms)[0m  [1m[34mSELECT 1 AS one FROM "users" WHERE "users"."email" = ? LIMIT ?[0m  [["email", "alice@gmail.com"], ["LIMIT", 1]]
  [1m[36mUser Create (7.0ms)[0m  [1m[32mINSERT INTO "users" ("email", "encrypted_password", "created_at", "updated_at", "name") VALUES (?, ?, ?, ?, ?)[0m  [["email", "alice@gmail.com"], ["encrypted_password", "$2a$12$T/D34EWdsN6xBeGtXEgkl.5kXrWoFuFTTajGbpbXfSODVRh2e4BQS"], ["created_at", "2021-02-24 11:15:48.269584"], ["updated_at", "2021-02-24 11:15:48.269584"], ["name", "Alice"]]
  [1m[35m (18.5ms)[0m  [1m[36mcommit transaction[0m
Redirected to http://localhost:3000/
Completed 302 Found in 792ms (ActiveRecord: 31.5ms | Allocations: 11967)


Started GET "/" for 127.0.0.1 at 2021-02-24 12:15:48 +0100
Processing by PostsController#index as HTML
  Rendering posts/index.html.erb within layouts/application
  [1m[36mPost Load (0.3ms)[0m  [1m[34mSELECT "posts".* FROM "posts"[0m
  â†³ app/views/posts/index.html.erb:3
  Rendered posts/index.html.erb within layouts/application (Duration: 11.9ms | Allocations: 610)
[Webpacker] Everything's up-to-date. Nothing to do
  [1m[36mUser Load (0.5ms)[0m  [1m[34mSELECT "users".* FROM "users" WHERE "users"."id" = ? ORDER BY "users"."id" ASC LIMIT ?[0m  [["id", 3], ["LIMIT", 1]]
  â†³ app/views/layouts/application.html.erb:25
Completed 200 OK in 71ms (Views: 68.7ms | ActiveRecord: 0.8ms | Allocations: 5625)


Started GET "/posts/new" for 127.0.0.1 at 2021-02-24 12:15:53 +0100
Processing by PostsController#new as HTML
  [1m[36mUser Load (0.2ms)[0m  [1m[34mSELECT "users".* FROM "users" WHERE "users"."id" = ? ORDER BY "users"."id" ASC LIMIT ?[0m  [["id", 3], ["LIMIT", 1]]
  Rendering posts/new.html.erb within layouts/application
  Rendered posts/new.html.erb within layouts/application (Duration: 18.3ms | Allocations: 1174)
[Webpacker] Everything's up-to-date. Nothing to do
Completed 200 OK in 73ms (Views: 55.7ms | ActiveRecord: 0.2ms | Allocations: 6731)


Started POST "/posts" for 127.0.0.1 at 2021-02-24 12:18:21 +0100
Processing by PostsController#create as HTML
  Parameters: {"authenticity_token"=>"Lec2r1YQBA57JdnfnS4cF0vvFYs6naxM36aQKt3HwUk6Ni190c2EraOh2V4sJxy7VNs/jJmR5jnhScQFrDtjow==", "post"=>{"title"=>"Stupid", "body"=>"The person who just logged out was a very stupid person"}, "commit"=>"Create a post"}
  [1m[36mUser Load (0.2ms)[0m  [1m[34mSELECT "users".* FROM "users" WHERE "users"."id" = ? ORDER BY "users"."id" ASC LIMIT ?[0m  [["id", 3], ["LIMIT", 1]]
  [1m[35m (0.1ms)[0m  [1m[36mbegin transaction[0m
  â†³ app/controllers/posts_controller.rb:11:in `create'
  [1m[36mPost Create (4.8ms)[0m  [1m[32mINSERT INTO "posts" ("title", "body", "user_id", "created_at", "updated_at") VALUES (?, ?, ?, ?, ?)[0m  [["title", "Stupid"], ["body", "The person who just logged out was a very stupid person"], ["user_id", 3], ["created_at", "2021-02-24 11:18:22.423441"], ["updated_at", "2021-02-24 11:18:22.423441"]]
  â†³ app/controllers/posts_controller.rb:11:in `create'
  [1m[35m (5.2ms)[0m  [1m[36mcommit transaction[0m
  â†³ app/controllers/posts_controller.rb:11:in `create'
Redirected to http://localhost:3000/
Completed 302 Found in 569ms (ActiveRecord: 10.3ms | Allocations: 10922)


Started GET "/" for 127.0.0.1 at 2021-02-24 12:18:22 +0100
Processing by PostsController#index as HTML
  Rendering posts/index.html.erb within layouts/application
  [1m[36mPost Load (0.2ms)[0m  [1m[34mSELECT "posts".* FROM "posts"[0m
  â†³ app/views/posts/index.html.erb:3
  Rendered posts/index.html.erb within layouts/application (Duration: 13.2ms | Allocations: 628)
[Webpacker] Everything's up-to-date. Nothing to do
  [1m[36mUser Load (0.2ms)[0m  [1m[34mSELECT "users".* FROM "users" WHERE "users"."id" = ? ORDER BY "users"."id" ASC LIMIT ?[0m  [["id", 3], ["LIMIT", 1]]
  â†³ app/views/layouts/application.html.erb:25
Completed 200 OK in 76ms (Views: 72.0ms | ActiveRecord: 0.4ms | Allocations: 5502)


Started GET "/" for 127.0.0.1 at 2021-02-24 12:28:16 +0100
  [1m[35m (0.2ms)[0m  [1m[34mSELECT sqlite_version(*)[0m
  
SyntaxError (/home/kamwa/members-only/app/helpers/application_helper.rb:14: syntax error, unexpected '<', expecting `end'
    <% if user_signed_in? %>
    ^
/home/kamwa/members-only/app/helpers/application_helper.rb:14: syntax error, unexpected method, expecting `end'
    <% if user_signed_in? %>
          ^~~~~~~~~~~~~~~
/home/kamwa/members-only/app/helpers/application_helper.rb:16: syntax error, unexpected '<'
                <small>Posted by: 
                ^
/home/kamwa/members-only/app/helpers/application_helper.rb:16: syntax error, unexpected tLABEL, expecting `do' or '{' or '('
...              <small>Posted by: 
...                            ^~~
/home/kamwa/members-only/app/helpers/application_helper.rb:17: syntax error, unexpected local variable or method, expecting `end'
...             <% if current_user.id == post.user.id %>
...                   ^~~~~~~~~~~~
/home/kamwa/members-only/app/helpers/application_helper.rb:17: syntax error, unexpected string literal, expecting `end'
...rent_user.id == post.user.id %>
...                             ^~
/home/kamwa/members-only/app/helpers/application_helper.rb:18: syntax error, unexpected constant, expecting `end'
...an class="font-weight-bold">You</span>
...                            ^~~
/home/kamwa/members-only/app/helpers/application_helper.rb:20: unknown regexp options - pa
...ld"><%= post.user.name %></span>
...                          ^~~~~
/home/kamwa/members-only/app/helpers/application_helper.rb:21: syntax error, unexpected '<'
                    <% end %>
                    ^
/home/kamwa/members-only/app/helpers/application_helper.rb:21: syntax error, unexpected '>'
                    <% end %>
                            ^
/home/kamwa/members-only/app/helpers/application_helper.rb:23: unknown regexp options - ftr
            </footer>
             ^~~~~~~
/home/kamwa/members-only/app/helpers/application_helper.rb:24: syntax error, unexpected '<'
    <% end %>
    ^
/home/kamwa/members-only/app/helpers/application_helper.rb:24: syntax error, unexpected '>'
    <% end %>
            ^
):
  
app/helpers/application_helper.rb:14: syntax error, unexpected '<', expecting `end'
app/helpers/application_helper.rb:14: syntax error, unexpected method, expecting `end'
app/helpers/application_helper.rb:16: syntax error, unexpected '<'
app/helpers/application_helper.rb:16: syntax error, unexpected tLABEL, expecting `do' or '{' or '('
app/helpers/application_helper.rb:17: syntax error, unexpected local variable or method, expecting `end'
app/helpers/application_helper.rb:17: syntax error, unexpected string literal, expecting `end'
app/helpers/application_helper.rb:18: syntax error, unexpected constant, expecting `end'
app/helpers/application_helper.rb:20: unknown regexp options - pa
app/helpers/application_helper.rb:21: syntax error, unexpected '<'
app/helpers/application_helper.rb:21: syntax error, unexpected '>'
app/helpers/application_helper.rb:23: unknown regexp options - ftr
app/helpers/application_helper.rb:24: syntax error, unexpected '<'
app/helpers/application_helper.rb:24: syntax error, unexpected '>'
app/helpers/application_helper.rb:14: syntax error, unexpected '<', expecting `end'
app/helpers/application_helper.rb:14: syntax error, unexpected method, expecting `end'
app/helpers/application_helper.rb:16: syntax error, unexpected '<'
app/helpers/application_helper.rb:16: syntax error, unexpected tLABEL, expecting `do' or '{' or '('
app/helpers/application_helper.rb:17: syntax error, unexpected local variable or method, expecting `end'
app/helpers/application_helper.rb:17: syntax error, unexpected string literal, expecting `end'
app/helpers/application_helper.rb:18: syntax error, unexpected constant, expecting `end'
app/helpers/application_helper.rb:20: unknown regexp options - pa
app/helpers/application_helper.rb:21: syntax error, unexpected '<'
app/helpers/application_helper.rb:21: syntax error, unexpected '>'
app/helpers/application_helper.rb:23: unknown regexp options - ftr
app/helpers/application_helper.rb:24: syntax error, unexpected '<'
app/helpers/application_helper.rb:24: syntax error, unexpected '>'
app/helpers/application_helper.rb:14: syntax error, unexpected '<', expecting `end'
app/helpers/application_helper.rb:14: syntax error, unexpected method, expecting `end'
app/helpers/application_helper.rb:16: syntax error, unexpected '<'
app/helpers/application_helper.rb:16: syntax error, unexpected tLABEL, expecting `do' or '{' or '('
app/helpers/application_helper.rb:17: syntax error, unexpected local variable or method, expecting `end'
app/helpers/application_helper.rb:17: syntax error, unexpected string literal, expecting `end'
app/helpers/application_helper.rb:18: syntax error, unexpected constant, expecting `end'
app/helpers/application_helper.rb:20: unknown regexp options - pa
app/helpers/application_helper.rb:21: syntax error, unexpected '<'
app/helpers/application_helper.rb:21: syntax error, unexpected '>'
app/helpers/application_helper.rb:23: unknown regexp options - ftr
app/helpers/application_helper.rb:24: syntax error, unexpected '<'
app/helpers/application_helper.rb:24: syntax error, unexpected '>'
app/controllers/application_controller.rb:1:in `<main>'
app/controllers/posts_controller.rb:1:in `<main>'
Started GET "/" for 127.0.0.1 at 2021-02-24 12:47:46 +0100
  [1m[35m (0.2ms)[0m  [1m[34mSELECT sqlite_version(*)[0m
  
SyntaxError (/home/kamwa/members-only/app/helpers/application_helper.rb:4: syntax error, unexpected '<', expecting `end'
    <% if user_signed_in? %>
    ^
/home/kamwa/members-only/app/helpers/application_helper.rb:4: syntax error, unexpected method, expecting `end'
    <% if user_signed_in? %>
          ^~~~~~~~~~~~~~~
/home/kamwa/members-only/app/helpers/application_helper.rb:6: syntax error, unexpected '<'
                <small>Posted by: 
                ^
/home/kamwa/members-only/app/helpers/application_helper.rb:6: syntax error, unexpected tLABEL, expecting `do' or '{' or '('
...              <small>Posted by: 
...                            ^~~
/home/kamwa/members-only/app/helpers/application_helper.rb:7: syntax error, unexpected local variable or method, expecting `end'
...             <% if current_user.id == post.user.id %>
...                   ^~~~~~~~~~~~
/home/kamwa/members-only/app/helpers/application_helper.rb:7: syntax error, unexpected string literal, expecting `end'
...rent_user.id == post.user.id %>
...                             ^~
/home/kamwa/members-only/app/helpers/application_helper.rb:8: syntax error, unexpected constant, expecting `end'
...an class="font-weight-bold">You</span>
...                            ^~~
/home/kamwa/members-only/app/helpers/application_helper.rb:10: unknown regexp options - pa
...ld"><%= post.user.name %></span>
...                          ^~~~~
/home/kamwa/members-only/app/helpers/application_helper.rb:11: syntax error, unexpected '<'
                    <% end %>
                    ^
/home/kamwa/members-only/app/helpers/application_helper.rb:11: syntax error, unexpected '>'
                    <% end %>
                            ^
/home/kamwa/members-only/app/helpers/application_helper.rb:13: unknown regexp options - ftr
            </footer>
             ^~~~~~~
/home/kamwa/members-only/app/helpers/application_helper.rb:14: syntax error, unexpected '<'
    <% end %>
    ^
/home/kamwa/members-only/app/helpers/application_helper.rb:14: syntax error, unexpected '>'
    <% end %>
            ^
):
  
app/helpers/application_helper.rb:4: syntax error, unexpected '<', expecting `end'
app/helpers/application_helper.rb:4: syntax error, unexpected method, expecting `end'
app/helpers/application_helper.rb:6: syntax error, unexpected '<'
app/helpers/application_helper.rb:6: syntax error, unexpected tLABEL, expecting `do' or '{' or '('
app/helpers/application_helper.rb:7: syntax error, unexpected local variable or method, expecting `end'
app/helpers/application_helper.rb:7: syntax error, unexpected string literal, expecting `end'
app/helpers/application_helper.rb:8: syntax error, unexpected constant, expecting `end'
app/helpers/application_helper.rb:10: unknown regexp options - pa
app/helpers/application_helper.rb:11: syntax error, unexpected '<'
app/helpers/application_helper.rb:11: syntax error, unexpected '>'
app/helpers/application_helper.rb:13: unknown regexp options - ftr
app/helpers/application_helper.rb:14: syntax error, unexpected '<'
app/helpers/application_helper.rb:14: syntax error, unexpected '>'
app/helpers/application_helper.rb:4: syntax error, unexpected '<', expecting `end'
app/helpers/application_helper.rb:4: syntax error, unexpected method, expecting `end'
app/helpers/application_helper.rb:6: syntax error, unexpected '<'
app/helpers/application_helper.rb:6: syntax error, unexpected tLABEL, expecting `do' or '{' or '('
app/helpers/application_helper.rb:7: syntax error, unexpected local variable or method, expecting `end'
app/helpers/application_helper.rb:7: syntax error, unexpected string literal, expecting `end'
app/helpers/application_helper.rb:8: syntax error, unexpected constant, expecting `end'
app/helpers/application_helper.rb:10: unknown regexp options - pa
app/helpers/application_helper.rb:11: syntax error, unexpected '<'
app/helpers/application_helper.rb:11: syntax error, unexpected '>'
app/helpers/application_helper.rb:13: unknown regexp options - ftr
app/helpers/application_helper.rb:14: syntax error, unexpected '<'
app/helpers/application_helper.rb:14: syntax error, unexpected '>'
app/helpers/application_helper.rb:4: syntax error, unexpected '<', expecting `end'
app/helpers/application_helper.rb:4: syntax error, unexpected method, expecting `end'
app/helpers/application_helper.rb:6: syntax error, unexpected '<'
app/helpers/application_helper.rb:6: syntax error, unexpected tLABEL, expecting `do' or '{' or '('
app/helpers/application_helper.rb:7: syntax error, unexpected local variable or method, expecting `end'
app/helpers/application_helper.rb:7: syntax error, unexpected string literal, expecting `end'
app/helpers/application_helper.rb:8: syntax error, unexpected constant, expecting `end'
app/helpers/application_helper.rb:10: unknown regexp options - pa
app/helpers/application_helper.rb:11: syntax error, unexpected '<'
app/helpers/application_helper.rb:11: syntax error, unexpected '>'
app/helpers/application_helper.rb:13: unknown regexp options - ftr
app/helpers/application_helper.rb:14: syntax error, unexpected '<'
app/helpers/application_helper.rb:14: syntax error, unexpected '>'
app/controllers/application_controller.rb:1:in `<main>'
app/controllers/posts_controller.rb:1:in `<main>'
Started GET "/" for 127.0.0.1 at 2021-02-24 13:33:57 +0100
  [1m[35m (0.2ms)[0m  [1m[34mSELECT sqlite_version(*)[0m
Processing by PostsController#index as HTML
  Rendering posts/index.html.erb within layouts/application
  [1m[36mPost Load (3.4ms)[0m  [1m[34mSELECT "posts".* FROM "posts"[0m
  â†³ app/views/posts/index.html.erb:3
  Rendered posts/index.html.erb within layouts/application (Duration: 66.6ms | Allocations: 3845)
[Webpacker] Everything's up-to-date. Nothing to do
  [1m[36mUser Load (1.9ms)[0m  [1m[34mSELECT "users".* FROM "users" WHERE "users"."id" = ? ORDER BY "users"."id" ASC LIMIT ?[0m  [["id", 3], ["LIMIT", 1]]
  â†³ app/views/layouts/application.html.erb:25
Completed 200 OK in 227ms (Views: 206.2ms | ActiveRecord: 5.3ms | Allocations: 15305)


Started GET "/comments" for 127.0.0.1 at 2021-02-24 13:34:12 +0100
  
ActionController::RoutingError (No route matches [GET] "/comments"):
  
actionpack (6.0.3.5) lib/action_dispatch/middleware/debug_exceptions.rb:36:in `call'
web-console (4.1.0) lib/web_console/middleware.rb:132:in `call_app'
web-console (4.1.0) lib/web_console/middleware.rb:28:in `block in call'
web-console (4.1.0) lib/web_console/middleware.rb:17:in `catch'
web-console (4.1.0) lib/web_console/middleware.rb:17:in `call'
actionpack (6.0.3.5) lib/action_dispatch/middleware/show_exceptions.rb:33:in `call'
railties (6.0.3.5) lib/rails/rack/logger.rb:37:in `call_app'
railties (6.0.3.5) lib/rails/rack/logger.rb:26:in `block in call'
activesupport (6.0.3.5) lib/active_support/tagged_logging.rb:80:in `block in tagged'
activesupport (6.0.3.5) lib/active_support/tagged_logging.rb:28:in `tagged'
activesupport (6.0.3.5) lib/active_support/tagged_logging.rb:80:in `tagged'
railties (6.0.3.5) lib/rails/rack/logger.rb:26:in `call'
sprockets-rails (3.2.2) lib/sprockets/rails/quiet_assets.rb:13:in `call'
actionpack (6.0.3.5) lib/action_dispatch/middleware/remote_ip.rb:81:in `call'
actionpack (6.0.3.5) lib/action_dispatch/middleware/request_id.rb:27:in `call'
rack (2.2.3) lib/rack/method_override.rb:24:in `call'
rack (2.2.3) lib/rack/runtime.rb:22:in `call'
activesupport (6.0.3.5) lib/active_support/cache/strategy/local_cache_middleware.rb:29:in `call'
actionpack (6.0.3.5) lib/action_dispatch/middleware/executor.rb:14:in `call'
actionpack (6.0.3.5) lib/action_dispatch/middleware/static.rb:126:in `call'
rack (2.2.3) lib/rack/sendfile.rb:110:in `call'
actionpack (6.0.3.5) lib/action_dispatch/middleware/host_authorization.rb:82:in `call'
webpacker (4.3.0) lib/webpacker/dev_server_proxy.rb:23:in `perform_request'
rack-proxy (0.6.5) lib/rack/proxy.rb:57:in `call'
railties (6.0.3.5) lib/rails/engine.rb:527:in `call'
puma (4.3.7) lib/puma/configuration.rb:228:in `call'
puma (4.3.7) lib/puma/server.rb:713:in `handle_request'
puma (4.3.7) lib/puma/server.rb:472:in `process_client'
puma (4.3.7) lib/puma/server.rb:328:in `block in run'
puma (4.3.7) lib/puma/thread_pool.rb:134:in `block in spawn_thread'
Started GET "/" for 127.0.0.1 at 2021-02-24 13:38:14 +0100
  [1m[35m (0.2ms)[0m  [1m[34mSELECT sqlite_version(*)[0m
Processing by PostsController#index as HTML
  Rendering posts/index.html.erb within layouts/application
  [1m[36mPost Load (0.4ms)[0m  [1m[34mSELECT "posts".* FROM "posts"[0m
  â†³ app/views/posts/index.html.erb:3
  Rendered posts/index.html.erb within layouts/application (Duration: 96.6ms | Allocations: 3980)
[Webpacker] Everything's up-to-date. Nothing to do
  [1m[36mUser Load (0.5ms)[0m  [1m[34mSELECT "users".* FROM "users" WHERE "users"."id" = ? ORDER BY "users"."id" ASC LIMIT ?[0m  [["id", 3], ["LIMIT", 1]]
  â†³ app/views/layouts/application.html.erb:25
Completed 200 OK in 476ms (Views: 419.0ms | ActiveRecord: 4.3ms | Allocations: 14636)


Started GET "/" for 127.0.0.1 at 2021-02-24 13:54:34 +0100
  [1m[35m (0.2ms)[0m  [1m[34mSELECT sqlite_version(*)[0m
Processing by PostsController#index as HTML
  Rendering posts/index.html.erb within layouts/application
  [1m[36mPost Load (11.5ms)[0m  [1m[34mSELECT "posts".* FROM "posts"[0m
  â†³ app/views/posts/_post.html.erb:2
  [1m[36mUser Load (1.0ms)[0m  [1m[34mSELECT "users".* FROM "users" WHERE "users"."id" = ? ORDER BY "users"."id" ASC LIMIT ?[0m  [["id", 3], ["LIMIT", 1]]
  â†³ app/views/posts/_post.html.erb:10
  [1m[36mUser Load (0.4ms)[0m  [1m[34mSELECT "users".* FROM "users" WHERE "users"."id" = ? LIMIT ?[0m  [["id", 1], ["LIMIT", 1]]
  â†³ app/views/posts/_post.html.erb:13
  [1m[36mUser Load (5.7ms)[0m  [1m[34mSELECT "users".* FROM "users" WHERE "users"."id" = ? LIMIT ?[0m  [["id", 3], ["LIMIT", 1]]
  â†³ app/views/posts/_post.html.erb:13
  Rendered posts/_post.html.erb (Duration: 282.4ms | Allocations: 11935)
  Rendered posts/index.html.erb within layouts/application (Duration: 285.6ms | Allocations: 12223)
[Webpacker] Everything's up-to-date. Nothing to do
Completed 200 OK in 411ms (Views: 348.3ms | ActiveRecord: 18.5ms | Allocations: 17899)


